#
# A fatal error has been detected by the Java Runtime Environment:
#
#  EXCEPTION_ACCESS_VIOLATION (0xc0000005) at pc=0xffffffffa38d5120, pid=4992, tid=4952
#
# JRE version: Java(TM) SE Runtime Environment (8.0_45-b15) (build 1.8.0_45-b15)
# Java VM: Java HotSpot(TM) 64-Bit Server VM (25.45-b02 mixed mode windows-amd64 compressed oops)
# Problematic frame:
# C  0xffffffffa38d5120
#
# Failed to write core dump. Minidumps are not enabled by default on client versions of Windows
#
# If you would like to submit a bug report, please visit:
#   http://bugreport.java.com/bugreport/crash.jsp
#

---------------  T H R E A D  ---------------

Current thread (0x00000000020ff800):  JavaThread "main" [_thread_in_Java, id=4952, stack(0x0000000002500000,0x0000000002600000)]

siginfo: ExceptionCode=0xc0000005, ExceptionInformation=0x0000000000000008 0xffffffffa38d5120

Registers:
RAX=0x00000000148207b0, RBX=0x0000000054c94230, RCX=0x0000000054d35100, RDX=0x00000000eb51f6c0
RSP=0x00000000025fe728, RBP=0x00000000025fe828, RSI=0x0000000000000001, RDI=0x0000000000000000
R8 =0x00000000eb541830, R9 =0x00000000148207b0, R10=0x000000006b6fbba0, R11=0x0000000002acbd80
R12=0x0000000000000000, R13=0x00000000025fe7d8, R14=0x00000000025fe850, R15=0x00000000020ff800
RIP=0xffffffffa38d5120, EFLAGS=0x0000000000010202

Top of Stack: (sp=0x00000000025fe728)
0x00000000025fe728:   0000000002acc0ac 00000000eb541628
0x00000000025fe738:   0000000002afc2c8 00000000025fe7a0
0x00000000025fe748:   00000000028d7a01 00000000028d7a01
0x00000000025fe758:   00000000eb541628 00000000025fe760
0x00000000025fe768:   00000000029e97d9 00000000025fe830
0x00000000025fe778:   0000000002a6108c 00000000025fe7f8
0x00000000025fe788:   0000000100000000 00000000eb51f5a8
0x00000000025fe798:   00000000eb541830 00000000eb541758
0x00000000025fe7a8:   0000000000000001 00000000eb541830
0x00000000025fe7b8:   000000005495b450 00000000025fe828
0x00000000025fe7c8:   00000000028d7a01 00000000028d7a01
0x00000000025fe7d8:   00000000eb541830 00000000eb51f5a8
0x00000000025fe7e8:   00000000025fe7e8 0000000054c9077d
0x00000000025fe7f8:   00000000025fe850 0000000054c945d8
0x00000000025fe808:   0000000054d4de80 0000000054c907c0
0x00000000025fe818:   00000000025fe7d8 00000000025fe848 

Instructions: (pc=0xffffffffa38d5120)
0xffffffffa38d5100:   
[error occurred during error reporting (printing registers, top of stack, instructions near pc), id 0xc0000005]

Register to memory mapping:

RAX=0x00000000148207b0 is pointing into metadata
RBX={method} {0x0000000054c94238} 'accept' '(Lcom/android/dx/ssa/SsaInsn$Visitor;)V' in 'com/android/dx/ssa/NormalSsaInsn'
RCX=0x0000000054d35100 is pointing into metadata
RDX=0x00000000eb51f6c0 is an oop
com.android.dx.ssa.NormalSsaInsn 
 - klass: 'com/android/dx/ssa/NormalSsaInsn'
RSP=0x00000000025fe728 is pointing into the stack for thread: 0x00000000020ff800
RBP=0x00000000025fe828 is pointing into the stack for thread: 0x00000000020ff800
RSI=0x0000000000000001 is an unknown value
RDI=0x0000000000000000 is an unknown value
R8 =0x00000000eb541830 is an oop
com.android.dx.ssa.back.FirstFitLocalCombiningAllocator$1 
 - klass: 'com/android/dx/ssa/back/FirstFitLocalCombiningAllocator$1'
R9 =0x00000000148207b0 is pointing into metadata
R10=0x000000006b6fbba0 is an unknown value
R11=0x0000000002acbd80 is at entry_point+32 in (nmethod*)0x0000000002acbb90
R12=0x0000000000000000 is an unknown value
R13=0x00000000025fe7d8 is pointing into the stack for thread: 0x00000000020ff800
R14=0x00000000025fe850 is pointing into the stack for thread: 0x00000000020ff800
R15=0x00000000020ff800 is a thread


Stack: [0x0000000002500000,0x0000000002600000],  sp=0x00000000025fe728,  free space=1017k
Native frames: (J=compiled Java code, j=interpreted, Vv=VM code, C=native code)
C  0xffffffffa38d5120


---------------  P R O C E S S  ---------------

Java Threads: ( => current thread )
  0x0000000056c92000 JavaThread "Service Thread" daemon [_thread_blocked, id=3708, stack(0x0000000057210000,0x0000000057310000)]
  0x0000000056c10800 JavaThread "C1 CompilerThread2" daemon [_thread_blocked, id=4596, stack(0x00000000570d0000,0x00000000571d0000)]
  0x000000005519e800 JavaThread "C2 CompilerThread1" daemon [_thread_blocked, id=3900, stack(0x0000000056b10000,0x0000000056c10000)]
  0x0000000055197800 JavaThread "C2 CompilerThread0" daemon [_thread_blocked, id=4396, stack(0x00000000569b0000,0x0000000056ab0000)]
  0x0000000055192800 JavaThread "Attach Listener" daemon [_thread_blocked, id=4524, stack(0x00000000567f0000,0x00000000568f0000)]
  0x0000000055191000 JavaThread "Signal Dispatcher" daemon [_thread_blocked, id=1924, stack(0x00000000566e0000,0x00000000567e0000)]
  0x0000000055137000 JavaThread "Finalizer" daemon [_thread_blocked, id=4872, stack(0x0000000056520000,0x0000000056620000)]
  0x0000000055130000 JavaThread "Reference Handler" daemon [_thread_blocked, id=3672, stack(0x0000000056240000,0x0000000056340000)]
=>0x00000000020ff800 JavaThread "main" [_thread_in_Java, id=4952, stack(0x0000000002500000,0x0000000002600000)]

Other Threads:
  0x000000005512a800 VMThread [stack: 0x00000000560d0000,0x00000000561d0000] [id=4368]
  0x0000000056c9c000 WatcherThread [stack: 0x0000000057380000,0x0000000057480000] [id=2752]

VM state:not at safepoint (normal execution)

VM Mutex/Monitor currently owned by a thread: None

Heap:
 PSYoungGen      total 18944K, used 10797K [0x00000000eab00000, 0x00000000ec000000, 0x0000000100000000)
  eden space 16384K, 65% used [0x00000000eab00000,0x00000000eb58b428,0x00000000ebb00000)
  from space 2560K, 0% used [0x00000000ebd80000,0x00000000ebd80000,0x00000000ec000000)
  to   space 2560K, 0% used [0x00000000ebb00000,0x00000000ebb00000,0x00000000ebd80000)
 ParOldGen       total 44032K, used 0K [0x00000000c0000000, 0x00000000c2b00000, 0x00000000eab00000)
  object space 44032K, 0% used [0x00000000c0000000,0x00000000c0000000,0x00000000c2b00000)
 Metaspace       used 5154K, capacity 6512K, committed 6784K, reserved 1056768K
  class space    used 545K, capacity 616K, committed 640K, reserved 1048576K

Card table byte_map: [0x0000000011c90000,0x0000000011ea0000] byte_map_base: 0x0000000011690000

Marking Bits: (ParMarkBitMap*) 0x000000006b714040
 Begin Bits: [0x00000000125a0000, 0x00000000135a0000)
 End Bits:   [0x00000000135a0000, 0x00000000145a0000)

Polling page: 0x0000000000340000

CodeCache: size=245760Kb used=2595Kb max_used=2595Kb free=243164Kb
 bounds [0x00000000028d0000, 0x0000000002b60000, 0x00000000118d0000]
 total_blobs=945 nmethods=682 adapters=178
 compilation: enabled

Compilation events (10 events):
Event: 0.465 Thread 0x0000000056c10800  676       3       com.android.dx.rop.code.RopMethod::labelToPredecessors (54 bytes)
Event: 0.465 Thread 0x0000000056c10800 nmethod 676 0x0000000002b55f10 code [0x0000000002b56100, 0x0000000002b569f8]
Event: 0.466 Thread 0x0000000056c10800  660       1       com.android.dx.rop.type.Prototype::getDescriptor (5 bytes)
Event: 0.466 Thread 0x0000000056c10800 nmethod 660 0x0000000002b4e790 code [0x0000000002b4e8e0, 0x0000000002b4e9f0]
Event: 0.466 Thread 0x0000000056c10800  666       3       com.android.dx.rop.code.Rop::hashCode (54 bytes)
Event: 0.466 Thread 0x0000000056c10800 nmethod 666 0x0000000002b55710 code [0x0000000002b558a0, 0x0000000002b55d68]
Event: 0.466 Thread 0x0000000056c10800  663       1       com.android.dx.util.MutabilityControl::isMutable (5 bytes)
Event: 0.466 Thread 0x0000000056c10800 nmethod 663 0x0000000002b4e4d0 code [0x0000000002b4e620, 0x0000000002b4e730]
Event: 0.466 Thread 0x0000000056c10800  679       1       com.android.dx.ssa.SsaRenamer::access$700 (5 bytes)
Event: 0.466 Thread 0x0000000056c10800 nmethod 679 0x0000000002b5b6d0 code [0x0000000002b5b820, 0x0000000002b5b910]

GC Heap History (0 events):
No events

Deoptimization events (1 events):
Event: 0.405 Thread 0x00000000020ff800 Uncommon trap: reason=unstable_if action=reinterpret pc=0x0000000002a86a78 method=com.android.dx.rop.cst.CstFieldRef.compareTo0(Lcom/android/dx/rop/cst/Constant;)I @ 7

Internal exceptions (2 events):
Event: 0.038 Thread 0x00000000020ff800 Exception <a 'java/lang/NoSuchMethodError': Method sun.misc.Unsafe.defineClass(Ljava/lang/String;[BII)Ljava/lang/Class; name or signature does not match> (0x00000000eab12d80) thrown at [C:\re\workspace\8-2-build-windows-amd64-cygwin\jdk8u45\3627\hotspot\sr∆ÍM†V£?
Event: 0.038 Thread 0x00000000020ff800 Exception <a 'java/lang/NoSuchMethodError': Method sun.misc.Unsafe.prefetchRead(Ljava/lang/Object;J)V name or signature does not match> (0x00000000eab13010) thrown at [C:\re\workspace\8-2-build-windows-amd64-cygwin\jdk8u45\3627\hotspot\src\share\vm\prims\j

Events (10 events):
Event: 0.432 loading class com/android/dx/cf/code/Ropper$ExceptionHandlerSetup
Event: 0.432 loading class com/android/dx/cf/code/Ropper$ExceptionHandlerSetup done
Event: 0.435 loading class java/util/HashMap$Values
Event: 0.435 loading class java/util/HashMap$Values done
Event: 0.435 loading class java/util/HashMap$ValueIterator
Event: 0.435 loading class java/util/HashMap$ValueIterator done
Event: 0.446 loading class com/android/dx/cf/direct/DirectClassFile$DcfTypeList
Event: 0.446 loading class com/android/dx/cf/direct/DirectClassFile$DcfTypeList done
Event: 0.448 loading class com/android/dx/cf/attrib/AttEnclosingMethod
Event: 0.448 loading class com/android/dx/cf/attrib/AttEnclosingMethod done


Dynamic libraries:
0x000000013fe30000 - 0x000000013fe67000 	C:\Program Files\Java\jdk1.8.0_45\bin\java.exe
0x00000000775b0000 - 0x0000000077759000 	C:\Windows\SYSTEM32\ntdll.dll
0x0000000077390000 - 0x00000000774af000 	C:\Windows\system32\kernel32.dll
0x000007fefd6c0000 - 0x000007fefd72b000 	C:\Windows\system32\KERNELBASE.dll
0x000007fefe240000 - 0x000007fefe31b000 	C:\Windows\system32\ADVAPI32.dll
0x000007fefda00000 - 0x000007fefda9f000 	C:\Windows\system32\msvcrt.dll
0x000007feff7d0000 - 0x000007feff7ef000 	C:\Windows\SYSTEM32\sechost.dll
0x000007fefd730000 - 0x000007fefd85d000 	C:\Windows\system32\RPCRT4.dll
0x00000000774b0000 - 0x00000000775aa000 	C:\Windows\system32\USER32.dll
0x000007fefd930000 - 0x000007fefd997000 	C:\Windows\system32\GDI32.dll
0x000007fefe230000 - 0x000007fefe23e000 	C:\Windows\system32\LPK.dll
0x000007fefd860000 - 0x000007fefd929000 	C:\Windows\system32\USP10.dll
0x000007fefbce0000 - 0x000007fefbed4000 	C:\Windows\WinSxS\amd64_microsoft.windows.common-controls_6595b64144ccf1df_6.0.7601.17514_none_fa396087175ac9ac\COMCTL32.dll
0x000007fefe320000 - 0x000007fefe391000 	C:\Windows\system32\SHLWAPI.dll
0x000007fefe3a0000 - 0x000007fefe3ce000 	C:\Windows\system32\IMM32.DLL
0x000007feff1e0000 - 0x000007feff2e9000 	C:\Windows\system32\MSCTF.dll
0x000000006b7a0000 - 0x000000006b872000 	C:\Program Files\Java\jdk1.8.0_45\jre\bin\msvcr100.dll
0x000000006af10000 - 0x000000006b793000 	C:\Program Files\Java\jdk1.8.0_45\jre\bin\server\jvm.dll
0x000007fef1cf0000 - 0x000007fef1cf9000 	C:\Windows\system32\WSOCK32.dll
0x000007feff5a0000 - 0x000007feff5ed000 	C:\Windows\system32\WS2_32.dll
0x000007feff7f0000 - 0x000007feff7f8000 	C:\Windows\system32\NSI.dll
0x000007fefa1c0000 - 0x000007fefa1fb000 	C:\Windows\system32\WINMM.dll
0x000007fefc440000 - 0x000007fefc44c000 	C:\Windows\system32\VERSION.dll
0x0000000077770000 - 0x0000000077777000 	C:\Windows\system32\PSAPI.DLL
0x000000006c700000 - 0x000000006c70f000 	C:\Program Files\Java\jdk1.8.0_45\jre\bin\verify.dll
0x000000006b930000 - 0x000000006b959000 	C:\Program Files\Java\jdk1.8.0_45\jre\bin\java.dll
0x000000006b910000 - 0x000000006b926000 	C:\Program Files\Java\jdk1.8.0_45\jre\bin\zip.dll
0x000007fefe450000 - 0x000007feff1d8000 	C:\Windows\system32\SHELL32.dll
0x000007feff390000 - 0x000007feff593000 	C:\Windows\system32\ole32.dll
0x000007fefd380000 - 0x000007fefd38f000 	C:\Windows\system32\profapi.dll
0x000007fef9160000 - 0x000007fef9285000 	C:\Windows\system32\dbghelp.dll

VM Arguments:
jvm_args: -Xmx1024M -Dfile.encoding=windows-1251 -Duser.country=US -Duser.language=en -Duser.variant 
java_command: com.android.dx.command.Main --dex --output D:\Common\Android_Studio\SME.01\app\build\intermediates\dex\debug D:\Common\Android_Studio\SME.01\app\build\intermediates\classes\debug D:\Common\Android_Studio\SME.01\app\build\intermediates\pre-dexed\debug\support-annotations-22.1.1-41ab8513b7f80be0975518415e60e00679e0c6f7.jar D:\Common\Android_Studio\SME.01\app\build\intermediates\pre-dexed\debug\internal_impl-22.1.1-5d0479b0cc14f3ee6b53255008b2be1ce46dd164.jar D:\Common\Android_Studio\SME.01\app\build\intermediates\pre-dexed\debug\classes-b4764924845c4990dd1c7b8ee71f67ad756e731b.jar D:\Common\Android_Studio\SME.01\app\build\intermediates\pre-dexed\debug\classes-38118fcf04cbef3ffd6dd00a7e6dff7a1ea1da01.jar
java_class_path (initial): D:\Users\User\AppData\Local\Android\sdk1\build-tools\22.0.1\lib\dx.jar
Launcher Type: SUN_STANDARD

Environment Variables:
JAVA_HOME=C:\Program Files\Java\jdk1.7.0_79
PATH=C:\ProgramData\Oracle\Java\javapath;C:\PROGRA~2\Borland\CBUILD~1\Bin;C:\PROGRA~2\Borland\CBUILD~1\Projects\Bpl;C:\Windows\system32;C:\Windows;C:\Windows\System32\Wbem;C:\Windows\System32\WindowsPowerShell\v1.0\;C:\Program Files (x86)\Skype\Phone\;C:\Program Files (x86)\nodejs\;C:\Program Files (x86)\Microsoft SQL Server\100\Tools\Binn\;C:\Program Files\Microsoft SQL Server\100\Tools\Binn\;C:\Program Files\Microsoft SQL Server\100\DTS\Binn\;C:\Program Files (x86)\Windows Kits\8.1\Windows Performance Toolkit\;C:\Program Files\Microsoft SQL Server\110\Tools\Binn\;C:\Users\User\AppData\Roaming\npm;C:\Program Files\Java\jdk1.7.0_79\bin;D:\Grails_Groovy\grails-2.5.0\bin;D:\Grails_Groovy\groovy-2.4.3\bin;
USERNAME=User
OS=Windows_NT
PROCESSOR_IDENTIFIER=Intel64 Family 6 Model 15 Stepping 11, GenuineIntel



---------------  S Y S T E M  ---------------

OS: Windows 7 , 64 bit Build 7601 (6.1.7601.18015)

CPU:total 4 (4 cores per cpu, 1 threads per core) family 6 model 15 stepping 11, cmov, cx8, fxsr, mmx, sse, sse2, sse3, ssse3, tsc

Memory: 4k page, physical 4192824k(264292k free), swap 8383784k(3230212k free)

vm_info: Java HotSpot(TM) 64-Bit Server VM (25.45-b02) for windows-amd64 JRE (1.8.0_45-b15), built on Apr 30 2015 12:40:44 by "java_re" with MS VC++ 10.0 (VS2010)

time: Thu Jul 02 15:34:21 2015
elapsed time: 0 seconds (0d 0h 0m 0s)

