#
# A fatal error has been detected by the Java Runtime Environment:
#
#  EXCEPTION_ACCESS_VIOLATION (0xc0000005) at pc=0xffffffffa3845120, pid=2780, tid=4220
#
# JRE version: Java(TM) SE Runtime Environment (8.0_45-b15) (build 1.8.0_45-b15)
# Java VM: Java HotSpot(TM) 64-Bit Server VM (25.45-b02 mixed mode windows-amd64 compressed oops)
# Problematic frame:
# C  0xffffffffa3845120
#
# Failed to write core dump. Minidumps are not enabled by default on client versions of Windows
#
# If you would like to submit a bug report, please visit:
#   http://bugreport.java.com/bugreport/crash.jsp
#

---------------  T H R E A D  ---------------

Current thread (0x000000000232f000):  JavaThread "main" [_thread_in_Java, id=4220, stack(0x00000000023b0000,0x00000000024b0000)]

siginfo: ExceptionCode=0xc0000005, ExceptionInformation=0x0000000000000008 0xffffffffa3845120

Registers:
RAX=0x0000000054cf3f00, RBX=0x0000000054cf3f00, RCX=0x00000000ef3c6240, RDX=0x00000000ef3c6240
RSP=0x00000000024aef68, RBP=0x00000000024aefc8, RSI=0x0000000054cf3f00, RDI=0x0000000000001770
R8 =0x00000000c031a348, R9 =0x0000000002327d10, R10=0x000000006a00bba0, R11=0x0000000003197340
R12=0x0000000000000000, R13=0x00000000024aef78, R14=0x0000000000000000, R15=0x000000000232f000
RIP=0xffffffffa3845120, EFLAGS=0x0000000000010202

Top of Stack: (sp=0x00000000024aef68)
0x00000000024aef68:   0000000002847a01 0000000002847a01
0x00000000024aef78:   00000000c031a348 00000000ef3c6240
0x00000000024aef88:   00000000024aef88 0000000054b8d424
0x00000000024aef98:   00000000024aeff8 0000000054b92028
0x00000000024aefa8:   0000000000000000 0000000054b8d480
0x00000000024aefb8:   00000000024aef78 00000000024aeff8
0x00000000024aefc8:   00000000024af040 0000000002847a01
0x00000000024aefd8:   00000000ef3c6240 0000000000002162
0x00000000024aefe8:   0000000000001024 00000000c031a348
0x00000000024aeff8:   00000000c03bd028 00000000024af000
0x00000000024af008:   0000000054b8b615 00000000024af050
0x00000000024af018:   0000000054b8f560 0000000000000000
0x00000000024af028:   0000000054b8b638 00000000024aeff8
0x00000000024af038:   00000000024af050 00000000024af098
0x00000000024af048:   0000000002847a01 00000000c03bd028
0x00000000024af058:   00000000024af058 0000000054b86762 

Instructions: (pc=0xffffffffa3845120)
0xffffffffa3845100:   
[error occurred during error reporting (printing registers, top of stack, instructions near pc), id 0xc0000005]

Register to memory mapping:

RAX={method} {0x0000000054cf3f08} 'addContents' '(Lcom/android/dx/dex/file/DexFile;)V' in 'com/android/dx/dex/file/StringDataItem'
RBX={method} {0x0000000054cf3f08} 'addContents' '(Lcom/android/dx/dex/file/DexFile;)V' in 'com/android/dx/dex/file/StringDataItem'
RCX=0x00000000ef3c6240 is an oop
com.android.dx.dex.file.StringDataItem 
 - klass: 'com/android/dx/dex/file/StringDataItem'
RDX=0x00000000ef3c6240 is an oop
com.android.dx.dex.file.StringDataItem 
 - klass: 'com/android/dx/dex/file/StringDataItem'
RSP=0x00000000024aef68 is pointing into the stack for thread: 0x000000000232f000
RBP=0x00000000024aefc8 is pointing into the stack for thread: 0x000000000232f000
RSI={method} {0x0000000054cf3f08} 'addContents' '(Lcom/android/dx/dex/file/DexFile;)V' in 'com/android/dx/dex/file/StringDataItem'
RDI=0x0000000000001770 is an unknown value
R8 =0x00000000c031a348 is an oop
com.android.dx.dex.file.DexFile 
 - klass: 'com/android/dx/dex/file/DexFile'
R9 =0x0000000002327d10 is an unknown value
R10=0x000000006a00bba0 is an unknown value
R11=0x0000000003197340 is at entry_point+32 in (nmethod*)0x00000000031971d0
R12=0x0000000000000000 is an unknown value
R13=0x00000000024aef78 is pointing into the stack for thread: 0x000000000232f000
R14=0x0000000000000000 is an unknown value
R15=0x000000000232f000 is a thread


Stack: [0x00000000023b0000,0x00000000024b0000],  sp=0x00000000024aef68,  free space=1019k
Native frames: (J=compiled Java code, j=interpreted, Vv=VM code, C=native code)
C  0xffffffffa3845120


---------------  P R O C E S S  ---------------

Java Threads: ( => current thread )
  0x0000000056bc9800 JavaThread "Service Thread" daemon [_thread_blocked, id=4424, stack(0x00000000572a0000,0x00000000573a0000)]
  0x000000005516f800 JavaThread "C1 CompilerThread2" daemon [_thread_blocked, id=4420, stack(0x0000000057050000,0x0000000057150000)]
  0x000000005516b000 JavaThread "C2 CompilerThread1" daemon [_thread_blocked, id=4416, stack(0x0000000056a50000,0x0000000056b50000)]
  0x0000000055166800 JavaThread "C2 CompilerThread0" daemon [_thread_blocked, id=4404, stack(0x00000000568e0000,0x00000000569e0000)]
  0x0000000055162800 JavaThread "Attach Listener" daemon [_thread_blocked, id=4396, stack(0x0000000056700000,0x0000000056800000)]
  0x0000000055161000 JavaThread "Signal Dispatcher" daemon [_thread_blocked, id=4380, stack(0x00000000561d0000,0x00000000562d0000)]
  0x0000000055107000 JavaThread "Finalizer" daemon [_thread_blocked, id=4336, stack(0x0000000056420000,0x0000000056520000)]
  0x0000000055100000 JavaThread "Reference Handler" daemon [_thread_blocked, id=4320, stack(0x0000000056520000,0x0000000056620000)]
=>0x000000000232f000 JavaThread "main" [_thread_in_Java, id=4220, stack(0x00000000023b0000,0x00000000024b0000)]

Other Threads:
  0x00000000550fa800 VMThread [stack: 0x00000000562e0000,0x00000000563e0000] [id=4308]
  0x0000000056bcd800 WatcherThread [stack: 0x00000000573a0000,0x00000000574a0000] [id=4440]

VM state:synchronizing (normal execution)

VM Mutex/Monitor currently owned by a thread:  ([mutex/lock_event])
[0x000000000232c5f0] Safepoint_lock - owner thread: 0x00000000550fa800
[0x000000000232c670] Threads_lock - owner thread: 0x00000000550fa800

Heap:
 PSYoungGen      total 143872K, used 85644K [0x00000000eab00000, 0x00000000fda00000, 0x0000000100000000)
  eden space 128512K, 59% used [0x00000000eab00000,0x00000000ef5ad038,0x00000000f2880000)
  from space 15360K, 59% used [0x00000000f2880000,0x00000000f3175ff0,0x00000000f3780000)
  to   space 26624K, 0% used [0x00000000fc000000,0x00000000fc000000,0x00000000fda00000)
 ParOldGen       total 86528K, used 43971K [0x00000000c0000000, 0x00000000c5480000, 0x00000000eab00000)
  object space 86528K, 50% used [0x00000000c0000000,0x00000000c2af0fd8,0x00000000c5480000)
 Metaspace       used 6185K, capacity 7216K, committed 7296K, reserved 1056768K
  class space    used 583K, capacity 616K, committed 640K, reserved 1048576K

Card table byte_map: [0x0000000011c00000,0x0000000011e10000] byte_map_base: 0x0000000011600000

Marking Bits: (ParMarkBitMap*) 0x000000006a024040
 Begin Bits: [0x0000000012570000, 0x0000000013570000)
 End Bits:   [0x0000000013570000, 0x0000000014570000)

Polling page: 0x0000000000140000

CodeCache: size=245760Kb used=9638Kb max_used=9653Kb free=236121Kb
 bounds [0x0000000002840000, 0x00000000031c0000, 0x0000000011840000]
 total_blobs=2350 nmethods=2086 adapters=178
 compilation: enabled

Compilation events (10 events):
Event: 30.534 Thread 0x000000005516f800 2211       2       com.android.dx.rop.cst.CstString::getUtf16Size (8 bytes)
Event: 30.535 Thread 0x000000005516f800 nmethod 2211 0x0000000003196790 code [0x00000000031968e0, 0x0000000003196a30]
Event: 30.535 Thread 0x000000005516f800 2213       2       com.android.dx.rop.cst.CstString::getUtf8Size (8 bytes)
Event: 30.535 Thread 0x000000005516f800 nmethod 2213 0x0000000003196b10 code [0x0000000003196c60, 0x0000000003196db0]
Event: 30.535 Thread 0x000000005516f800 2212       2       com.android.dex.Leb128::unsignedLeb128Size (26 bytes)
Event: 30.535 Thread 0x000000005516f800 nmethod 2212 0x0000000003196e50 code [0x0000000003196fa0, 0x0000000003197130]
Event: 30.539 Thread 0x000000005516f800 2214       2       com.android.dx.dex.file.StringDataItem::addContents (1 bytes)
Event: 30.539 Thread 0x000000005516f800 nmethod 2214 0x00000000031971d0 code [0x0000000003197320, 0x0000000003197470]
Event: 30.539 Thread 0x000000005516f800 2215       1       com.android.dx.dex.file.StringDataItem::addContents (1 bytes)
Event: 30.539 Thread 0x000000005516f800 nmethod 2215 0x0000000003197510 code [0x0000000003197660, 0x0000000003197770]

GC Heap History (10 events):
Event: 7.678 GC heap before
{Heap before GC invocations=4 (full 0):
 PSYoungGen      total 35328K, used 35315K [0x00000000eab00000, 0x00000000ef000000, 0x0000000100000000)
  eden space 32768K, 100% used [0x00000000eab00000,0x00000000ecb00000,0x00000000ecb00000)
  from space 2560K, 99% used [0x00000000ecb00000,0x00000000ecd7cd28,0x00000000ecd80000)
  to   space 2560K, 0% used [0x00000000eed80000,0x00000000eed80000,0x00000000ef000000)
 ParOldGen       total 44032K, used 9233K [0x00000000c0000000, 0x00000000c2b00000, 0x00000000eab00000)
  object space 44032K, 20% used [0x00000000c0000000,0x00000000c0904468,0x00000000c2b00000)
 Metaspace       used 5929K, capacity 7088K, committed 7296K, reserved 1056768K
  class space    used 568K, capacity 616K, committed 640K, reserved 1048576K
Event: 7.958 GC heap after
Heap after GC invocations=4 (full 0):
 PSYoungGen      total 68096K, used 2547K [0x00000000eab00000, 0x00000000ef000000, 0x0000000100000000)
  eden space 65536K, 0% used [0x00000000eab00000,0x00000000eab00000,0x00000000eeb00000)
  from space 2560K, 99% used [0x00000000eed80000,0x00000000eeffcef8,0x00000000ef000000)
  to   space 2560K, 0% used [0x00000000eeb00000,0x00000000eeb00000,0x00000000eed80000)
 ParOldGen       total 44032K, used 14600K [0x00000000c0000000, 0x00000000c2b00000, 0x00000000eab00000)
  object space 44032K, 33% used [0x00000000c0000000,0x00000000c0e42190,0x00000000c2b00000)
 Metaspace       used 5929K, capacity 7088K, committed 7296K, reserved 1056768K
  class space    used 568K, capacity 616K, committed 640K, reserved 1048576K
}
Event: 10.230 GC heap before
{Heap before GC invocations=5 (full 0):
 PSYoungGen      total 68096K, used 68083K [0x00000000eab00000, 0x00000000ef000000, 0x0000000100000000)
  eden space 65536K, 100% used [0x00000000eab00000,0x00000000eeb00000,0x00000000eeb00000)
  from space 2560K, 99% used [0x00000000eed80000,0x00000000eeffcef8,0x00000000ef000000)
  to   space 2560K, 0% used [0x00000000eeb00000,0x00000000eeb00000,0x00000000eed80000)
 ParOldGen       total 44032K, used 14600K [0x00000000c0000000, 0x00000000c2b00000, 0x00000000eab00000)
  object space 44032K, 33% used [0x00000000c0000000,0x00000000c0e42190,0x00000000c2b00000)
 Metaspace       used 5998K, capacity 7088K, committed 7296K, reserved 1056768K
  class space    used 576K, capacity 616K, committed 640K, reserved 1048576K
Event: 11.910 GC heap after
Heap after GC invocations=5 (full 0):
 PSYoungGen      total 68096K, used 2557K [0x00000000eab00000, 0x00000000f4400000, 0x0000000100000000)
  eden space 65536K, 0% used [0x00000000eab00000,0x00000000eab00000,0x00000000eeb00000)
  from space 2560K, 99% used [0x00000000eeb00000,0x00000000eed7f730,0x00000000eed80000)
  to   space 12800K, 0% used [0x00000000f3780000,0x00000000f3780000,0x00000000f4400000)
 ParOldGen       total 44032K, used 24012K [0x00000000c0000000, 0x00000000c2b00000, 0x00000000eab00000)
  object space 44032K, 54% used [0x00000000c0000000,0x00000000c1773200,0x00000000c2b00000)
 Metaspace       used 5998K, capacity 7088K, committed 7296K, reserved 1056768K
  class space    used 576K, capacity 616K, committed 640K, reserved 1048576K
}
Event: 16.526 GC heap before
{Heap before GC invocations=6 (full 0):
 PSYoungGen      total 68096K, used 68093K [0x00000000eab00000, 0x00000000f4400000, 0x0000000100000000)
  eden space 65536K, 100% used [0x00000000eab00000,0x00000000eeb00000,0x00000000eeb00000)
  from space 2560K, 99% used [0x00000000eeb00000,0x00000000eed7f730,0x00000000eed80000)
  to   space 12800K, 0% used [0x00000000f3780000,0x00000000f3780000,0x00000000f4400000)
 ParOldGen       total 44032K, used 24012K [0x00000000c0000000, 0x00000000c2b00000, 0x00000000eab00000)
  object space 44032K, 54% used [0x00000000c0000000,0x00000000c1773200,0x00000000c2b00000)
 Metaspace       used 6017K, capacity 7152K, committed 7296K, reserved 1056768K
  class space    used 576K, capacity 616K, committed 640K, reserved 1048576K
Event: 16.904 GC heap after
Heap after GC invocations=6 (full 0):
 PSYoungGen      total 141312K, used 12786K [0x00000000eab00000, 0x00000000f4900000, 0x0000000100000000)
  eden space 128512K, 0% used [0x00000000eab00000,0x00000000eab00000,0x00000000f2880000)
  from space 12800K, 99% used [0x00000000f3780000,0x00000000f43fc830,0x00000000f4400000)
  to   space 15360K, 0% used [0x00000000f2880000,0x00000000f2880000,0x00000000f3780000)
 ParOldGen       total 44032K, used 24224K [0x00000000c0000000, 0x00000000c2b00000, 0x00000000eab00000)
  object space 44032K, 55% used [0x00000000c0000000,0x00000000c17a8210,0x00000000c2b00000)
 Metaspace       used 6017K, capacity 7152K, committed 7296K, reserved 1056768K
  class space    used 576K, capacity 616K, committed 640K, reserved 1048576K
}
Event: 20.983 GC heap before
{Heap before GC invocations=7 (full 0):
 PSYoungGen      total 141312K, used 141298K [0x00000000eab00000, 0x00000000f4900000, 0x0000000100000000)
  eden space 128512K, 100% used [0x00000000eab00000,0x00000000f2880000,0x00000000f2880000)
  from space 12800K, 99% used [0x00000000f3780000,0x00000000f43fc830,0x00000000f4400000)
  to   space 15360K, 0% used [0x00000000f2880000,0x00000000f2880000,0x00000000f3780000)
 ParOldGen       total 44032K, used 24224K [0x00000000c0000000, 0x00000000c2b00000, 0x00000000eab00000)
  object space 44032K, 55% used [0x00000000c0000000,0x00000000c17a8210,0x00000000c2b00000)
 Metaspace       used 6050K, capacity 7152K, committed 7296K, reserved 1056768K
  class space    used 576K, capacity 616K, committed 640K, reserved 1048576K
Event: 21.613 GC heap after
Heap after GC invocations=7 (full 0):
 PSYoungGen      total 143872K, used 15336K [0x00000000eab00000, 0x00000000fda00000, 0x0000000100000000)
  eden space 128512K, 0% used [0x00000000eab00000,0x00000000eab00000,0x00000000f2880000)
  from space 15360K, 99% used [0x00000000f2880000,0x00000000f377a0b0,0x00000000f3780000)
  to   space 26624K, 0% used [0x00000000fc000000,0x00000000fc000000,0x00000000fda00000)
 ParOldGen       total 44032K, used 41419K [0x00000000c0000000, 0x00000000c2b00000, 0x00000000eab00000)
  object space 44032K, 94% used [0x00000000c0000000,0x00000000c2872d28,0x00000000c2b00000)
 Metaspace       used 6050K, capacity 7152K, committed 7296K, reserved 1056768K
  class space    used 576K, capacity 616K, committed 640K, reserved 1048576K
}
Event: 21.613 GC heap before
{Heap before GC invocations=8 (full 1):
 PSYoungGen      total 143872K, used 15336K [0x00000000eab00000, 0x00000000fda00000, 0x0000000100000000)
  eden space 128512K, 0% used [0x00000000eab00000,0x00000000eab00000,0x00000000f2880000)
  from space 15360K, 99% used [0x00000000f2880000,0x00000000f377a0b0,0x00000000f3780000)
  to   space 26624K, 0% used [0x00000000fc000000,0x00000000fc000000,0x00000000fda00000)
 ParOldGen       total 44032K, used 41419K [0x00000000c0000000, 0x00000000c2b00000, 0x00000000eab00000)
  object space 44032K, 94% used [0x00000000c0000000,0x00000000c2872d28,0x00000000c2b00000)
 Metaspace       used 6050K, capacity 7152K, committed 7296K, reserved 1056768K
  class space    used 576K, capacity 616K, committed 640K, reserved 1048576K
Event: 28.987 GC heap after
Heap after GC invocations=8 (full 1):
 PSYoungGen      total 143872K, used 9175K [0x00000000eab00000, 0x00000000fda00000, 0x0000000100000000)
  eden space 128512K, 0% used [0x00000000eab00000,0x00000000eab00000,0x00000000f2880000)
  from space 15360K, 59% used [0x00000000f2880000,0x00000000f3175ff0,0x00000000f3780000)
  to   space 26624K, 0% used [0x00000000fc000000,0x00000000fc000000,0x00000000fda00000)
 ParOldGen       total 86528K, used 43971K [0x00000000c0000000, 0x00000000c5480000, 0x00000000eab00000)
  object space 86528K, 50% used [0x00000000c0000000,0x00000000c2af0fd8,0x00000000c5480000)
 Metaspace       used 6050K, capacity 7152K, committed 7296K, reserved 1056768K
  class space    used 576K, capacity 616K, committed 640K, reserved 1048576K
}

Deoptimization events (10 events):
Event: 20.246 Thread 0x000000000232f000 Uncommon trap: reason=class_check action=maybe_recompile pc=0x0000000002f7abac method=com.android.dx.cf.code.OneLocalsArray.set(ILcom/android/dx/rop/type/TypeBearer;)V @ 85
Event: 20.246 Thread 0x000000000232f000 Uncommon trap: reason=class_check action=maybe_recompile pc=0x0000000002f7abac method=com.android.dx.cf.code.OneLocalsArray.set(ILcom/android/dx/rop/type/TypeBearer;)V @ 85
Event: 20.320 Thread 0x000000000232f000 Uncommon trap: reason=bimorphic action=maybe_recompile pc=0x0000000002f59bbc method=com.android.dx.ssa.LiteralOpUpgrader.tryReplacingWithConstant(Lcom/android/dx/ssa/NormalSsaInsn;)Z @ 62
Event: 20.324 Thread 0x000000000232f000 Uncommon trap: reason=bimorphic action=maybe_recompile pc=0x0000000002f59bbc method=com.android.dx.ssa.LiteralOpUpgrader.tryReplacingWithConstant(Lcom/android/dx/ssa/NormalSsaInsn;)Z @ 62
Event: 29.153 Thread 0x000000000232f000 Uncommon trap: reason=unstable_if action=reinterpret pc=0x00000000030cebb8 method=com.android.dx.cf.code.BytecodeArray.parseInstruction(ILcom/android/dx/cf/code/BytecodeArray$Visitor;)I @ 1261
Event: 30.241 Thread 0x000000000232f000 Uncommon trap: reason=class_check action=maybe_recompile pc=0x0000000002d82fb4 method=java.util.Arrays.hashCode([Ljava/lang/Object;)I @ 43
Event: 30.259 Thread 0x000000000232f000 Uncommon trap: reason=class_check action=maybe_recompile pc=0x0000000002d82fb4 method=java.util.Arrays.hashCode([Ljava/lang/Object;)I @ 43
Event: 30.259 Thread 0x000000000232f000 Uncommon trap: reason=class_check action=maybe_recompile pc=0x0000000002d82fb4 method=java.util.Arrays.hashCode([Ljava/lang/Object;)I @ 43
Event: 30.259 Thread 0x000000000232f000 Uncommon trap: reason=class_check action=maybe_recompile pc=0x0000000002d82fb4 method=java.util.Arrays.hashCode([Ljava/lang/Object;)I @ 43
Event: 30.259 Thread 0x000000000232f000 Uncommon trap: reason=class_check action=maybe_recompile pc=0x0000000002d6bf68 method=java.util.Arrays.hashCode([Ljava/lang/Object;)I @ 43

Internal exceptions (7 events):
Event: 0.296 Thread 0x000000000232f000 Exception <a 'java/lang/NoSuchMethodError': Method sun.misc.Unsafe.defineClass(Ljava/lang/String;[BII)Ljava/lang/Class; name or signature does not match> (0x00000000eab12f20) thrown at [C:\re\workspace\8-2-build-windows-amd64-cygwin\jdk8u45\3627\hotspot\srô‘±(öÒ?
Event: 0.296 Thread 0x000000000232f000 Exception <a 'java/lang/NoSuchMethodError': Method sun.misc.Unsafe.prefetchRead(Ljava/lang/Object;J)V name or signature does not match> (0x00000000eab131b0) thrown at [C:\re\workspace\8-2-build-windows-amd64-cygwin\jdk8u45\3627\hotspot\src\share\vm\prims\ji[v4@
Event: 5.277 Thread 0x000000000232f000 Implicit null exception at 0x0000000002da7741 to 0x0000000002da8cd9
Event: 6.179 Thread 0x000000000232f000 Implicit null exception at 0x0000000002b9ccd2 to 0x0000000002b9cd71
Event: 7.669 Thread 0x000000000232f000 Exception <a 'java/lang/ArrayIndexOutOfBoundsException': 18> (0x00000000ecaebce0) thrown at [C:\re\workspace\8-2-build-windows-amd64-cygwin\jdk8u45\3627\hotspot\src\share\vm\interpreter\interpreterRuntime.cpp, line 366]
Event: 8.419 Thread 0x000000000232f000 Exception <a 'java/lang/ArrayIndexOutOfBoundsException': 145> (0x00000000ec197838) thrown at [C:\re\workspace\8-2-build-windows-amd64-cygwin\jdk8u45\3627\hotspot\src\share\vm\interpreter\interpreterRuntime.cpp, line 366]
Event: 8.421 Thread 0x000000000232f000 Exception <a 'java/lang/ArrayIndexOutOfBoundsException'> (0x00000000ec198a70) thrown at [C:\re\workspace\8-2-build-windows-amd64-cygwin\jdk8u45\3627\hotspot\src\share\vm\runtime\sharedRuntime.cpp, line 605]

Events (10 events):
Event: 30.312 loading class java/util/HashMap$KeyIterator
Event: 30.312 loading class java/util/HashMap$KeyIterator done
Event: 30.316 loading class com/android/dx/dex/file/CatchStructs
Event: 30.316 loading class com/android/dx/dex/file/CatchStructs done
Event: 30.330 Thread 0x000000000232f000 DEOPT PACKING pc=0x000000000316f27c sp=0x00000000024aee00
Event: 30.330 Thread 0x000000000232f000 DEOPT UNPACKING pc=0x00000000028871bf sp=0x00000000024aeb90 mode 0
Event: 30.465 loading class com/android/dx/dex/file/ProtoIdItem
Event: 30.465 loading class com/android/dx/dex/file/ProtoIdItem done
Event: 30.532 loading class com/android/dex/Leb128
Event: 30.532 loading class com/android/dex/Leb128 done


Dynamic libraries:
0x000000013fa20000 - 0x000000013fa57000 	C:\Program Files\Java\jdk1.8.0_45\bin\java.exe
0x0000000076f60000 - 0x0000000077109000 	C:\Windows\SYSTEM32\ntdll.dll
0x0000000076e40000 - 0x0000000076f5f000 	C:\Windows\system32\kernel32.dll
0x000007fefd010000 - 0x000007fefd07b000 	C:\Windows\system32\KERNELBASE.dll
0x000007fefeaa0000 - 0x000007fefeb7b000 	C:\Windows\system32\ADVAPI32.dll
0x000007fefe1b0000 - 0x000007fefe24f000 	C:\Windows\system32\msvcrt.dll
0x000007fefdf10000 - 0x000007fefdf2f000 	C:\Windows\SYSTEM32\sechost.dll
0x000007fefe970000 - 0x000007fefea9d000 	C:\Windows\system32\RPCRT4.dll
0x0000000076d40000 - 0x0000000076e3a000 	C:\Windows\system32\USER32.dll
0x000007fefe360000 - 0x000007fefe3c7000 	C:\Windows\system32\GDI32.dll
0x000007feff210000 - 0x000007feff21e000 	C:\Windows\system32\LPK.dll
0x000007fefee70000 - 0x000007fefef39000 	C:\Windows\system32\USP10.dll
0x000007fefb690000 - 0x000007fefb884000 	C:\Windows\WinSxS\amd64_microsoft.windows.common-controls_6595b64144ccf1df_6.0.7601.17514_none_fa396087175ac9ac\COMCTL32.dll
0x000007fefedf0000 - 0x000007fefee61000 	C:\Windows\system32\SHLWAPI.dll
0x000007fefeb80000 - 0x000007fefebae000 	C:\Windows\system32\IMM32.DLL
0x000007fefe250000 - 0x000007fefe359000 	C:\Windows\system32\MSCTF.dll
0x000000006ee90000 - 0x000000006ef62000 	C:\Program Files\Java\jdk1.8.0_45\jre\bin\msvcr100.dll
0x0000000069820000 - 0x000000006a0a3000 	C:\Program Files\Java\jdk1.8.0_45\jre\bin\server\jvm.dll
0x000007fef1980000 - 0x000007fef1989000 	C:\Windows\system32\WSOCK32.dll
0x000007feff220000 - 0x000007feff26d000 	C:\Windows\system32\WS2_32.dll
0x000007fefed60000 - 0x000007fefed68000 	C:\Windows\system32\NSI.dll
0x000007fef9310000 - 0x000007fef934b000 	C:\Windows\system32\WINMM.dll
0x000007fefbdf0000 - 0x000007fefbdfc000 	C:\Windows\system32\VERSION.dll
0x0000000077130000 - 0x0000000077137000 	C:\Windows\system32\PSAPI.DLL
0x00000000722f0000 - 0x00000000722ff000 	C:\Program Files\Java\jdk1.8.0_45\jre\bin\verify.dll
0x000000006ee60000 - 0x000000006ee89000 	C:\Program Files\Java\jdk1.8.0_45\jre\bin\java.dll
0x000000006f0d0000 - 0x000000006f0e6000 	C:\Program Files\Java\jdk1.8.0_45\jre\bin\zip.dll
0x000007fefd180000 - 0x000007fefdf08000 	C:\Windows\system32\SHELL32.dll
0x000007fefe680000 - 0x000007fefe883000 	C:\Windows\system32\ole32.dll
0x000007fefcd20000 - 0x000007fefcd2f000 	C:\Windows\system32\profapi.dll
0x000007fef7fd0000 - 0x000007fef80f5000 	C:\Windows\system32\dbghelp.dll

VM Arguments:
jvm_args: -Xmx1024M -Dfile.encoding=windows-1251 -Duser.country=US -Duser.language=en -Duser.variant 
java_command: com.android.dx.command.Main --dex --output D:\Common\Android_Studio\SME.01\app\build\intermediates\pre-dexed\debug\classes-38118fcf04cbef3ffd6dd00a7e6dff7a1ea1da01.jar D:\Common\Android_Studio\SME.01\app\build\intermediates\exploded-aar\com.android.support\support-v4\22.1.1\jars\classes.jar
java_class_path (initial): D:\Users\User\AppData\Local\Android\sdk1\build-tools\22.0.1\lib\dx.jar
Launcher Type: SUN_STANDARD

Environment Variables:
JAVA_HOME=C:\Program Files\Java\jdk1.7.0_79
PATH=C:\ProgramData\Oracle\Java\javapath;C:\PROGRA~2\Borland\CBUILD~1\Bin;C:\PROGRA~2\Borland\CBUILD~1\Projects\Bpl;C:\Windows\system32;C:\Windows;C:\Windows\System32\Wbem;C:\Windows\System32\WindowsPowerShell\v1.0\;C:\Program Files (x86)\Skype\Phone\;C:\Program Files (x86)\nodejs\;C:\Program Files (x86)\Microsoft SQL Server\100\Tools\Binn\;C:\Program Files\Microsoft SQL Server\100\Tools\Binn\;C:\Program Files\Microsoft SQL Server\100\DTS\Binn\;C:\Program Files (x86)\Windows Kits\8.1\Windows Performance Toolkit\;C:\Program Files\Microsoft SQL Server\110\Tools\Binn\;C:\Users\User\AppData\Roaming\npm;C:\Program Files\Java\jdk1.7.0_79\bin;D:\Grails_Groovy\grails-2.5.0\bin;D:\Grails_Groovy\groovy-2.4.3\bin;
USERNAME=User
OS=Windows_NT
PROCESSOR_IDENTIFIER=Intel64 Family 6 Model 15 Stepping 11, GenuineIntel



---------------  S Y S T E M  ---------------

OS: Windows 7 , 64 bit Build 7601 (6.1.7601.18015)

CPU:total 4 (4 cores per cpu, 1 threads per core) family 6 model 15 stepping 11, cmov, cx8, fxsr, mmx, sse, sse2, sse3, ssse3, tsc

Memory: 4k page, physical 4192824k(87436k free), swap 8383784k(2668728k free)

vm_info: Java HotSpot(TM) 64-Bit Server VM (25.45-b02) for windows-amd64 JRE (1.8.0_45-b15), built on Apr 30 2015 12:40:44 by "java_re" with MS VC++ 10.0 (VS2010)

time: Tue Jun 30 07:12:11 2015
elapsed time: 31 seconds (0d 0h 0m 31s)

