#
# A fatal error has been detected by the Java Runtime Environment:
#
#  EXCEPTION_ACCESS_VIOLATION (0xc0000005) at pc=0xffffffffa37b5120, pid=4460, tid=2132
#
# JRE version: Java(TM) SE Runtime Environment (8.0_45-b15) (build 1.8.0_45-b15)
# Java VM: Java HotSpot(TM) 64-Bit Server VM (25.45-b02 mixed mode windows-amd64 compressed oops)
# Problematic frame:
# C  0xffffffffa37b5120
#
# Failed to write core dump. Minidumps are not enabled by default on client versions of Windows
#
# If you would like to submit a bug report, please visit:
#   http://bugreport.java.com/bugreport/crash.jsp
#

---------------  T H R E A D  ---------------

Current thread (0x00000000002bf800):  JavaThread "main" [_thread_in_Java, id=2132, stack(0x00000000023e0000,0x00000000024e0000)]

siginfo: ExceptionCode=0xc0000005, ExceptionInformation=0x0000000000000008 0xffffffffa37b5120

Registers:
RAX=0x0000000054677778, RBX=0x0000000054677778, RCX=0x00000000eb842ea8, RDX=0x00000000eb842ea8
RSP=0x00000000024df338, RBP=0x00000000024df398, RSI=0x0000000000000008, RDI=0x00000000eb842ec0
R8 =0x00000000eb842e38, R9 =0x00000000eb842ec0, R10=0x000000006d5ebb50, R11=0x0000000002bc1f60
R12=0x0000000000000000, R13=0x00000000024df348, R14=0x00000000024df418, R15=0x00000000002bf800
RIP=0xffffffffa37b5120, EFLAGS=0x0000000000010202

Top of Stack: (sp=0x00000000024df338)
0x00000000024df338:   00000000027b7495 00000000027b7495
0x00000000024df348:   00000000eb842e38 00000000eb842ea8
0x00000000024df358:   00000000024df358 0000000054cb6fe5
0x00000000024df368:   00000000024df418 0000000054cb7870
0x00000000024df378:   0000000000000000 0000000054cb7198
0x00000000024df388:   00000000024df348 00000000024df418
0x00000000024df398:   00000000024df460 00000000027b7a01
0x00000000024df3a8:   00000000eb842cf0 0000000000000000
0x00000000024df3b8:   0000000000000001 00000000eb842e38
0x00000000024df3c8:   00000000eb842ea8 0000000000001a80
0x00000000024df3d8:   0000000000000fd9 0000000000000ea0
0x00000000024df3e8:   0000000000003fd4 0000000000003af0
0x00000000024df3f8:   00000000eb326380 00000000eb326330
0x00000000024df408:   00000000eb3113e8 00000000eb310e68
0x00000000024df418:   00000000eb3262e8 00000000024df420
0x00000000024df428:   0000000054ca617c 00000000024df470 

Instructions: (pc=0xffffffffa37b5120)
0xffffffffa37b5100:   
[error occurred during error reporting (printing registers, top of stack, instructions near pc), id 0xc0000005]

Register to memory mapping:

RAX={method} {0x0000000054677780} 'compareTo' '(Ljava/lang/Object;)I' in 'java/lang/String'
RBX={method} {0x0000000054677780} 'compareTo' '(Ljava/lang/Object;)I' in 'java/lang/String'
RCX=0x00000000eb842ea8 is an oop
java.lang.String 
 - klass: 'java/lang/String'
RDX=0x00000000eb842ea8 is an oop
java.lang.String 
 - klass: 'java/lang/String'
RSP=0x00000000024df338 is pointing into the stack for thread: 0x00000000002bf800
RBP=0x00000000024df398 is pointing into the stack for thread: 0x00000000002bf800
RSI=0x0000000000000008 is an unknown value
RDI=0x00000000eb842ec0 is an oop
[C 
 - klass: {type array char}
 - length: 8
R8 =0x00000000eb842e38 is an oop
java.lang.String 
 - klass: 'java/lang/String'
R9 =0x00000000eb842ec0 is an oop
[C 
 - klass: {type array char}
 - length: 8
R10=0x000000006d5ebb50 is an unknown value
R11=0x0000000002bc1f60 is at entry_point+32 in (nmethod*)0x0000000002bc1dd0
R12=0x0000000000000000 is an unknown value
R13=0x00000000024df348 is pointing into the stack for thread: 0x00000000002bf800
R14=0x00000000024df418 is pointing into the stack for thread: 0x00000000002bf800
R15=0x00000000002bf800 is a thread


Stack: [0x00000000023e0000,0x00000000024e0000],  sp=0x00000000024df338,  free space=1020k
Native frames: (J=compiled Java code, j=interpreted, Vv=VM code, C=native code)
C  0xffffffffa37b5120


---------------  P R O C E S S  ---------------

Java Threads: ( => current thread )
  0x0000000056982800 JavaThread "Service Thread" daemon [_thread_blocked, id=4728, stack(0x0000000056f60000,0x0000000057060000)]
  0x00000000568f1000 JavaThread "C1 CompilerThread2" daemon [_thread_blocked, id=3920, stack(0x0000000056d60000,0x0000000056e60000)]
  0x00000000568f0800 JavaThread "C2 CompilerThread1" daemon [_thread_blocked, id=3668, stack(0x0000000055f50000,0x0000000056050000)]
  0x0000000055067000 JavaThread "C2 CompilerThread0" daemon [_thread_blocked, id=4408, stack(0x00000000567f0000,0x00000000568f0000)]
  0x0000000055062800 JavaThread "Attach Listener" daemon [_thread_blocked, id=4052, stack(0x00000000565a0000,0x00000000566a0000)]
  0x0000000055061000 JavaThread "Signal Dispatcher" daemon [_thread_blocked, id=3264, stack(0x00000000561d0000,0x00000000562d0000)]
  0x0000000055007000 JavaThread "Finalizer" daemon [_thread_blocked, id=892, stack(0x0000000056450000,0x0000000056550000)]
  0x0000000055000000 JavaThread "Reference Handler" daemon [_thread_blocked, id=4152, stack(0x0000000056330000,0x0000000056430000)]
=>0x00000000002bf800 JavaThread "main" [_thread_in_Java, id=2132, stack(0x00000000023e0000,0x00000000024e0000)]

Other Threads:
  0x0000000054ffa800 VMThread [stack: 0x0000000056060000,0x0000000056160000] [id=3492]
  0x000000005698c000 WatcherThread [stack: 0x00000000570d0000,0x00000000571d0000] [id=1404]

VM state:not at safepoint (normal execution)

VM Mutex/Monitor currently owned by a thread: None

Heap:
 PSYoungGen      total 35328K, used 16393K [0x00000000eab00000, 0x00000000ed000000, 0x0000000100000000)
  eden space 32768K, 42% used [0x00000000eab00000,0x00000000eb885e80,0x00000000ecb00000)
  from space 2560K, 99% used [0x00000000ecd80000,0x00000000ecffc978,0x00000000ed000000)
  to   space 2560K, 0% used [0x00000000ecb00000,0x00000000ecb00000,0x00000000ecd80000)
 ParOldGen       total 44032K, used 9359K [0x00000000c0000000, 0x00000000c2b00000, 0x00000000eab00000)
  object space 44032K, 21% used [0x00000000c0000000,0x00000000c0923c48,0x00000000c2b00000)
 Metaspace       used 6816K, capacity 7576K, committed 7680K, reserved 1056768K
  class space    used 698K, capacity 720K, committed 768K, reserved 1048576K

Card table byte_map: [0x0000000011b70000,0x0000000011d80000] byte_map_base: 0x0000000011570000

Marking Bits: (ParMarkBitMap*) 0x000000006d604040
 Begin Bits: [0x0000000012470000, 0x0000000013470000)
 End Bits:   [0x0000000013470000, 0x0000000014470000)

Polling page: 0x0000000000240000

CodeCache: size=245760Kb used=5317Kb max_used=5332Kb free=240442Kb
 bounds [0x00000000027b0000, 0x0000000002cf0000, 0x00000000117b0000]
 total_blobs=1993 nmethods=1707 adapters=201
 compilation: enabled

Compilation events (10 events):
Event: 1.055 Thread 0x0000000055067000 nmethod 1693% 0x0000000002cdd690 code [0x0000000002cdd7e0, 0x0000000002cddd58]
Event: 1.055 Thread 0x0000000055067000 1686       4       com.android.dx.merge.InstructionTransformer$MethodVisitor::visit (63 bytes)
Event: 1.058 Thread 0x0000000055067000 nmethod 1686 0x0000000002cdd110 code [0x0000000002cdd260, 0x0000000002cdd3f8]
Event: 1.058 Thread 0x0000000055067000 1691       4       java.nio.Buffer::<init> (121 bytes)
Event: 1.059 Thread 0x0000000055067000 nmethod 1691 0x0000000002cdcc50 code [0x0000000002cdcda0, 0x0000000002cdcf38]
Event: 1.059 Thread 0x0000000055067000 1692       4       java.nio.ByteBuffer::<init> (45 bytes)
Event: 1.061 Thread 0x0000000055067000 nmethod 1692 0x0000000002cdc5d0 code [0x0000000002cdc720, 0x0000000002cdc938]
Event: 1.061 Thread 0x0000000055067000 1555       4       java.lang.String::compareTo (9 bytes)
Event: 1.062 Thread 0x0000000055067000 nmethod 1555 0x0000000002cd0250 code [0x0000000002cd03a0, 0x0000000002cd0498]
Event: 1.062 Thread 0x0000000055067000 1701       4       java.nio.ByteBuffer::order (48 bytes)

GC Heap History (4 events):
Event: 0.629 GC heap before
{Heap before GC invocations=1 (full 0):
 PSYoungGen      total 18944K, used 16276K [0x00000000eab00000, 0x00000000ec000000, 0x0000000100000000)
  eden space 16384K, 99% used [0x00000000eab00000,0x00000000ebae5238,0x00000000ebb00000)
  from space 2560K, 0% used [0x00000000ebd80000,0x00000000ebd80000,0x00000000ec000000)
  to   space 2560K, 0% used [0x00000000ebb00000,0x00000000ebb00000,0x00000000ebd80000)
 ParOldGen       total 44032K, used 0K [0x00000000c0000000, 0x00000000c2b00000, 0x00000000eab00000)
  object space 44032K, 0% used [0x00000000c0000000,0x00000000c0000000,0x00000000c2b00000)
 Metaspace       used 5353K, capacity 6704K, committed 6784K, reserved 1056768K
  class space    used 546K, capacity 616K, committed 640K, reserved 1048576K
Event: 0.647 GC heap after
Heap after GC invocations=1 (full 0):
 PSYoungGen      total 18944K, used 2529K [0x00000000eab00000, 0x00000000ed000000, 0x0000000100000000)
  eden space 16384K, 0% used [0x00000000eab00000,0x00000000eab00000,0x00000000ebb00000)
  from space 2560K, 98% used [0x00000000ebb00000,0x00000000ebd78678,0x00000000ebd80000)
  to   space 2560K, 0% used [0x00000000ecd80000,0x00000000ecd80000,0x00000000ed000000)
 ParOldGen       total 44032K, used 2305K [0x00000000c0000000, 0x00000000c2b00000, 0x00000000eab00000)
  object space 44032K, 5% used [0x00000000c0000000,0x00000000c02406e8,0x00000000c2b00000)
 Metaspace       used 5353K, capacity 6704K, committed 6784K, reserved 1056768K
  class space    used 546K, capacity 616K, committed 640K, reserved 1048576K
}
Event: 0.949 GC heap before
{Heap before GC invocations=2 (full 0):
 PSYoungGen      total 18944K, used 18913K [0x00000000eab00000, 0x00000000ed000000, 0x0000000100000000)
  eden space 16384K, 100% used [0x00000000eab00000,0x00000000ebb00000,0x00000000ebb00000)
  from space 2560K, 98% used [0x00000000ebb00000,0x00000000ebd78678,0x00000000ebd80000)
  to   space 2560K, 0% used [0x00000000ecd80000,0x00000000ecd80000,0x00000000ed000000)
 ParOldGen       total 44032K, used 2305K [0x00000000c0000000, 0x00000000c2b00000, 0x00000000eab00000)
  object space 44032K, 5% used [0x00000000c0000000,0x00000000c02406e8,0x00000000c2b00000)
 Metaspace       used 6767K, capacity 7576K, committed 7680K, reserved 1056768K
  class space    used 697K, capacity 720K, committed 768K, reserved 1048576K
Event: 0.975 GC heap after
Heap after GC invocations=2 (full 0):
 PSYoungGen      total 35328K, used 2546K [0x00000000eab00000, 0x00000000ed000000, 0x0000000100000000)
  eden space 32768K, 0% used [0x00000000eab00000,0x00000000eab00000,0x00000000ecb00000)
  from space 2560K, 99% used [0x00000000ecd80000,0x00000000ecffc978,0x00000000ed000000)
  to   space 2560K, 0% used [0x00000000ecb00000,0x00000000ecb00000,0x00000000ecd80000)
 ParOldGen       total 44032K, used 9359K [0x00000000c0000000, 0x00000000c2b00000, 0x00000000eab00000)
  object space 44032K, 21% used [0x00000000c0000000,0x00000000c0923c48,0x00000000c2b00000)
 Metaspace       used 6767K, capacity 7576K, committed 7680K, reserved 1056768K
  class space    used 697K, capacity 720K, committed 768K, reserved 1048576K
}

Deoptimization events (10 events):
Event: 0.682 Thread 0x00000000002bf800 Uncommon trap: reason=bimorphic action=maybe_recompile pc=0x0000000002a72b70 method=java.util.HashMap.getNode(ILjava/lang/Object;)Ljava/util/HashMap$Node; @ 126
Event: 0.731 Thread 0x00000000002bf800 Uncommon trap: reason=unstable_if action=reinterpret pc=0x0000000002b746c0 method=com.android.dx.util.ByteArrayAnnotatedOutput.writeByte(I)V @ 13
Event: 0.756 Thread 0x00000000002bf800 Uncommon trap: reason=class_check action=maybe_recompile pc=0x0000000002b469e0 method=java.util.HashMap.putVal(ILjava/lang/Object;Ljava/lang/Object;ZZ)Ljava/lang/Object; @ 56
Event: 0.756 Thread 0x00000000002bf800 Uncommon trap: reason=class_check action=maybe_recompile pc=0x0000000002b46a5c method=java.util.HashMap.putVal(ILjava/lang/Object;Ljava/lang/Object;ZZ)Ljava/lang/Object; @ 152
Event: 0.756 Thread 0x00000000002bf800 Uncommon trap: reason=class_check action=maybe_recompile pc=0x0000000002b469e0 method=java.util.HashMap.putVal(ILjava/lang/Object;Ljava/lang/Object;ZZ)Ljava/lang/Object; @ 56
Event: 0.756 Thread 0x00000000002bf800 Uncommon trap: reason=class_check action=maybe_recompile pc=0x0000000002b469e0 method=java.util.HashMap.putVal(ILjava/lang/Object;Ljava/lang/Object;ZZ)Ljava/lang/Object; @ 56
Event: 0.812 Thread 0x00000000002bf800 Uncommon trap: reason=unstable_if action=reinterpret pc=0x0000000002ba657c method=java.util.HashMap.putVal(ILjava/lang/Object;Ljava/lang/Object;ZZ)Ljava/lang/Object; @ 162
Event: 0.819 Thread 0x00000000002bf800 Uncommon trap: reason=predicate action=maybe_recompile pc=0x0000000002bdf044 method=com.android.dex.Leb128.writeUnsignedLeb128(Lcom/android/dex/util/ByteOutput;I)V @ 9
Event: 0.885 Thread 0x00000000002bf800 Uncommon trap: reason=predicate action=maybe_recompile pc=0x0000000002c2a528 method=com.android.dex.Leb128.readUnsignedLeb128(Lcom/android/dex/util/ByteInput;)I @ 41
Event: 0.893 Thread 0x00000000002bf800 Uncommon trap: reason=unstable_if action=reinterpret pc=0x0000000002b4bf60 method=java.util.HashMap.getNode(ILjava/lang/Object;)Ljava/util/HashMap$Node; @ 84

Internal exceptions (2 events):
Event: 0.040 Thread 0x00000000002bf800 Exception <a 'java/lang/NoSuchMethodError': Method sun.misc.Unsafe.defineClass(Ljava/lang/String;[BII)Ljava/lang/Class; name or signature does not match> (0x00000000eab12f20) thrown at [C:\re\workspace\8-2-build-windows-amd64-cygwin\jdk8u45\3627\hotspot\srÏaﬂÈ„ò§?
Event: 0.040 Thread 0x00000000002bf800 Exception <a 'java/lang/NoSuchMethodError': Method sun.misc.Unsafe.prefetchRead(Ljava/lang/Object;J)V name or signature does not match> (0x00000000eab131b0) thrown at [C:\re\workspace\8-2-build-windows-amd64-cygwin\jdk8u45\3627\hotspot\src\share\vm\prims\j

Events (10 events):
Event: 0.933 Thread 0x00000000002bf800 DEOPT PACKING pc=0x0000000002ba197e sp=0x00000000024df150
Event: 0.933 Thread 0x00000000002bf800 DEOPT UNPACKING pc=0x00000000027f71bf sp=0x00000000024dee68 mode 0
Event: 0.933 Thread 0x00000000002bf800 DEOPT PACKING pc=0x0000000002ba19f3 sp=0x00000000024df150
Event: 0.933 Thread 0x00000000002bf800 DEOPT UNPACKING pc=0x00000000027f71bf sp=0x00000000024dee68 mode 0
Event: 0.933 Thread 0x00000000002bf800 DEOPT PACKING pc=0x0000000002ba197e sp=0x00000000024df150
Event: 0.933 Thread 0x00000000002bf800 DEOPT UNPACKING pc=0x00000000027f71bf sp=0x00000000024dee68 mode 0
Event: 0.949 Executing VM operation: ParallelGCFailedAllocation
Event: 0.975 Executing VM operation: ParallelGCFailedAllocation done
Event: 1.055 loading class com/android/dex/Dex$1
Event: 1.055 loading class com/android/dex/Dex$1 done


Dynamic libraries:
0x000000013ff60000 - 0x000000013ff97000 	C:\Program Files\Java\jdk1.8.0_45\bin\java.exe
0x0000000077120000 - 0x00000000772c9000 	C:\Windows\SYSTEM32\ntdll.dll
0x0000000077000000 - 0x000000007711f000 	C:\Windows\system32\kernel32.dll
0x000007fefcf70000 - 0x000007fefcfdb000 	C:\Windows\system32\KERNELBASE.dll
0x000007fefdb00000 - 0x000007fefdbdb000 	C:\Windows\system32\ADVAPI32.dll
0x000007fefdbe0000 - 0x000007fefdc7f000 	C:\Windows\system32\msvcrt.dll
0x000007fefd350000 - 0x000007fefd36f000 	C:\Windows\SYSTEM32\sechost.dll
0x000007feff0b0000 - 0x000007feff1dd000 	C:\Windows\system32\RPCRT4.dll
0x0000000076f00000 - 0x0000000076ffa000 	C:\Windows\system32\USER32.dll
0x000007fefdc80000 - 0x000007fefdce7000 	C:\Windows\system32\GDI32.dll
0x000007fefd2a0000 - 0x000007fefd2ae000 	C:\Windows\system32\LPK.dll
0x000007fefed50000 - 0x000007fefee19000 	C:\Windows\system32\USP10.dll
0x000007fefb850000 - 0x000007fefba44000 	C:\Windows\WinSxS\amd64_microsoft.windows.common-controls_6595b64144ccf1df_6.0.7601.17514_none_fa396087175ac9ac\COMCTL32.dll
0x000007fefd2b0000 - 0x000007fefd321000 	C:\Windows\system32\SHLWAPI.dll
0x000007fefee20000 - 0x000007fefee4e000 	C:\Windows\system32\IMM32.DLL
0x000007fefef00000 - 0x000007feff009000 	C:\Windows\system32\MSCTF.dll
0x0000000070860000 - 0x0000000070932000 	C:\Program Files\Java\jdk1.8.0_45\jre\bin\msvcr100.dll
0x000000006ce00000 - 0x000000006d683000 	C:\Program Files\Java\jdk1.8.0_45\jre\bin\server\jvm.dll
0x000007fef11d0000 - 0x000007fef11d9000 	C:\Windows\system32\WSOCK32.dll
0x000007fefd9d0000 - 0x000007fefda1d000 	C:\Windows\system32\WS2_32.dll
0x000007fefee50000 - 0x000007fefee58000 	C:\Windows\system32\NSI.dll
0x000007fef9460000 - 0x000007fef949b000 	C:\Windows\system32\WINMM.dll
0x000007fefbfb0000 - 0x000007fefbfbc000 	C:\Windows\system32\VERSION.dll
0x00000000772e0000 - 0x00000000772e7000 	C:\Windows\system32\PSAPI.DLL
0x0000000073d10000 - 0x0000000073d1f000 	C:\Program Files\Java\jdk1.8.0_45\jre\bin\verify.dll
0x00000000729a0000 - 0x00000000729c9000 	C:\Program Files\Java\jdk1.8.0_45\jre\bin\java.dll
0x0000000072980000 - 0x0000000072996000 	C:\Program Files\Java\jdk1.8.0_45\jre\bin\zip.dll
0x000007fefdfc0000 - 0x000007fefed48000 	C:\Windows\system32\SHELL32.dll
0x000007fefd550000 - 0x000007fefd753000 	C:\Windows\system32\ole32.dll
0x000007fefcef0000 - 0x000007fefceff000 	C:\Windows\system32\profapi.dll
0x000007fef8230000 - 0x000007fef8355000 	C:\Windows\system32\dbghelp.dll

VM Arguments:
jvm_args: -Xmx1024M -Dfile.encoding=windows-1251 -Duser.country=US -Duser.language=en -Duser.variant 
java_command: com.android.dx.command.Main --dex --output D:\Common\Android_Studio\SME.01\app\build\intermediates\dex\debug D:\Common\Android_Studio\SME.01\app\build\intermediates\classes\debug D:\Common\Android_Studio\SME.01\app\build\intermediates\pre-dexed\debug\support-annotations-22.1.1-41ab8513b7f80be0975518415e60e00679e0c6f7.jar D:\Common\Android_Studio\SME.01\app\build\intermediates\pre-dexed\debug\internal_impl-22.1.1-5d0479b0cc14f3ee6b53255008b2be1ce46dd164.jar D:\Common\Android_Studio\SME.01\app\build\intermediates\pre-dexed\debug\classes-b4764924845c4990dd1c7b8ee71f67ad756e731b.jar D:\Common\Android_Studio\SME.01\app\build\intermediates\pre-dexed\debug\classes-38118fcf04cbef3ffd6dd00a7e6dff7a1ea1da01.jar
java_class_path (initial): D:\Users\User\AppData\Local\Android\sdk1\build-tools\22.0.1\lib\dx.jar
Launcher Type: SUN_STANDARD

Environment Variables:
JAVA_HOME=C:\Program Files\Java\jdk1.7.0_79
PATH=C:\ProgramData\Oracle\Java\javapath;C:\PROGRA~2\Borland\CBUILD~1\Bin;C:\PROGRA~2\Borland\CBUILD~1\Projects\Bpl;C:\Windows\system32;C:\Windows;C:\Windows\System32\Wbem;C:\Windows\System32\WindowsPowerShell\v1.0\;C:\Program Files (x86)\Skype\Phone\;C:\Program Files (x86)\nodejs\;C:\Program Files (x86)\Microsoft SQL Server\100\Tools\Binn\;C:\Program Files\Microsoft SQL Server\100\Tools\Binn\;C:\Program Files\Microsoft SQL Server\100\DTS\Binn\;C:\Program Files (x86)\Windows Kits\8.1\Windows Performance Toolkit\;C:\Program Files\Microsoft SQL Server\110\Tools\Binn\;C:\Users\User\AppData\Roaming\npm;C:\Program Files\Java\jdk1.7.0_79\bin;D:\Grails_Groovy\grails-2.5.0\bin;D:\Grails_Groovy\groovy-2.4.3\bin;
USERNAME=User
OS=Windows_NT
PROCESSOR_IDENTIFIER=Intel64 Family 6 Model 15 Stepping 11, GenuineIntel



---------------  S Y S T E M  ---------------

OS: Windows 7 , 64 bit Build 7601 (6.1.7601.18015)

CPU:total 4 (4 cores per cpu, 1 threads per core) family 6 model 15 stepping 11, cmov, cx8, fxsr, mmx, sse, sse2, sse3, ssse3, tsc

Memory: 4k page, physical 4192824k(450120k free), swap 8383784k(3828232k free)

vm_info: Java HotSpot(TM) 64-Bit Server VM (25.45-b02) for windows-amd64 JRE (1.8.0_45-b15), built on Apr 30 2015 12:40:44 by "java_re" with MS VC++ 10.0 (VS2010)

time: Thu Jul 02 02:22:41 2015
elapsed time: 1 seconds (0d 0h 0m 1s)

