#
# A fatal error has been detected by the Java Runtime Environment:
#
#  EXCEPTION_ACCESS_VIOLATION (0xc0000005) at pc=0xffffffffa37c5120, pid=5688, tid=3708
#
# JRE version: Java(TM) SE Runtime Environment (8.0_45-b15) (build 1.8.0_45-b15)
# Java VM: Java HotSpot(TM) 64-Bit Server VM (25.45-b02 mixed mode windows-amd64 compressed oops)
# Problematic frame:
# C  0xffffffffa37c5120
#
# Failed to write core dump. Minidumps are not enabled by default on client versions of Windows
#
# If you would like to submit a bug report, please visit:
#   http://bugreport.java.com/bugreport/crash.jsp
#

---------------  T H R E A D  ---------------

Current thread (0x000000000028f000):  JavaThread "main" [_thread_in_Java, id=3708, stack(0x00000000023f0000,0x00000000024f0000)]

siginfo: ExceptionCode=0xc0000005, ExceptionInformation=0x0000000000000008 0xffffffffa37c5120

Registers:
RAX=0x0000000000000020, RBX=0x00000000000006dc, RCX=0x00000000000000e1, RDX=0x00000000c02f3b40
RSP=0x00000000024eed38, RBP=0x00000000024ef2c0, RSI=0x0000000000000138, RDI=0x0000000000000be6
R8 =0x0000000000000020, R9 =0x00000000c02f3b40, R10=0x0000000000000002, R11=0x00000000c02f3b80
R12=0x0000000000000000, R13=0x0000000054e52ed0, R14=0x00000000024eede8, R15=0x000000000028f000
RIP=0xffffffffa37c5120, EFLAGS=0x0000000000010212

Top of Stack: (sp=0x00000000024eed38)
0x00000000024eed38:   0000000002f39ee4 00000000024eedb8
0x00000000024eed48:   00000000027c7a01 00000000027c7450
0x00000000024eed58:   00000000027c7a01 0000000000000013
0x00000000024eed68:   0000000000000237 00000000eb994d80
0x00000000024eed78:   00000000024eed78 000000000028f000
0x00000000024eed88:   00000000024eede8 0000000002f5899c
0x00000000024eed98:   00000000c02f3b40 00000000eb994d80
0x00000000024eeda8:   00000002000000bd 00000000c02f3b68
0x00000000024eedb8:   0000000000000001 0000000000000000
0x00000000024eedc8:   0000000000000037 00000000024eee00
0x00000000024eedd8:   00000000024eee00 00000000024ef2c0
0x00000000024eede8:   0000000002f5899c 0000000000000001
0x00000000024eedf8:   0000000054e0fca8 00000000024ef2c0
0x00000000024eee08:   0000000002f3d1d4 00000000000000bd
0x00000000024eee18:   0000000054e0fca8 00000000024eeea0
0x00000000024eee28:   00000000027c7a01 00000000027c7a01 

Instructions: (pc=0xffffffffa37c5120)
0xffffffffa37c5100:   
[error occurred during error reporting (printing registers, top of stack, instructions near pc), id 0xc0000005]

Register to memory mapping:

RAX=0x0000000000000020 is an unknown value
RBX=0x00000000000006dc is an unknown value
RCX=0x00000000000000e1 is an unknown value
RDX=0x00000000c02f3b40 is an oop
com.android.dx.dex.code.CstInsn 
 - klass: 'com/android/dx/dex/code/CstInsn'
RSP=0x00000000024eed38 is pointing into the stack for thread: 0x000000000028f000
RBP=0x00000000024ef2c0 is pointing into the stack for thread: 0x000000000028f000
RSI=0x0000000000000138 is an unknown value
RDI=0x0000000000000be6 is an unknown value
R8 =0x0000000000000020 is an unknown value
R9 =0x00000000c02f3b40 is an oop
com.android.dx.dex.code.CstInsn 
 - klass: 'com/android/dx/dex/code/CstInsn'
R10=0x0000000000000002 is an unknown value
R11=0x00000000c02f3b80 is an oop
[Ljava.lang.Object; 
 - klass: 'java/lang/Object'[]
 - length: 2
R12=0x0000000000000000 is an unknown value
R13=0x0000000054e52ed0 is pointing into metadata
R14=0x00000000024eede8 is pointing into the stack for thread: 0x000000000028f000
R15=0x000000000028f000 is a thread


Stack: [0x00000000023f0000,0x00000000024f0000],  sp=0x00000000024eed38,  free space=1019k
Native frames: (J=compiled Java code, j=interpreted, Vv=VM code, C=native code)
C  0xffffffffa37c5120


---------------  P R O C E S S  ---------------

Java Threads: ( => current thread )
  0x00000000551be000 JavaThread "Service Thread" daemon [_thread_blocked, id=3104, stack(0x0000000057010000,0x0000000057110000)]
  0x00000000551bc000 JavaThread "C1 CompilerThread2" daemon [_thread_blocked, id=5356, stack(0x0000000056a50000,0x0000000056b50000)]
  0x00000000551bb000 JavaThread "C2 CompilerThread1" daemon [_thread_blocked, id=5372, stack(0x0000000056940000,0x0000000056a40000)]
  0x00000000551b6800 JavaThread "C2 CompilerThread0" daemon [_thread_blocked, id=1228, stack(0x00000000567a0000,0x00000000568a0000)]
  0x00000000551b2000 JavaThread "Attach Listener" daemon [_thread_blocked, id=5348, stack(0x0000000056610000,0x0000000056710000)]
  0x00000000551b1000 JavaThread "Signal Dispatcher" daemon [_thread_blocked, id=5572, stack(0x0000000056130000,0x0000000056230000)]
  0x0000000055151000 JavaThread "Finalizer" daemon [_thread_blocked, id=1016, stack(0x00000000563f0000,0x00000000564f0000)]
  0x0000000055150000 JavaThread "Reference Handler" daemon [_thread_blocked, id=4480, stack(0x0000000056270000,0x0000000056370000)]
=>0x000000000028f000 JavaThread "main" [_thread_in_Java, id=3708, stack(0x00000000023f0000,0x00000000024f0000)]

Other Threads:
  0x000000005514a800 VMThread [stack: 0x0000000055fe0000,0x00000000560e0000] [id=5160]
  0x0000000056b51000 WatcherThread [stack: 0x0000000057280000,0x0000000057380000] [id=2768]

VM state:synchronizing (normal execution)

VM Mutex/Monitor currently owned by a thread:  ([mutex/lock_event])
[0x000000000028c5f0] Safepoint_lock - owner thread: 0x000000005514a800
[0x000000000028c670] Threads_lock - owner thread: 0x000000005514a800

Heap:
 PSYoungGen      total 35328K, used 17683K [0x00000000eab00000, 0x00000000ef000000, 0x0000000100000000)
  eden space 32768K, 46% used [0x00000000eab00000,0x00000000eb9ca7d0,0x00000000ecb00000)
  from space 2560K, 99% used [0x00000000ecb00000,0x00000000ecd7a490,0x00000000ecd80000)
  to   space 2560K, 0% used [0x00000000eed80000,0x00000000eed80000,0x00000000ef000000)
 ParOldGen       total 44032K, used 8854K [0x00000000c0000000, 0x00000000c2b00000, 0x00000000eab00000)
  object space 44032K, 20% used [0x00000000c0000000,0x00000000c08a5820,0x00000000c2b00000)
 Metaspace       used 6218K, capacity 7408K, committed 7552K, reserved 1056768K
  class space    used 576K, capacity 616K, committed 640K, reserved 1048576K

Card table byte_map: [0x0000000011b80000,0x0000000011d90000] byte_map_base: 0x0000000011580000

Marking Bits: (ParMarkBitMap*) 0x000000006f234040
 Begin Bits: [0x00000000125c0000, 0x00000000135c0000)
 End Bits:   [0x00000000135c0000, 0x00000000145c0000)

Polling page: 0x0000000000140000

CodeCache: size=245760Kb used=7890Kb max_used=7909Kb free=237869Kb
 bounds [0x00000000027c0000, 0x0000000002f80000, 0x00000000117c0000]
 total_blobs=2211 nmethods=1947 adapters=179
 compilation: enabled

Compilation events (10 events):
Event: 8.283 Thread 0x00000000551bb000 1963       4       com.android.dx.dex.code.CstInsn::getIndex (42 bytes)
Event: 8.283 Thread 0x00000000551bc000 1964       3       com.android.dx.dex.code.form.Form35c::wordCount (74 bytes)
Event: 8.283 Thread 0x00000000551bb000 nmethod 1963 0x0000000002f55d50 code [0x0000000002f55e80, 0x0000000002f55ef8]
Event: 8.283 Thread 0x00000000551bb000 1966       4       com.android.dx.rop.cst.CstBaseMethodRef::getPrototype (41 bytes)
Event: 8.283 Thread 0x00000000551bc000 nmethod 1964 0x0000000002f67850 code [0x0000000002f67a40, 0x0000000002f68688]
Event: 8.284 Thread 0x00000000551bc000 1965       3       com.android.dx.dex.file.OffsettedItem::writeSize (22 bytes)
Event: 8.284 Thread 0x00000000551bc000 nmethod 1965 0x0000000002f67390 code [0x0000000002f67500, 0x0000000002f67768]
Event: 8.284 Thread 0x00000000551bc000 1967       3       com.android.dx.dex.code.form.Form12x::writeTo (45 bytes)
Event: 8.284 Thread 0x00000000551b6800 nmethod 1962 0x0000000002f55a50 code [0x0000000002f55b80, 0x0000000002f55c38]
Event: 8.284 Thread 0x00000000551bc000 nmethod 1967 0x0000000002f66350 code [0x0000000002f66540, 0x0000000002f66f68]

GC Heap History (6 events):
Event: 2.491 GC heap before
{Heap before GC invocations=1 (full 0):
 PSYoungGen      total 18944K, used 16384K [0x00000000eab00000, 0x00000000ec000000, 0x0000000100000000)
  eden space 16384K, 100% used [0x00000000eab00000,0x00000000ebb00000,0x00000000ebb00000)
  from space 2560K, 0% used [0x00000000ebd80000,0x00000000ebd80000,0x00000000ec000000)
  to   space 2560K, 0% used [0x00000000ebb00000,0x00000000ebb00000,0x00000000ebd80000)
 ParOldGen       total 44032K, used 0K [0x00000000c0000000, 0x00000000c2b00000, 0x00000000eab00000)
  object space 44032K, 0% used [0x00000000c0000000,0x00000000c0000000,0x00000000c2b00000)
 Metaspace       used 5399K, capacity 6704K, committed 6784K, reserved 1056768K
  class space    used 549K, capacity 616K, committed 640K, reserved 1048576K
Event: 2.806 GC heap after
Heap after GC invocations=1 (full 0):
 PSYoungGen      total 18944K, used 2535K [0x00000000eab00000, 0x00000000ed000000, 0x0000000100000000)
  eden space 16384K, 0% used [0x00000000eab00000,0x00000000eab00000,0x00000000ebb00000)
  from space 2560K, 99% used [0x00000000ebb00000,0x00000000ebd79c68,0x00000000ebd80000)
  to   space 2560K, 0% used [0x00000000ecd80000,0x00000000ecd80000,0x00000000ed000000)
 ParOldGen       total 44032K, used 1629K [0x00000000c0000000, 0x00000000c2b00000, 0x00000000eab00000)
  object space 44032K, 3% used [0x00000000c0000000,0x00000000c0197710,0x00000000c2b00000)
 Metaspace       used 5399K, capacity 6704K, committed 6784K, reserved 1056768K
  class space    used 549K, capacity 616K, committed 640K, reserved 1048576K
}
Event: 4.150 GC heap before
{Heap before GC invocations=2 (full 0):
 PSYoungGen      total 18944K, used 18919K [0x00000000eab00000, 0x00000000ed000000, 0x0000000100000000)
  eden space 16384K, 100% used [0x00000000eab00000,0x00000000ebb00000,0x00000000ebb00000)
  from space 2560K, 99% used [0x00000000ebb00000,0x00000000ebd79c68,0x00000000ebd80000)
  to   space 2560K, 0% used [0x00000000ecd80000,0x00000000ecd80000,0x00000000ed000000)
 ParOldGen       total 44032K, used 1629K [0x00000000c0000000, 0x00000000c2b00000, 0x00000000eab00000)
  object space 44032K, 3% used [0x00000000c0000000,0x00000000c0197710,0x00000000c2b00000)
 Metaspace       used 5597K, capacity 6896K, committed 7040K, reserved 1056768K
  class space    used 551K, capacity 616K, committed 640K, reserved 1048576K
Event: 4.289 GC heap after
Heap after GC invocations=2 (full 0):
 PSYoungGen      total 35328K, used 2533K [0x00000000eab00000, 0x00000000ed000000, 0x0000000100000000)
  eden space 32768K, 0% used [0x00000000eab00000,0x00000000eab00000,0x00000000ecb00000)
  from space 2560K, 98% used [0x00000000ecd80000,0x00000000ecff9530,0x00000000ed000000)
  to   space 2560K, 0% used [0x00000000ecb00000,0x00000000ecb00000,0x00000000ecd80000)
 ParOldGen       total 44032K, used 4180K [0x00000000c0000000, 0x00000000c2b00000, 0x00000000eab00000)
  object space 44032K, 9% used [0x00000000c0000000,0x00000000c0415218,0x00000000c2b00000)
 Metaspace       used 5597K, capacity 6896K, committed 7040K, reserved 1056768K
  class space    used 551K, capacity 616K, committed 640K, reserved 1048576K
}
Event: 6.003 GC heap before
{Heap before GC invocations=3 (full 0):
 PSYoungGen      total 35328K, used 35301K [0x00000000eab00000, 0x00000000ed000000, 0x0000000100000000)
  eden space 32768K, 100% used [0x00000000eab00000,0x00000000ecb00000,0x00000000ecb00000)
  from space 2560K, 98% used [0x00000000ecd80000,0x00000000ecff9530,0x00000000ed000000)
  to   space 2560K, 0% used [0x00000000ecb00000,0x00000000ecb00000,0x00000000ecd80000)
 ParOldGen       total 44032K, used 4180K [0x00000000c0000000, 0x00000000c2b00000, 0x00000000eab00000)
  object space 44032K, 9% used [0x00000000c0000000,0x00000000c0415218,0x00000000c2b00000)
 Metaspace       used 5790K, capacity 7024K, committed 7296K, reserved 1056768K
  class space    used 553K, capacity 616K, committed 640K, reserved 1048576K
Event: 7.142 GC heap after
Heap after GC invocations=3 (full 0):
 PSYoungGen      total 35328K, used 2537K [0x00000000eab00000, 0x00000000ef000000, 0x0000000100000000)
  eden space 32768K, 0% used [0x00000000eab00000,0x00000000eab00000,0x00000000ecb00000)
  from space 2560K, 99% used [0x00000000ecb00000,0x00000000ecd7a490,0x00000000ecd80000)
  to   space 2560K, 0% used [0x00000000eed80000,0x00000000eed80000,0x00000000ef000000)
 ParOldGen       total 44032K, used 8854K [0x00000000c0000000, 0x00000000c2b00000, 0x00000000eab00000)
  object space 44032K, 20% used [0x00000000c0000000,0x00000000c08a5820,0x00000000c2b00000)
 Metaspace       used 5790K, capacity 7024K, committed 7296K, reserved 1056768K
  class space    used 553K, capacity 616K, committed 640K, reserved 1048576K
}

Deoptimization events (10 events):
Event: 7.342 Thread 0x000000000028f000 Uncommon trap: reason=class_check action=maybe_recompile pc=0x0000000002bc93c8 method=java.util.Arrays.hashCode([Ljava/lang/Object;)I @ 43
Event: 7.485 Thread 0x000000000028f000 Uncommon trap: reason=speculate_class_check action=maybe_recompile pc=0x0000000002b3e5d8 method=com.android.dx.util.FixedSizeList.equals(Ljava/lang/Object;)Z @ 25
Event: 7.485 Thread 0x000000000028f000 Uncommon trap: reason=class_check action=maybe_recompile pc=0x0000000002b123dc method=java.util.Arrays.equals([Ljava/lang/Object;[Ljava/lang/Object;)Z @ 62
Event: 7.485 Thread 0x000000000028f000 Uncommon trap: reason=speculate_class_check action=maybe_recompile pc=0x0000000002b3e5d8 method=com.android.dx.util.FixedSizeList.equals(Ljava/lang/Object;)Z @ 25
Event: 7.485 Thread 0x000000000028f000 Uncommon trap: reason=class_check action=maybe_recompile pc=0x0000000002b123dc method=java.util.Arrays.equals([Ljava/lang/Object;[Ljava/lang/Object;)Z @ 62
Event: 7.486 Thread 0x000000000028f000 Uncommon trap: reason=speculate_class_check action=maybe_recompile pc=0x0000000002b3e5d8 method=com.android.dx.util.FixedSizeList.equals(Ljava/lang/Object;)Z @ 25
Event: 7.486 Thread 0x000000000028f000 Uncommon trap: reason=class_check action=maybe_recompile pc=0x0000000002b123dc method=java.util.Arrays.equals([Ljava/lang/Object;[Ljava/lang/Object;)Z @ 62
Event: 7.490 Thread 0x000000000028f000 Uncommon trap: reason=speculate_class_check action=maybe_recompile pc=0x0000000002b3e5d8 method=com.android.dx.util.FixedSizeList.equals(Ljava/lang/Object;)Z @ 25
Event: 7.490 Thread 0x000000000028f000 Uncommon trap: reason=unstable_if action=reinterpret pc=0x0000000002b123b4 method=java.util.Arrays.equals([Ljava/lang/Object;[Ljava/lang/Object;)Z @ 23
Event: 7.708 Thread 0x000000000028f000 Uncommon trap: reason=unstable_if action=reinterpret pc=0x0000000002ee2cf4 method=com.android.dx.util.ByteArrayAnnotatedOutput.writeByte(I)V @ 13

Internal exceptions (5 events):
Event: 0.084 Thread 0x000000000028f000 Exception <a 'java/lang/NoSuchMethodError': Method sun.misc.Unsafe.defineClass(Ljava/lang/String;[BII)Ljava/lang/Class; name or signature does not match> (0x00000000eab12f20) thrown at [C:\re\workspace\8-2-build-windows-amd64-cygwin\jdk8u45\3627\hotspot\srû ç“`sµ?
Event: 0.084 Thread 0x000000000028f000 Exception <a 'java/lang/NoSuchMethodError': Method sun.misc.Unsafe.prefetchRead(Ljava/lang/Object;J)V name or signature does not match> (0x00000000eab131b0) thrown at [C:\re\workspace\8-2-build-windows-amd64-cygwin\jdk8u45\3627\hotspot\src\share\vm\prims\j\/Ë@
Event: 2.129 Thread 0x000000000028f000 Implicit null exception at 0x0000000002ab6b08 to 0x0000000002ab8e39
Event: 2.240 Thread 0x000000000028f000 Implicit null exception at 0x0000000002ac3eb6 to 0x0000000002ac6275
Event: 5.662 Thread 0x000000000028f000 Implicit null exception at 0x0000000002b3f352 to 0x0000000002b3f3f1

Events (10 events):
Event: 7.686 loading class com/android/dex/EncodedValueCodec done
Event: 7.701 loading class com/android/dx/dex/file/MapItem
Event: 7.701 loading class com/android/dx/dex/file/MapItem done
Event: 7.702 loading class com/android/dx/dex/file/UniformListItem
Event: 7.702 loading class com/android/dx/dex/file/UniformListItem done
Event: 7.705 loading class com/android/dex/DexFormat
Event: 7.705 loading class com/android/dex/DexFormat done
Event: 7.708 Thread 0x000000000028f000 Uncommon trap: trap_request=0xffffff65 fr.pc=0x0000000002ee2cf4
Event: 7.708 Thread 0x000000000028f000 DEOPT PACKING pc=0x0000000002ee2cf4 sp=0x00000000024ef190
Event: 7.708 Thread 0x000000000028f000 DEOPT UNPACKING pc=0x000000000280556a sp=0x00000000024ef148 mode 2


Dynamic libraries:
0x000000013f700000 - 0x000000013f737000 	C:\Program Files\Java\jdk1.8.0_45\bin\java.exe
0x00000000775b0000 - 0x0000000077759000 	C:\Windows\SYSTEM32\ntdll.dll
0x0000000077390000 - 0x00000000774af000 	C:\Windows\system32\kernel32.dll
0x000007fefd6c0000 - 0x000007fefd72b000 	C:\Windows\system32\KERNELBASE.dll
0x000007fefe240000 - 0x000007fefe31b000 	C:\Windows\system32\ADVAPI32.dll
0x000007fefda00000 - 0x000007fefda9f000 	C:\Windows\system32\msvcrt.dll
0x000007feff7d0000 - 0x000007feff7ef000 	C:\Windows\SYSTEM32\sechost.dll
0x000007fefd730000 - 0x000007fefd85d000 	C:\Windows\system32\RPCRT4.dll
0x00000000774b0000 - 0x00000000775aa000 	C:\Windows\system32\USER32.dll
0x000007fefd930000 - 0x000007fefd997000 	C:\Windows\system32\GDI32.dll
0x000007fefe230000 - 0x000007fefe23e000 	C:\Windows\system32\LPK.dll
0x000007fefd860000 - 0x000007fefd929000 	C:\Windows\system32\USP10.dll
0x000007fefbce0000 - 0x000007fefbed4000 	C:\Windows\WinSxS\amd64_microsoft.windows.common-controls_6595b64144ccf1df_6.0.7601.17514_none_fa396087175ac9ac\COMCTL32.dll
0x000007fefe320000 - 0x000007fefe391000 	C:\Windows\system32\SHLWAPI.dll
0x000007fefe3a0000 - 0x000007fefe3ce000 	C:\Windows\system32\IMM32.DLL
0x000007feff1e0000 - 0x000007feff2e9000 	C:\Windows\system32\MSCTF.dll
0x0000000070dc0000 - 0x0000000070e92000 	C:\Program Files\Java\jdk1.8.0_45\jre\bin\msvcr100.dll
0x000000006ea30000 - 0x000000006f2b3000 	C:\Program Files\Java\jdk1.8.0_45\jre\bin\server\jvm.dll
0x000007fef1cf0000 - 0x000007fef1cf9000 	C:\Windows\system32\WSOCK32.dll
0x000007feff5a0000 - 0x000007feff5ed000 	C:\Windows\system32\WS2_32.dll
0x000007feff7f0000 - 0x000007feff7f8000 	C:\Windows\system32\NSI.dll
0x000007fefa1c0000 - 0x000007fefa1fb000 	C:\Windows\system32\WINMM.dll
0x000007fefc440000 - 0x000007fefc44c000 	C:\Windows\system32\VERSION.dll
0x0000000077770000 - 0x0000000077777000 	C:\Windows\system32\PSAPI.DLL
0x0000000072d80000 - 0x0000000072d8f000 	C:\Program Files\Java\jdk1.8.0_45\jre\bin\verify.dll
0x0000000070d90000 - 0x0000000070db9000 	C:\Program Files\Java\jdk1.8.0_45\jre\bin\java.dll
0x0000000072c70000 - 0x0000000072c86000 	C:\Program Files\Java\jdk1.8.0_45\jre\bin\zip.dll
0x000007fefe450000 - 0x000007feff1d8000 	C:\Windows\system32\SHELL32.dll
0x000007feff390000 - 0x000007feff593000 	C:\Windows\system32\ole32.dll
0x000007fefd380000 - 0x000007fefd38f000 	C:\Windows\system32\profapi.dll
0x000007fef9160000 - 0x000007fef9285000 	C:\Windows\system32\dbghelp.dll

VM Arguments:
jvm_args: -Xmx1024M -Dfile.encoding=windows-1251 -Duser.country=US -Duser.language=en -Duser.variant 
java_command: com.android.dx.command.Main --dex --output D:\Common\Android_Studio\SME.01\app\build\intermediates\pre-dexed\debug\spring-android-core-1.0.1.RELEASE-646edede8a69eb8b7f088c53472acf83b25bb066.jar D:\Common\Android_Studio\SME.01\app\libs\spring-android-core-1.0.1.RELEASE.jar
java_class_path (initial): D:\Users\User\AppData\Local\Android\sdk1\build-tools\22.0.1\lib\dx.jar
Launcher Type: SUN_STANDARD

Environment Variables:
JAVA_HOME=C:\Program Files\Java\jdk1.7.0_79
PATH=C:\ProgramData\Oracle\Java\javapath;C:\PROGRA~2\Borland\CBUILD~1\Bin;C:\PROGRA~2\Borland\CBUILD~1\Projects\Bpl;C:\Windows\system32;C:\Windows;C:\Windows\System32\Wbem;C:\Windows\System32\WindowsPowerShell\v1.0\;C:\Program Files (x86)\Skype\Phone\;C:\Program Files (x86)\nodejs\;C:\Program Files (x86)\Microsoft SQL Server\100\Tools\Binn\;C:\Program Files\Microsoft SQL Server\100\Tools\Binn\;C:\Program Files\Microsoft SQL Server\100\DTS\Binn\;C:\Program Files (x86)\Windows Kits\8.1\Windows Performance Toolkit\;C:\Program Files\Microsoft SQL Server\110\Tools\Binn\;C:\Users\User\AppData\Roaming\npm;C:\Program Files\Java\jdk1.7.0_79\bin;D:\Grails_Groovy\grails-2.5.0\bin;D:\Grails_Groovy\groovy-2.4.3\bin;
USERNAME=User
OS=Windows_NT
PROCESSOR_IDENTIFIER=Intel64 Family 6 Model 15 Stepping 11, GenuineIntel



---------------  S Y S T E M  ---------------

OS: Windows 7 , 64 bit Build 7601 (6.1.7601.18015)

CPU:total 4 (4 cores per cpu, 1 threads per core) family 6 model 15 stepping 11, cmov, cx8, fxsr, mmx, sse, sse2, sse3, ssse3, tsc

Memory: 4k page, physical 4192824k(602668k free), swap 8383784k(2859404k free)

vm_info: Java HotSpot(TM) 64-Bit Server VM (25.45-b02) for windows-amd64 JRE (1.8.0_45-b15), built on Apr 30 2015 12:40:44 by "java_re" with MS VC++ 10.0 (VS2010)

time: Thu Jul 02 21:38:45 2015
elapsed time: 16 seconds (0d 0h 0m 16s)

