#
# A fatal error has been detected by the Java Runtime Environment:
#
#  EXCEPTION_ACCESS_VIOLATION (0xc0000005) at pc=0xffffffffa37a5120, pid=5676, tid=3216
#
# JRE version: Java(TM) SE Runtime Environment (8.0_45-b15) (build 1.8.0_45-b15)
# Java VM: Java HotSpot(TM) 64-Bit Server VM (25.45-b02 mixed mode windows-amd64 compressed oops)
# Problematic frame:
# C  0xffffffffa37a5120
#
# Failed to write core dump. Minidumps are not enabled by default on client versions of Windows
#
# If you would like to submit a bug report, please visit:
#   http://bugreport.java.com/bugreport/crash.jsp
#

---------------  T H R E A D  ---------------

Current thread (0x00000000021af000):  JavaThread "main" [_thread_in_Java, id=3216, stack(0x00000000023d0000,0x00000000024d0000)]

siginfo: ExceptionCode=0xc0000005, ExceptionInformation=0x0000000000000008 0xffffffffa37a5120

Registers:
RAX=0x0000000054d234e0, RBX=0x0000000054d234e0, RCX=0x0000000054d23a00, RDX=0x00000000eccebdf8
RSP=0x00000000024cec48, RBP=0x00000000024ceca0, RSI=0x0000000000000108, RDI=0x00000000000004b9
R8 =0x0000000000000052, R9 =0x00000000000000da, R10=0x000000006f21bba0, R11=0x0000000002e13920
R12=0x0000000000000000, R13=0x00000000024cec58, R14=0x00000000024cece8, R15=0x00000000021af000
RIP=0xffffffffa37a5120, EFLAGS=0x0000000000010206

Top of Stack: (sp=0x00000000024cec48)
0x00000000024cec48:   00000000027a7790 00000000027a7790
0x00000000024cec58:   00000000eccebdf8 00000000024cec60
0x00000000024cec68:   0000000054d22e56 00000000024cece8
0x00000000024cec78:   0000000054d23a00 0000000054d2a478
0x00000000024cec88:   0000000054d23008 00000000024cec58
0x00000000024cec98:   00000000024cecd8 00000000024ced30
0x00000000024ceca8:   00000000027a7a01 0000000000000000
0x00000000024cecb8:   0000000000000000 0000000000000000
0x00000000024cecc8:   0000000000000000 0000000000000004
0x00000000024cecd8:   00000000eccebdf8 0000000000000018
0x00000000024cece8:   00000000eb651888 00000000024cecf0
0x00000000024cecf8:   0000000054d21406 00000000024ced68
0x00000000024ced08:   0000000054d219e8 0000000000000000
0x00000000024ced18:   0000000054d21490 00000000024cecd8
0x00000000024ced28:   00000000024ced68 00000000024cedb8
0x00000000024ced38:   00000000027a7790 00000000eccebdf8 

Instructions: (pc=0xffffffffa37a5120)
0xffffffffa37a5100:   
[error occurred during error reporting (printing registers, top of stack, instructions near pc), id 0xc0000005]

Register to memory mapping:

RAX={method} {0x0000000054d234e8} 'filterSpec' '(Lcom/android/dx/rop/code/RegisterSpec;)Lcom/android/dx/rop/code/RegisterSpec;' in 'com/android/dx/dex/code/LocalList$MakeState'
RBX={method} {0x0000000054d234e8} 'filterSpec' '(Lcom/android/dx/rop/code/RegisterSpec;)Lcom/android/dx/rop/code/RegisterSpec;' in 'com/android/dx/dex/code/LocalList$MakeState'
RCX=0x0000000054d23a00 is pointing into metadata
RDX=0x00000000eccebdf8 is an oop
com.android.dx.rop.code.RegisterSpec 
 - klass: 'com/android/dx/rop/code/RegisterSpec'
RSP=0x00000000024cec48 is pointing into the stack for thread: 0x00000000021af000
RBP=0x00000000024ceca0 is pointing into the stack for thread: 0x00000000021af000
RSI=0x0000000000000108 is an unknown value
RDI=0x00000000000004b9 is an unknown value
R8 =0x0000000000000052 is an unknown value
R9 =0x00000000000000da is an unknown value
R10=0x000000006f21bba0 is an unknown value
R11=0x0000000002e13920 is at entry_point+0 in (nmethod*)0x0000000002e13790
R12=0x0000000000000000 is an unknown value
R13=0x00000000024cec58 is pointing into the stack for thread: 0x00000000021af000
R14=0x00000000024cece8 is pointing into the stack for thread: 0x00000000021af000
R15=0x00000000021af000 is a thread


Stack: [0x00000000023d0000,0x00000000024d0000],  sp=0x00000000024cec48,  free space=1019k
Native frames: (J=compiled Java code, j=interpreted, Vv=VM code, C=native code)
C  0xffffffffa37a5120


---------------  P R O C E S S  ---------------

Java Threads: ( => current thread )
  0x0000000056aa9800 JavaThread "Service Thread" daemon [_thread_blocked, id=3088, stack(0x00000000571e0000,0x00000000572e0000)]
  0x0000000056a40800 JavaThread "C1 CompilerThread2" daemon [_thread_blocked, id=192, stack(0x0000000056fc0000,0x00000000570c0000)]
  0x00000000550ce800 JavaThread "C2 CompilerThread1" daemon [_thread_blocked, id=5532, stack(0x0000000056940000,0x0000000056a40000)]
  0x00000000550c6800 JavaThread "C2 CompilerThread0" daemon [_thread_in_native, id=5688, stack(0x0000000056190000,0x0000000056290000)]
  0x00000000550c2800 JavaThread "Attach Listener" daemon [_thread_blocked, id=6088, stack(0x0000000056740000,0x0000000056840000)]
  0x00000000550c1000 JavaThread "Signal Dispatcher" daemon [_thread_blocked, id=3884, stack(0x00000000565c0000,0x00000000566c0000)]
  0x0000000055061000 JavaThread "Finalizer" daemon [_thread_blocked, id=5020, stack(0x00000000564b0000,0x00000000565b0000)]
  0x0000000055060000 JavaThread "Reference Handler" daemon [_thread_blocked, id=4656, stack(0x00000000562b0000,0x00000000563b0000)]
=>0x00000000021af000 JavaThread "main" [_thread_in_Java, id=3216, stack(0x00000000023d0000,0x00000000024d0000)]

Other Threads:
  0x000000005505a800 VMThread [stack: 0x0000000056090000,0x0000000056190000] [id=5652]
  0x0000000056aac000 WatcherThread [stack: 0x0000000057340000,0x0000000057440000] [id=3952]

VM state:not at safepoint (normal execution)

VM Mutex/Monitor currently owned by a thread: None

Heap:
 PSYoungGen      total 35328K, used 14405K [0x00000000eab00000, 0x00000000ef000000, 0x0000000100000000)
  eden space 32768K, 36% used [0x00000000eab00000,0x00000000eb693bc0,0x00000000ecb00000)
  from space 2560K, 99% used [0x00000000ecb00000,0x00000000ecd7da58,0x00000000ecd80000)
  to   space 2560K, 0% used [0x00000000eed80000,0x00000000eed80000,0x00000000ef000000)
 ParOldGen       total 44032K, used 8850K [0x00000000c0000000, 0x00000000c2b00000, 0x00000000eab00000)
  object space 44032K, 20% used [0x00000000c0000000,0x00000000c08a4848,0x00000000c2b00000)
 Metaspace       used 5968K, capacity 7152K, committed 7296K, reserved 1056768K
  class space    used 570K, capacity 616K, committed 640K, reserved 1048576K

Card table byte_map: [0x0000000011b60000,0x0000000011d70000] byte_map_base: 0x0000000011560000

Marking Bits: (ParMarkBitMap*) 0x000000006f234040
 Begin Bits: [0x00000000124d0000, 0x00000000134d0000)
 End Bits:   [0x00000000134d0000, 0x00000000144d0000)

Polling page: 0x0000000001c70000

CodeCache: size=245760Kb used=6660Kb max_used=6669Kb free=239099Kb
 bounds [0x00000000027a0000, 0x0000000002e30000, 0x00000000117a0000]
 total_blobs=1927 nmethods=1664 adapters=178
 compilation: enabled

Compilation events (10 events):
Event: 3.785 Thread 0x0000000056a40800 1688       3       com.android.dx.rop.code.SourcePosition::equals (46 bytes)
Event: 3.785 Thread 0x0000000056a40800 nmethod 1688 0x0000000002e21f10 code [0x0000000002e220a0, 0x0000000002e225a8]
Event: 3.786 Thread 0x0000000056a40800 1689       1       com.android.dx.dex.code.form.Form35c::codeSize (2 bytes)
Event: 3.786 Thread 0x0000000056a40800 nmethod 1689 0x0000000002e20090 code [0x0000000002e201e0, 0x0000000002e202f0]
Event: 3.786 Thread 0x0000000056a40800 1690       3       com.android.dx.dex.file.Section::throwIfNotPrepared (18 bytes)
Event: 3.786 Thread 0x0000000056a40800 nmethod 1690 0x0000000002e21a90 code [0x0000000002e21c00, 0x0000000002e21e48]
Event: 3.787 Thread 0x00000000550ce800 1691       4       com.android.dx.dex.code.LocalList$MakeState::filterSpec (24 bytes)
Event: 3.787 Thread 0x0000000056a40800 1692       3       com.android.dx.rop.code.RegisterSpecSet::findMatchingLocal (49 bytes)
Event: 3.788 Thread 0x00000000550ce800 nmethod 1691 0x0000000002e24550 code [0x0000000002e246a0, 0x0000000002e24738]
Event: 3.788 Thread 0x0000000056a40800 nmethod 1692 0x0000000002e21390 code [0x0000000002e21520, 0x0000000002e218c8]

GC Heap History (6 events):
Event: 1.017 GC heap before
{Heap before GC invocations=1 (full 0):
 PSYoungGen      total 18944K, used 16384K [0x00000000eab00000, 0x00000000ec000000, 0x0000000100000000)
  eden space 16384K, 100% used [0x00000000eab00000,0x00000000ebb00000,0x00000000ebb00000)
  from space 2560K, 0% used [0x00000000ebd80000,0x00000000ebd80000,0x00000000ec000000)
  to   space 2560K, 0% used [0x00000000ebb00000,0x00000000ebb00000,0x00000000ebd80000)
 ParOldGen       total 44032K, used 0K [0x00000000c0000000, 0x00000000c2b00000, 0x00000000eab00000)
  object space 44032K, 0% used [0x00000000c0000000,0x00000000c0000000,0x00000000c2b00000)
 Metaspace       used 5398K, capacity 6704K, committed 6784K, reserved 1056768K
  class space    used 549K, capacity 616K, committed 640K, reserved 1048576K
Event: 1.255 GC heap after
Heap after GC invocations=1 (full 0):
 PSYoungGen      total 18944K, used 2554K [0x00000000eab00000, 0x00000000ed000000, 0x0000000100000000)
  eden space 16384K, 0% used [0x00000000eab00000,0x00000000eab00000,0x00000000ebb00000)
  from space 2560K, 99% used [0x00000000ebb00000,0x00000000ebd7eab8,0x00000000ebd80000)
  to   space 2560K, 0% used [0x00000000ecd80000,0x00000000ecd80000,0x00000000ed000000)
 ParOldGen       total 44032K, used 1614K [0x00000000c0000000, 0x00000000c2b00000, 0x00000000eab00000)
  object space 44032K, 3% used [0x00000000c0000000,0x00000000c01938e8,0x00000000c2b00000)
 Metaspace       used 5398K, capacity 6704K, committed 6784K, reserved 1056768K
  class space    used 549K, capacity 616K, committed 640K, reserved 1048576K
}
Event: 2.015 GC heap before
{Heap before GC invocations=2 (full 0):
 PSYoungGen      total 18944K, used 18938K [0x00000000eab00000, 0x00000000ed000000, 0x0000000100000000)
  eden space 16384K, 100% used [0x00000000eab00000,0x00000000ebb00000,0x00000000ebb00000)
  from space 2560K, 99% used [0x00000000ebb00000,0x00000000ebd7eab8,0x00000000ebd80000)
  to   space 2560K, 0% used [0x00000000ecd80000,0x00000000ecd80000,0x00000000ed000000)
 ParOldGen       total 44032K, used 1614K [0x00000000c0000000, 0x00000000c2b00000, 0x00000000eab00000)
  object space 44032K, 3% used [0x00000000c0000000,0x00000000c01938e8,0x00000000c2b00000)
 Metaspace       used 5621K, capacity 6896K, committed 7040K, reserved 1056768K
  class space    used 551K, capacity 616K, committed 640K, reserved 1048576K
Event: 2.296 GC heap after
Heap after GC invocations=2 (full 0):
 PSYoungGen      total 35328K, used 2548K [0x00000000eab00000, 0x00000000ed000000, 0x0000000100000000)
  eden space 32768K, 0% used [0x00000000eab00000,0x00000000eab00000,0x00000000ecb00000)
  from space 2560K, 99% used [0x00000000ecd80000,0x00000000ecffd238,0x00000000ed000000)
  to   space 2560K, 0% used [0x00000000ecb00000,0x00000000ecb00000,0x00000000ecd80000)
 ParOldGen       total 44032K, used 4176K [0x00000000c0000000, 0x00000000c2b00000, 0x00000000eab00000)
  object space 44032K, 9% used [0x00000000c0000000,0x00000000c04143f0,0x00000000c2b00000)
 Metaspace       used 5621K, capacity 6896K, committed 7040K, reserved 1056768K
  class space    used 551K, capacity 616K, committed 640K, reserved 1048576K
}
Event: 3.284 GC heap before
{Heap before GC invocations=3 (full 0):
 PSYoungGen      total 35328K, used 35316K [0x00000000eab00000, 0x00000000ed000000, 0x0000000100000000)
  eden space 32768K, 100% used [0x00000000eab00000,0x00000000ecb00000,0x00000000ecb00000)
  from space 2560K, 99% used [0x00000000ecd80000,0x00000000ecffd238,0x00000000ed000000)
  to   space 2560K, 0% used [0x00000000ecb00000,0x00000000ecb00000,0x00000000ecd80000)
 ParOldGen       total 44032K, used 4176K [0x00000000c0000000, 0x00000000c2b00000, 0x00000000eab00000)
  object space 44032K, 9% used [0x00000000c0000000,0x00000000c04143f0,0x00000000c2b00000)
 Metaspace       used 5771K, capacity 7024K, committed 7296K, reserved 1056768K
  class space    used 553K, capacity 616K, committed 640K, reserved 1048576K
Event: 3.412 GC heap after
Heap after GC invocations=3 (full 0):
 PSYoungGen      total 35328K, used 2550K [0x00000000eab00000, 0x00000000ef000000, 0x0000000100000000)
  eden space 32768K, 0% used [0x00000000eab00000,0x00000000eab00000,0x00000000ecb00000)
  from space 2560K, 99% used [0x00000000ecb00000,0x00000000ecd7da58,0x00000000ecd80000)
  to   space 2560K, 0% used [0x00000000eed80000,0x00000000eed80000,0x00000000ef000000)
 ParOldGen       total 44032K, used 8850K [0x00000000c0000000, 0x00000000c2b00000, 0x00000000eab00000)
  object space 44032K, 20% used [0x00000000c0000000,0x00000000c08a4848,0x00000000c2b00000)
 Metaspace       used 5771K, capacity 7024K, committed 7296K, reserved 1056768K
  class space    used 553K, capacity 616K, committed 640K, reserved 1048576K
}

Deoptimization events (10 events):
Event: 2.791 Thread 0x00000000021af000 Uncommon trap: reason=bimorphic action=maybe_recompile pc=0x0000000002cc94cc method=com.android.dx.cf.code.BytecodeArray.parseInstruction(ILcom/android/dx/cf/code/BytecodeArray$Visitor;)I @ 1357
Event: 2.817 Thread 0x00000000021af000 Uncommon trap: reason=bimorphic action=maybe_recompile pc=0x0000000002cc94cc method=com.android.dx.cf.code.BytecodeArray.parseInstruction(ILcom/android/dx/cf/code/BytecodeArray$Visitor;)I @ 1357
Event: 2.897 Thread 0x00000000021af000 Uncommon trap: reason=bimorphic action=maybe_recompile pc=0x0000000002cc94cc method=com.android.dx.cf.code.BytecodeArray.parseInstruction(ILcom/android/dx/cf/code/BytecodeArray$Visitor;)I @ 1357
Event: 2.899 Thread 0x00000000021af000 Uncommon trap: reason=bimorphic action=maybe_recompile pc=0x0000000002cc94cc method=com.android.dx.cf.code.BytecodeArray.parseInstruction(ILcom/android/dx/cf/code/BytecodeArray$Visitor;)I @ 1357
Event: 3.568 Thread 0x00000000021af000 Uncommon trap: reason=class_check action=maybe_recompile pc=0x0000000002ba5644 method=java.util.Arrays.hashCode([Ljava/lang/Object;)I @ 43
Event: 3.568 Thread 0x00000000021af000 Uncommon trap: reason=class_check action=maybe_recompile pc=0x0000000002ba5644 method=java.util.Arrays.hashCode([Ljava/lang/Object;)I @ 43
Event: 3.568 Thread 0x00000000021af000 Uncommon trap: reason=class_check action=maybe_recompile pc=0x0000000002ba5644 method=java.util.Arrays.hashCode([Ljava/lang/Object;)I @ 43
Event: 3.568 Thread 0x00000000021af000 Uncommon trap: reason=class_check action=maybe_recompile pc=0x0000000002ba5644 method=java.util.Arrays.hashCode([Ljava/lang/Object;)I @ 43
Event: 3.569 Thread 0x00000000021af000 Uncommon trap: reason=bimorphic action=maybe_recompile pc=0x00000000029ef174 method=java.util.HashMap.getNode(ILjava/lang/Object;)Ljava/util/HashMap$Node; @ 126
Event: 3.575 Thread 0x00000000021af000 Uncommon trap: reason=bimorphic action=maybe_recompile pc=0x00000000029f8bdc method=java.util.HashMap.getNode(ILjava/lang/Object;)Ljava/util/HashMap$Node; @ 126

Internal exceptions (4 events):
Event: 0.049 Thread 0x00000000021af000 Exception <a 'java/lang/NoSuchMethodError': Method sun.misc.Unsafe.defineClass(Ljava/lang/String;[BII)Ljava/lang/Class; name or signature does not match> (0x00000000eab12f20) thrown at [C:\re\workspace\8-2-build-windows-amd64-cygwin\jdk8u45\3627\hotspot\srŠÆŒV ©?
Event: 0.049 Thread 0x00000000021af000 Exception <a 'java/lang/NoSuchMethodError': Method sun.misc.Unsafe.prefetchRead(Ljava/lang/Object;J)V name or signature does not match> (0x00000000eab131b0) thrown at [C:\re\workspace\8-2-build-windows-amd64-cygwin\jdk8u45\3627\hotspot\src\share\vm\prims\j¢©jf¾ì?
Event: 0.898 Thread 0x00000000021af000 Implicit null exception at 0x0000000002ab4c9f to 0x0000000002ab6e25
Event: 2.439 Thread 0x00000000021af000 Implicit null exception at 0x0000000002af9052 to 0x0000000002af90f1

Events (10 events):
Event: 3.745 loading class com/android/dx/dex/code/CatchHandlerList
Event: 3.745 loading class com/android/dx/dex/code/CatchHandlerList done
Event: 3.746 loading class com/android/dx/dex/code/CatchTable
Event: 3.746 loading class com/android/dx/dex/code/CatchTable done
Event: 3.746 loading class com/android/dx/dex/code/LocalList$Disposition
Event: 3.746 loading class com/android/dx/dex/code/LocalList$Disposition done
Event: 3.746 loading class com/android/dx/dex/code/LocalList$Entry
Event: 3.746 loading class com/android/dx/dex/code/LocalList$Entry done
Event: 3.773 loading class com/android/dx/rop/code/RegisterSpecList$Expander
Event: 3.773 loading class com/android/dx/rop/code/RegisterSpecList$Expander done


Dynamic libraries:
0x000000013f700000 - 0x000000013f737000 	C:\Program Files\Java\jdk1.8.0_45\bin\java.exe
0x00000000775b0000 - 0x0000000077759000 	C:\Windows\SYSTEM32\ntdll.dll
0x0000000077390000 - 0x00000000774af000 	C:\Windows\system32\kernel32.dll
0x000007fefd6c0000 - 0x000007fefd72b000 	C:\Windows\system32\KERNELBASE.dll
0x000007fefe240000 - 0x000007fefe31b000 	C:\Windows\system32\ADVAPI32.dll
0x000007fefda00000 - 0x000007fefda9f000 	C:\Windows\system32\msvcrt.dll
0x000007feff7d0000 - 0x000007feff7ef000 	C:\Windows\SYSTEM32\sechost.dll
0x000007fefd730000 - 0x000007fefd85d000 	C:\Windows\system32\RPCRT4.dll
0x00000000774b0000 - 0x00000000775aa000 	C:\Windows\system32\USER32.dll
0x000007fefd930000 - 0x000007fefd997000 	C:\Windows\system32\GDI32.dll
0x000007fefe230000 - 0x000007fefe23e000 	C:\Windows\system32\LPK.dll
0x000007fefd860000 - 0x000007fefd929000 	C:\Windows\system32\USP10.dll
0x000007fefbce0000 - 0x000007fefbed4000 	C:\Windows\WinSxS\amd64_microsoft.windows.common-controls_6595b64144ccf1df_6.0.7601.17514_none_fa396087175ac9ac\COMCTL32.dll
0x000007fefe320000 - 0x000007fefe391000 	C:\Windows\system32\SHLWAPI.dll
0x000007fefe3a0000 - 0x000007fefe3ce000 	C:\Windows\system32\IMM32.DLL
0x000007feff1e0000 - 0x000007feff2e9000 	C:\Windows\system32\MSCTF.dll
0x0000000070dc0000 - 0x0000000070e92000 	C:\Program Files\Java\jdk1.8.0_45\jre\bin\msvcr100.dll
0x000000006ea30000 - 0x000000006f2b3000 	C:\Program Files\Java\jdk1.8.0_45\jre\bin\server\jvm.dll
0x000007fef1cf0000 - 0x000007fef1cf9000 	C:\Windows\system32\WSOCK32.dll
0x000007feff5a0000 - 0x000007feff5ed000 	C:\Windows\system32\WS2_32.dll
0x000007feff7f0000 - 0x000007feff7f8000 	C:\Windows\system32\NSI.dll
0x000007fefa1c0000 - 0x000007fefa1fb000 	C:\Windows\system32\WINMM.dll
0x000007fefc440000 - 0x000007fefc44c000 	C:\Windows\system32\VERSION.dll
0x0000000077770000 - 0x0000000077777000 	C:\Windows\system32\PSAPI.DLL
0x0000000072d80000 - 0x0000000072d8f000 	C:\Program Files\Java\jdk1.8.0_45\jre\bin\verify.dll
0x0000000070d90000 - 0x0000000070db9000 	C:\Program Files\Java\jdk1.8.0_45\jre\bin\java.dll
0x0000000072c70000 - 0x0000000072c86000 	C:\Program Files\Java\jdk1.8.0_45\jre\bin\zip.dll
0x000007fefe450000 - 0x000007feff1d8000 	C:\Windows\system32\SHELL32.dll
0x000007feff390000 - 0x000007feff593000 	C:\Windows\system32\ole32.dll
0x000007fefd380000 - 0x000007fefd38f000 	C:\Windows\system32\profapi.dll
0x000007fef9160000 - 0x000007fef9285000 	C:\Windows\system32\dbghelp.dll

VM Arguments:
jvm_args: -Xmx1024M -Dfile.encoding=windows-1251 -Duser.country=US -Duser.language=en -Duser.variant 
java_command: com.android.dx.command.Main --dex --output D:\Common\Android_Studio\SME.01\app\build\intermediates\pre-dexed\debug\spring-android-core-1.0.1.RELEASE-646edede8a69eb8b7f088c53472acf83b25bb066.jar D:\Common\Android_Studio\SME.01\app\libs\spring-android-core-1.0.1.RELEASE.jar
java_class_path (initial): D:\Users\User\AppData\Local\Android\sdk1\build-tools\22.0.1\lib\dx.jar
Launcher Type: SUN_STANDARD

Environment Variables:
JAVA_HOME=C:\Program Files\Java\jdk1.7.0_79
PATH=C:\ProgramData\Oracle\Java\javapath;C:\PROGRA~2\Borland\CBUILD~1\Bin;C:\PROGRA~2\Borland\CBUILD~1\Projects\Bpl;C:\Windows\system32;C:\Windows;C:\Windows\System32\Wbem;C:\Windows\System32\WindowsPowerShell\v1.0\;C:\Program Files (x86)\Skype\Phone\;C:\Program Files (x86)\nodejs\;C:\Program Files (x86)\Microsoft SQL Server\100\Tools\Binn\;C:\Program Files\Microsoft SQL Server\100\Tools\Binn\;C:\Program Files\Microsoft SQL Server\100\DTS\Binn\;C:\Program Files (x86)\Windows Kits\8.1\Windows Performance Toolkit\;C:\Program Files\Microsoft SQL Server\110\Tools\Binn\;C:\Users\User\AppData\Roaming\npm;C:\Program Files\Java\jdk1.7.0_79\bin;D:\Grails_Groovy\grails-2.5.0\bin;D:\Grails_Groovy\groovy-2.4.3\bin;
USERNAME=User
OS=Windows_NT
PROCESSOR_IDENTIFIER=Intel64 Family 6 Model 15 Stepping 11, GenuineIntel



---------------  S Y S T E M  ---------------

OS: Windows 7 , 64 bit Build 7601 (6.1.7601.18015)

CPU:total 4 (4 cores per cpu, 1 threads per core) family 6 model 15 stepping 11, cmov, cx8, fxsr, mmx, sse, sse2, sse3, ssse3, tsc

Memory: 4k page, physical 4192824k(614468k free), swap 8383784k(2925988k free)

vm_info: Java HotSpot(TM) 64-Bit Server VM (25.45-b02) for windows-amd64 JRE (1.8.0_45-b15), built on Apr 30 2015 12:40:44 by "java_re" with MS VC++ 10.0 (VS2010)

time: Thu Jul 02 21:40:16 2015
elapsed time: 3 seconds (0d 0h 0m 3s)

