#
# A fatal error has been detected by the Java Runtime Environment:
#
#  EXCEPTION_ACCESS_VIOLATION (0xc0000005) at pc=0xffffffffa3665120, pid=3936, tid=4144
#
# JRE version: Java(TM) SE Runtime Environment (8.0_45-b15) (build 1.8.0_45-b15)
# Java VM: Java HotSpot(TM) 64-Bit Server VM (25.45-b02 mixed mode windows-amd64 compressed oops)
# Problematic frame:
# C  0xffffffffa3665120
#
# Failed to write core dump. Minidumps are not enabled by default on client versions of Windows
#
# If you would like to submit a bug report, please visit:
#   http://bugreport.java.com/bugreport/crash.jsp
#

---------------  T H R E A D  ---------------

Current thread (0x000000000214f000):  JavaThread "main" [_thread_in_Java, id=4144, stack(0x00000000021a0000,0x00000000022a0000)]

siginfo: ExceptionCode=0xc0000005, ExceptionInformation=0x0000000000000008 0xffffffffa3665120

Registers:
RAX=0x0000000054d431b8, RBX=0x0000000054d431b8, RCX=0x00000000eee28260, RDX=0x00000000eee28260
RSP=0x000000000229f258, RBP=0x000000000229f2b8, RSI=0x0000000000000768, RDI=0x00000000ef0739d8
R8 =0x00000000eee28260, R9 =0x00000000eee28278, R10=0x000000006d5ebba0, R11=0x0000000003092500
R12=0x0000000000000000, R13=0x000000000229f270, R14=0x0000000000000000, R15=0x000000000214f000
RIP=0xffffffffa3665120, EFLAGS=0x0000000000010206

Top of Stack: (sp=0x000000000229f258)
0x000000000229f258:   0000000002667790 000000000229f2b8
0x000000000229f268:   0000000002667790 00000000eee28260
0x000000000229f278:   000000000229f278 0000000054e75fbc
0x000000000229f288:   000000000229f330 0000000054e76928
0x000000000229f298:   0000000000000000 0000000054e76110
0x000000000229f2a8:   000000000229f270 000000000229f328
0x000000000229f2b8:   000000000229f378 0000000002667a01
0x000000000229f2c8:   00000000c0ae51e0 00000000eee28260
0x000000000229f2d8:   00000000f09665c0 0000000000000a90
0x000000000229f2e8:   00000000eee281e0 00000000ef0739c0
0x000000000229f2f8:   00000000c0ae51e0 00000000c04c42b0
0x000000000229f308:   0000000000000001 000000000000000d
0x000000000229f318:   00000000c011f928 00000000f0966488
0x000000000229f328:   00000000c04c3dc0 00000000c011f928
0x000000000229f338:   000000000229f338 0000000054bd67c4
0x000000000229f348:   000000000229f3d0 0000000054bdd9a8 

Instructions: (pc=0xffffffffa3665120)
0xffffffffa3665100:   
[error occurred during error reporting (printing registers, top of stack, instructions near pc), id 0xc0000005]

Register to memory mapping:

RAX={method} {0x0000000054d431c0} 'itemType' '()Lcom/android/dx/dex/file/ItemType;' in 'com/android/dx/dex/file/StringIdItem'
RBX={method} {0x0000000054d431c0} 'itemType' '()Lcom/android/dx/dex/file/ItemType;' in 'com/android/dx/dex/file/StringIdItem'
RCX=0x00000000eee28260 is an oop
com.android.dx.dex.file.StringIdItem 
 - klass: 'com/android/dx/dex/file/StringIdItem'
RDX=0x00000000eee28260 is an oop
com.android.dx.dex.file.StringIdItem 
 - klass: 'com/android/dx/dex/file/StringIdItem'
RSP=0x000000000229f258 is pointing into the stack for thread: 0x000000000214f000
RBP=0x000000000229f2b8 is pointing into the stack for thread: 0x000000000214f000
RSI=0x0000000000000768 is an unknown value
RDI=0x00000000ef0739d8 is an oop
java.util.TreeMap$Entry 
 - klass: 'java/util/TreeMap$Entry'
R8 =0x00000000eee28260 is an oop
com.android.dx.dex.file.StringIdItem 
 - klass: 'com/android/dx/dex/file/StringIdItem'
R9 =0x00000000eee28278 is an oop
java.util.TreeMap$Entry 
 - klass: 'java/util/TreeMap$Entry'
R10=0x000000006d5ebba0 is an unknown value
R11=0x0000000003092500 is at entry_point+32 in (nmethod*)0x0000000003092390
R12=0x0000000000000000 is an unknown value
R13=0x000000000229f270 is pointing into the stack for thread: 0x000000000214f000
R14=0x0000000000000000 is an unknown value
R15=0x000000000214f000 is a thread


Stack: [0x00000000021a0000,0x00000000022a0000],  sp=0x000000000229f258,  free space=1020k
Native frames: (J=compiled Java code, j=interpreted, Vv=VM code, C=native code)
C  0xffffffffa3665120


---------------  P R O C E S S  ---------------

Java Threads: ( => current thread )
  0x000000005662d800 JavaThread "Service Thread" daemon [_thread_blocked, id=2708, stack(0x0000000056e90000,0x0000000056f90000)]
  0x0000000056622000 JavaThread "C1 CompilerThread2" daemon [_thread_blocked, id=3520, stack(0x0000000056b60000,0x0000000056c60000)]
  0x00000000565cb800 JavaThread "C2 CompilerThread1" daemon [_thread_in_native, id=2712, stack(0x0000000056cd0000,0x0000000056dd0000)]
  0x00000000565c3800 JavaThread "C2 CompilerThread0" daemon [_thread_in_native, id=1180, stack(0x0000000056390000,0x0000000056490000)]
  0x00000000551b4000 JavaThread "Attach Listener" daemon [_thread_blocked, id=4808, stack(0x0000000056a40000,0x0000000056b40000)]
  0x00000000551b3000 JavaThread "Signal Dispatcher" daemon [_thread_blocked, id=812, stack(0x0000000012000000,0x0000000012100000)]
  0x0000000055159000 JavaThread "Finalizer" daemon [_thread_blocked, id=3760, stack(0x00000000564c0000,0x00000000565c0000)]
  0x0000000055152000 JavaThread "Reference Handler" daemon [_thread_blocked, id=2668, stack(0x0000000056240000,0x0000000056340000)]
=>0x000000000214f000 JavaThread "main" [_thread_in_Java, id=4144, stack(0x00000000021a0000,0x00000000022a0000)]

Other Threads:
  0x000000005514c800 VMThread [stack: 0x00000000560d0000,0x00000000561d0000] [id=3596]
  0x0000000056624800 WatcherThread [stack: 0x0000000057100000,0x0000000057200000] [id=3268]

VM state:not at safepoint (normal execution)

VM Mutex/Monitor currently owned by a thread: None

Heap:
 PSYoungGen      total 143872K, used 107114K [0x00000000eab00000, 0x00000000fda00000, 0x0000000100000000)
  eden space 128512K, 75% used [0x00000000eab00000,0x00000000f0a2cdb0,0x00000000f2880000)
  from space 15360K, 62% used [0x00000000f2880000,0x00000000f31edc58,0x00000000f3780000)
  to   space 26624K, 0% used [0x00000000fc000000,0x00000000fc000000,0x00000000fda00000)
 ParOldGen       total 82432K, used 43551K [0x00000000c0000000, 0x00000000c5080000, 0x00000000eab00000)
  object space 82432K, 52% used [0x00000000c0000000,0x00000000c2a87e60,0x00000000c5080000)
 Metaspace       used 6479K, capacity 7568K, committed 7936K, reserved 1056768K
  class space    used 598K, capacity 648K, committed 768K, reserved 1048576K

Card table byte_map: [0x0000000011a20000,0x0000000011c30000] byte_map_base: 0x0000000011420000

Marking Bits: (ParMarkBitMap*) 0x000000006d604040
 Begin Bits: [0x00000000125c0000, 0x00000000135c0000)
 End Bits:   [0x00000000135c0000, 0x00000000145c0000)

Polling page: 0x0000000000230000

CodeCache: size=245760Kb used=10412Kb max_used=10412Kb free=235347Kb
 bounds [0x0000000002660000, 0x00000000030a0000, 0x0000000011660000]
 total_blobs=2628 nmethods=2364 adapters=179
 compilation: enabled

Compilation events (10 events):
Event: 14.449 Thread 0x0000000056622000 2446       2       com.android.dx.dex.file.ValueEncoder::<init> (43 bytes)
Event: 14.450 Thread 0x0000000056622000 nmethod 2446 0x00000000030904d0 code [0x0000000003090660, 0x0000000003090938]
Event: 14.450 Thread 0x0000000056622000 2463       2       com.android.dx.dex.file.ClassDataItem::encodeOutput (161 bytes)
Event: 14.452 Thread 0x0000000056622000 nmethod 2463 0x0000000003090a90 code [0x0000000003090d40, 0x0000000003091718]
Event: 14.452 Thread 0x0000000056622000 2443       1       com.android.dx.rop.cst.CstArray::getList (5 bytes)
Event: 14.452 Thread 0x0000000056622000 nmethod 2443 0x00000000030920d0 code [0x0000000003092220, 0x0000000003092330]
Event: 14.454 Thread 0x0000000056622000 2464       2       com.android.dx.dex.file.StringIdItem::itemType (4 bytes)
Event: 14.454 Thread 0x0000000056622000 nmethod 2464 0x0000000003092390 code [0x00000000030924e0, 0x0000000003092630]
Event: 14.455 Thread 0x0000000056622000 2465       1       com.android.dx.dex.file.StringIdItem::itemType (4 bytes)
Event: 14.455 Thread 0x0000000056622000 nmethod 2465 0x00000000030926d0 code [0x0000000003092820, 0x0000000003092930]

GC Heap History (10 events):
Event: 4.739 GC heap before
{Heap before GC invocations=4 (full 0):
 PSYoungGen      total 35328K, used 35315K [0x00000000eab00000, 0x00000000ef000000, 0x0000000100000000)
  eden space 32768K, 100% used [0x00000000eab00000,0x00000000ecb00000,0x00000000ecb00000)
  from space 2560K, 99% used [0x00000000ecb00000,0x00000000ecd7cd28,0x00000000ecd80000)
  to   space 2560K, 0% used [0x00000000eed80000,0x00000000eed80000,0x00000000ef000000)
 ParOldGen       total 44032K, used 9254K [0x00000000c0000000, 0x00000000c2b00000, 0x00000000eab00000)
  object space 44032K, 21% used [0x00000000c0000000,0x00000000c0909a78,0x00000000c2b00000)
 Metaspace       used 5876K, capacity 7088K, committed 7296K, reserved 1056768K
  class space    used 557K, capacity 616K, committed 640K, reserved 1048576K
Event: 5.301 GC heap after
Heap after GC invocations=4 (full 0):
 PSYoungGen      total 68096K, used 2547K [0x00000000eab00000, 0x00000000ef000000, 0x0000000100000000)
  eden space 65536K, 0% used [0x00000000eab00000,0x00000000eab00000,0x00000000eeb00000)
  from space 2560K, 99% used [0x00000000eed80000,0x00000000eeffcd28,0x00000000ef000000)
  to   space 2560K, 0% used [0x00000000eeb00000,0x00000000eeb00000,0x00000000eed80000)
 ParOldGen       total 44032K, used 14658K [0x00000000c0000000, 0x00000000c2b00000, 0x00000000eab00000)
  object space 44032K, 33% used [0x00000000c0000000,0x00000000c0e50ac0,0x00000000c2b00000)
 Metaspace       used 5876K, capacity 7088K, committed 7296K, reserved 1056768K
  class space    used 557K, capacity 616K, committed 640K, reserved 1048576K
}
Event: 6.318 GC heap before
{Heap before GC invocations=5 (full 0):
 PSYoungGen      total 68096K, used 68083K [0x00000000eab00000, 0x00000000ef000000, 0x0000000100000000)
  eden space 65536K, 100% used [0x00000000eab00000,0x00000000eeb00000,0x00000000eeb00000)
  from space 2560K, 99% used [0x00000000eed80000,0x00000000eeffcd28,0x00000000ef000000)
  to   space 2560K, 0% used [0x00000000eeb00000,0x00000000eeb00000,0x00000000eed80000)
 ParOldGen       total 44032K, used 14658K [0x00000000c0000000, 0x00000000c2b00000, 0x00000000eab00000)
  object space 44032K, 33% used [0x00000000c0000000,0x00000000c0e50ac0,0x00000000c2b00000)
 Metaspace       used 5983K, capacity 7088K, committed 7296K, reserved 1056768K
  class space    used 576K, capacity 616K, committed 640K, reserved 1048576K
Event: 6.923 GC heap after
Heap after GC invocations=5 (full 0):
 PSYoungGen      total 68096K, used 2557K [0x00000000eab00000, 0x00000000f4400000, 0x0000000100000000)
  eden space 65536K, 0% used [0x00000000eab00000,0x00000000eab00000,0x00000000eeb00000)
  from space 2560K, 99% used [0x00000000eeb00000,0x00000000eed7f560,0x00000000eed80000)
  to   space 12800K, 0% used [0x00000000f3780000,0x00000000f3780000,0x00000000f4400000)
 ParOldGen       total 44032K, used 24143K [0x00000000c0000000, 0x00000000c2b00000, 0x00000000eab00000)
  object space 44032K, 54% used [0x00000000c0000000,0x00000000c1793da0,0x00000000c2b00000)
 Metaspace       used 5983K, capacity 7088K, committed 7296K, reserved 1056768K
  class space    used 576K, capacity 616K, committed 640K, reserved 1048576K
}
Event: 7.906 GC heap before
{Heap before GC invocations=6 (full 0):
 PSYoungGen      total 68096K, used 68093K [0x00000000eab00000, 0x00000000f4400000, 0x0000000100000000)
  eden space 65536K, 100% used [0x00000000eab00000,0x00000000eeb00000,0x00000000eeb00000)
  from space 2560K, 99% used [0x00000000eeb00000,0x00000000eed7f560,0x00000000eed80000)
  to   space 12800K, 0% used [0x00000000f3780000,0x00000000f3780000,0x00000000f4400000)
 ParOldGen       total 44032K, used 24143K [0x00000000c0000000, 0x00000000c2b00000, 0x00000000eab00000)
  object space 44032K, 54% used [0x00000000c0000000,0x00000000c1793da0,0x00000000c2b00000)
 Metaspace       used 6035K, capacity 7152K, committed 7296K, reserved 1056768K
  class space    used 576K, capacity 616K, committed 640K, reserved 1048576K
Event: 8.244 GC heap after
Heap after GC invocations=6 (full 0):
 PSYoungGen      total 141312K, used 12786K [0x00000000eab00000, 0x00000000f4900000, 0x0000000100000000)
  eden space 128512K, 0% used [0x00000000eab00000,0x00000000eab00000,0x00000000f2880000)
  from space 12800K, 99% used [0x00000000f3780000,0x00000000f43fc830,0x00000000f4400000)
  to   space 15360K, 0% used [0x00000000f2880000,0x00000000f2880000,0x00000000f3780000)
 ParOldGen       total 44032K, used 24286K [0x00000000c0000000, 0x00000000c2b00000, 0x00000000eab00000)
  object space 44032K, 55% used [0x00000000c0000000,0x00000000c17b78a0,0x00000000c2b00000)
 Metaspace       used 6035K, capacity 7152K, committed 7296K, reserved 1056768K
  class space    used 576K, capacity 616K, committed 640K, reserved 1048576K
}
Event: 10.552 GC heap before
{Heap before GC invocations=7 (full 0):
 PSYoungGen      total 141312K, used 141298K [0x00000000eab00000, 0x00000000f4900000, 0x0000000100000000)
  eden space 128512K, 100% used [0x00000000eab00000,0x00000000f2880000,0x00000000f2880000)
  from space 12800K, 99% used [0x00000000f3780000,0x00000000f43fc830,0x00000000f4400000)
  to   space 15360K, 0% used [0x00000000f2880000,0x00000000f2880000,0x00000000f3780000)
 ParOldGen       total 44032K, used 24286K [0x00000000c0000000, 0x00000000c2b00000, 0x00000000eab00000)
  object space 44032K, 55% used [0x00000000c0000000,0x00000000c17b78a0,0x00000000c2b00000)
 Metaspace       used 6049K, capacity 7152K, committed 7296K, reserved 1056768K
  class space    used 576K, capacity 616K, committed 640K, reserved 1048576K
Event: 11.085 GC heap after
Heap after GC invocations=7 (full 0):
 PSYoungGen      total 143872K, used 15340K [0x00000000eab00000, 0x00000000fda00000, 0x0000000100000000)
  eden space 128512K, 0% used [0x00000000eab00000,0x00000000eab00000,0x00000000f2880000)
  from space 15360K, 99% used [0x00000000f2880000,0x00000000f377b0f0,0x00000000f3780000)
  to   space 26624K, 0% used [0x00000000fc000000,0x00000000fc000000,0x00000000fda00000)
 ParOldGen       total 44032K, used 41492K [0x00000000c0000000, 0x00000000c2b00000, 0x00000000eab00000)
  object space 44032K, 94% used [0x00000000c0000000,0x00000000c2885030,0x00000000c2b00000)
 Metaspace       used 6049K, capacity 7152K, committed 7296K, reserved 1056768K
  class space    used 576K, capacity 616K, committed 640K, reserved 1048576K
}
Event: 11.085 GC heap before
{Heap before GC invocations=8 (full 1):
 PSYoungGen      total 143872K, used 15340K [0x00000000eab00000, 0x00000000fda00000, 0x0000000100000000)
  eden space 128512K, 0% used [0x00000000eab00000,0x00000000eab00000,0x00000000f2880000)
  from space 15360K, 99% used [0x00000000f2880000,0x00000000f377b0f0,0x00000000f3780000)
  to   space 26624K, 0% used [0x00000000fc000000,0x00000000fc000000,0x00000000fda00000)
 ParOldGen       total 44032K, used 41492K [0x00000000c0000000, 0x00000000c2b00000, 0x00000000eab00000)
  object space 44032K, 94% used [0x00000000c0000000,0x00000000c2885030,0x00000000c2b00000)
 Metaspace       used 6049K, capacity 7152K, committed 7296K, reserved 1056768K
  class space    used 576K, capacity 616K, committed 640K, reserved 1048576K
Event: 13.040 GC heap after
Heap after GC invocations=8 (full 1):
 PSYoungGen      total 143872K, used 9655K [0x00000000eab00000, 0x00000000fda00000, 0x0000000100000000)
  eden space 128512K, 0% used [0x00000000eab00000,0x00000000eab00000,0x00000000f2880000)
  from space 15360K, 62% used [0x00000000f2880000,0x00000000f31edc58,0x00000000f3780000)
  to   space 26624K, 0% used [0x00000000fc000000,0x00000000fc000000,0x00000000fda00000)
 ParOldGen       total 82432K, used 43551K [0x00000000c0000000, 0x00000000c5080000, 0x00000000eab00000)
  object space 82432K, 52% used [0x00000000c0000000,0x00000000c2a87e60,0x00000000c5080000)
 Metaspace       used 6049K, capacity 7152K, committed 7296K, reserved 1056768K
  class space    used 576K, capacity 616K, committed 640K, reserved 1048576K
}

Deoptimization events (10 events):
Event: 13.612 Thread 0x000000000214f000 Uncommon trap: reason=class_check action=maybe_recompile pc=0x0000000002b33734 method=java.util.Arrays.hashCode([Ljava/lang/Object;)I @ 43
Event: 13.612 Thread 0x000000000214f000 Uncommon trap: reason=class_check action=maybe_recompile pc=0x0000000002b33734 method=java.util.Arrays.hashCode([Ljava/lang/Object;)I @ 43
Event: 13.612 Thread 0x000000000214f000 Uncommon trap: reason=class_check action=maybe_recompile pc=0x0000000002b27568 method=java.util.Arrays.hashCode([Ljava/lang/Object;)I @ 43
Event: 13.939 Thread 0x000000000214f000 Uncommon trap: reason=speculate_class_check action=maybe_recompile pc=0x0000000002a5f148 method=com.android.dx.util.FixedSizeList.equals(Ljava/lang/Object;)Z @ 25
Event: 13.939 Thread 0x000000000214f000 Uncommon trap: reason=speculate_class_check action=maybe_recompile pc=0x0000000002a5f148 method=com.android.dx.util.FixedSizeList.equals(Ljava/lang/Object;)Z @ 25
Event: 13.939 Thread 0x000000000214f000 Uncommon trap: reason=speculate_class_check action=maybe_recompile pc=0x0000000002a5f148 method=com.android.dx.util.FixedSizeList.equals(Ljava/lang/Object;)Z @ 25
Event: 13.940 Thread 0x000000000214f000 Uncommon trap: reason=speculate_class_check action=maybe_recompile pc=0x0000000002a5f148 method=com.android.dx.util.FixedSizeList.equals(Ljava/lang/Object;)Z @ 25
Event: 13.940 Thread 0x000000000214f000 Uncommon trap: reason=unstable_if action=reinterpret pc=0x0000000002ec860c method=java.util.TreeMap.put(Ljava/lang/Object;Ljava/lang/Object;)Ljava/lang/Object; @ 163
Event: 14.375 Thread 0x000000000214f000 Uncommon trap: reason=unstable_if action=reinterpret pc=0x000000000301e0c8 method=java.util.ArrayList.<init>(I)V @ 5
Event: 14.437 Thread 0x000000000214f000 Uncommon trap: reason=unstable_if action=reinterpret pc=0x0000000002926b3c method=java.lang.Long.numberOfTrailingZeros(J)I @ 3

Internal exceptions (7 events):
Event: 0.077 Thread 0x000000000214f000 Exception <a 'java/lang/NoSuchMethodError': Method sun.misc.Unsafe.defineClass(Ljava/lang/String;[BII)Ljava/lang/Class; name or signature does not match> (0x00000000eab12f20) thrown at [C:\re\workspace\8-2-build-windows-amd64-cygwin\jdk8u45\3627\hotspot\srÊp®4¬É³?
Event: 0.077 Thread 0x000000000214f000 Exception <a 'java/lang/NoSuchMethodError': Method sun.misc.Unsafe.prefetchRead(Ljava/lang/Object;J)V name or signature does not match> (0x00000000eab131b0) thrown at [C:\re\workspace\8-2-build-windows-amd64-cygwin\jdk8u45\3627\hotspot\src\share\vm\prims\jñœ'ƒ@
Event: 2.189 Thread 0x000000000214f000 Implicit null exception at 0x000000000298ce4c to 0x000000000298f155
Event: 3.650 Thread 0x000000000214f000 Implicit null exception at 0x0000000002a04dd2 to 0x0000000002a04e71
Event: 5.560 Thread 0x000000000214f000 Exception <a 'java/lang/ArrayIndexOutOfBoundsException': 18> (0x00000000eab0d2b8) thrown at [C:\re\workspace\8-2-build-windows-amd64-cygwin\jdk8u45\3627\hotspot\src\share\vm\interpreter\interpreterRuntime.cpp, line 366]
Event: 5.822 Thread 0x000000000214f000 Exception <a 'java/lang/ArrayIndexOutOfBoundsException'> (0x00000000ec1b21f8) thrown at [C:\re\workspace\8-2-build-windows-amd64-cygwin\jdk8u45\3627\hotspot\src\share\vm\runtime\sharedRuntime.cpp, line 605]
Event: 5.823 Thread 0x000000000214f000 Exception <a 'java/lang/ArrayIndexOutOfBoundsException'> (0x00000000ec1b3430) thrown at [C:\re\workspace\8-2-build-windows-amd64-cygwin\jdk8u45\3627\hotspot\src\share\vm\runtime\sharedRuntime.cpp, line 605]

Events (10 events):
Event: 14.376 loading class com/android/dx/dex/file/DebugInfoEncoder$2 done
Event: 14.425 Thread 0x000000000214f000 DEOPT PACKING pc=0x000000000304fee1 sp=0x000000000229eda0
Event: 14.425 Thread 0x000000000214f000 DEOPT UNPACKING pc=0x00000000026a71bf sp=0x000000000229ebc8 mode 0
Event: 14.427 loading class com/android/dex/EncodedValueCodec
Event: 14.427 loading class com/android/dex/EncodedValueCodec done
Event: 14.437 Thread 0x000000000214f000 Uncommon trap: trap_request=0xffffff65 fr.pc=0x0000000002926b3c
Event: 14.437 Thread 0x000000000214f000 DEOPT PACKING pc=0x0000000002926b3c sp=0x000000000229ef60
Event: 14.437 Thread 0x000000000214f000 DEOPT UNPACKING pc=0x00000000026a556a sp=0x000000000229eef0 mode 2
Event: 14.453 loading class com/android/dx/dex/file/MapItem
Event: 14.453 loading class com/android/dx/dex/file/MapItem done


Dynamic libraries:
0x000000013f7c0000 - 0x000000013f7f7000 	C:\Program Files\Java\jdk1.8.0_45\bin\java.exe
0x0000000077120000 - 0x00000000772c9000 	C:\Windows\SYSTEM32\ntdll.dll
0x0000000077000000 - 0x000000007711f000 	C:\Windows\system32\kernel32.dll
0x000007fefcf70000 - 0x000007fefcfdb000 	C:\Windows\system32\KERNELBASE.dll
0x000007fefdb00000 - 0x000007fefdbdb000 	C:\Windows\system32\ADVAPI32.dll
0x000007fefdbe0000 - 0x000007fefdc7f000 	C:\Windows\system32\msvcrt.dll
0x000007fefd350000 - 0x000007fefd36f000 	C:\Windows\SYSTEM32\sechost.dll
0x000007feff0b0000 - 0x000007feff1dd000 	C:\Windows\system32\RPCRT4.dll
0x0000000076f00000 - 0x0000000076ffa000 	C:\Windows\system32\USER32.dll
0x000007fefdc80000 - 0x000007fefdce7000 	C:\Windows\system32\GDI32.dll
0x000007fefd2a0000 - 0x000007fefd2ae000 	C:\Windows\system32\LPK.dll
0x000007fefed50000 - 0x000007fefee19000 	C:\Windows\system32\USP10.dll
0x000007fefb850000 - 0x000007fefba44000 	C:\Windows\WinSxS\amd64_microsoft.windows.common-controls_6595b64144ccf1df_6.0.7601.17514_none_fa396087175ac9ac\COMCTL32.dll
0x000007fefd2b0000 - 0x000007fefd321000 	C:\Windows\system32\SHLWAPI.dll
0x000007fefee20000 - 0x000007fefee4e000 	C:\Windows\system32\IMM32.DLL
0x000007fefef00000 - 0x000007feff009000 	C:\Windows\system32\MSCTF.dll
0x0000000070860000 - 0x0000000070932000 	C:\Program Files\Java\jdk1.8.0_45\jre\bin\msvcr100.dll
0x000000006ce00000 - 0x000000006d683000 	C:\Program Files\Java\jdk1.8.0_45\jre\bin\server\jvm.dll
0x000007fef11d0000 - 0x000007fef11d9000 	C:\Windows\system32\WSOCK32.dll
0x000007fefd9d0000 - 0x000007fefda1d000 	C:\Windows\system32\WS2_32.dll
0x000007fefee50000 - 0x000007fefee58000 	C:\Windows\system32\NSI.dll
0x000007fef9460000 - 0x000007fef949b000 	C:\Windows\system32\WINMM.dll
0x000007fefbfb0000 - 0x000007fefbfbc000 	C:\Windows\system32\VERSION.dll
0x00000000772e0000 - 0x00000000772e7000 	C:\Windows\system32\PSAPI.DLL
0x0000000073d10000 - 0x0000000073d1f000 	C:\Program Files\Java\jdk1.8.0_45\jre\bin\verify.dll
0x00000000729a0000 - 0x00000000729c9000 	C:\Program Files\Java\jdk1.8.0_45\jre\bin\java.dll
0x0000000072980000 - 0x0000000072996000 	C:\Program Files\Java\jdk1.8.0_45\jre\bin\zip.dll
0x000007fefdfc0000 - 0x000007fefed48000 	C:\Windows\system32\SHELL32.dll
0x000007fefd550000 - 0x000007fefd753000 	C:\Windows\system32\ole32.dll
0x000007fefcef0000 - 0x000007fefceff000 	C:\Windows\system32\profapi.dll
0x000007fef8230000 - 0x000007fef8355000 	C:\Windows\system32\dbghelp.dll

VM Arguments:
jvm_args: -Xmx1024M -Dfile.encoding=windows-1251 -Duser.country=US -Duser.language=en -Duser.variant 
java_command: com.android.dx.command.Main --dex --output D:\Common\Android_Studio\SME.01\app\build\intermediates\pre-dexed\debug\classes-38118fcf04cbef3ffd6dd00a7e6dff7a1ea1da01.jar D:\Common\Android_Studio\SME.01\app\build\intermediates\exploded-aar\com.android.support\support-v4\22.1.1\jars\classes.jar
java_class_path (initial): D:\Users\User\AppData\Local\Android\sdk1\build-tools\22.0.1\lib\dx.jar
Launcher Type: SUN_STANDARD

Environment Variables:
JAVA_HOME=C:\Program Files\Java\jdk1.7.0_79
PATH=C:\ProgramData\Oracle\Java\javapath;C:\PROGRA~2\Borland\CBUILD~1\Bin;C:\PROGRA~2\Borland\CBUILD~1\Projects\Bpl;C:\Windows\system32;C:\Windows;C:\Windows\System32\Wbem;C:\Windows\System32\WindowsPowerShell\v1.0\;C:\Program Files (x86)\Skype\Phone\;C:\Program Files (x86)\nodejs\;C:\Program Files (x86)\Microsoft SQL Server\100\Tools\Binn\;C:\Program Files\Microsoft SQL Server\100\Tools\Binn\;C:\Program Files\Microsoft SQL Server\100\DTS\Binn\;C:\Program Files (x86)\Windows Kits\8.1\Windows Performance Toolkit\;C:\Program Files\Microsoft SQL Server\110\Tools\Binn\;C:\Users\User\AppData\Roaming\npm;C:\Program Files\Java\jdk1.7.0_79\bin;D:\Grails_Groovy\grails-2.5.0\bin;D:\Grails_Groovy\groovy-2.4.3\bin;
USERNAME=User
OS=Windows_NT
PROCESSOR_IDENTIFIER=Intel64 Family 6 Model 15 Stepping 11, GenuineIntel



---------------  S Y S T E M  ---------------

OS: Windows 7 , 64 bit Build 7601 (6.1.7601.18015)

CPU:total 4 (4 cores per cpu, 1 threads per core) family 6 model 15 stepping 11, cmov, cx8, fxsr, mmx, sse, sse2, sse3, ssse3, tsc

Memory: 4k page, physical 4192824k(661992k free), swap 8383784k(4189460k free)

vm_info: Java HotSpot(TM) 64-Bit Server VM (25.45-b02) for windows-amd64 JRE (1.8.0_45-b15), built on Apr 30 2015 12:40:44 by "java_re" with MS VC++ 10.0 (VS2010)

time: Wed Jul 01 23:24:05 2015
elapsed time: 14 seconds (0d 0h 0m 14s)

