#
# A fatal error has been detected by the Java Runtime Environment:
#
#  EXCEPTION_ACCESS_VIOLATION (0xc0000005) at pc=0xffffffffa3765120, pid=6088, tid=5884
#
# JRE version: Java(TM) SE Runtime Environment (8.0_45-b15) (build 1.8.0_45-b15)
# Java VM: Java HotSpot(TM) 64-Bit Server VM (25.45-b02 mixed mode windows-amd64 compressed oops)
# Problematic frame:
# C  0xffffffffa3765120
#
# Failed to write core dump. Minidumps are not enabled by default on client versions of Windows
#
# If you would like to submit a bug report, please visit:
#   http://bugreport.java.com/bugreport/crash.jsp
#

---------------  T H R E A D  ---------------

Current thread (0x0000000001d3f000):  JavaThread "main" [_thread_in_Java, id=5884, stack(0x0000000002390000,0x0000000002490000)]

siginfo: ExceptionCode=0xc0000005, ExceptionInformation=0x0000000000000008 0xffffffffa3765120

Registers:
RAX=0x0000000000000000, RBX=0x00000000efcbfe98, RCX=0x000000000001415e, RDX=0x00000000efcc0198
RSP=0x000000000248eae8, RBP=0x000000000248eed8, RSI=0x00000000efcc0198, RDI=0x0000000000000000
R8 =0x00000000f3902188, R9 =0x00000000f3902188, R10=0x00000000f377f890, R11=0x0000000000000000
R12=0x0000000000000000, R13=0x0000000054e12600, R14=0x00000000f390d1a8, R15=0x0000000001d3f000
RIP=0xffffffffa3765120, EFLAGS=0x0000000000010293

Top of Stack: (sp=0x000000000248eae8)
0x000000000248eae8:   0000000002ef12ec ffffffffffffffff
0x000000000248eaf8:   0000000054ec35f8 00000000f3949798
0x000000000248eb08:   00000000efcbf6a8 00000000f4178f70
0x000000000248eb18:   00000000f390d1a8 00000000f390d1a8
0x000000000248eb28:   00000000f3705708 0000000054da6928
0x000000000248eb38:   0000000000000000 000000000248eed8
0x000000000248eb48:   0000000002f05e8c 000000000248eb70
0x000000000248eb58:   000000000248eed8 000000000248eed8
0x000000000248eb68:   0000000002f29394 00000000f3902188
0x000000000248eb78:   0000000100000012 00000000efcbfe98
0x000000000248eb88:   00000000f3902188 0000000000000000
0x000000000248eb98:   00000000f416ec98 00000000ffffffff
0x000000000248eba8:   00000000f416f058 000000000248eed8
0x000000000248ebb8:   00000000f39d4178 000000000248eed8
0x000000000248ebc8:   0000000002f20aec 0000001000000009
0x000000000248ebd8:   00000000efcbfe98 00000000f4178fc8 

Instructions: (pc=0xffffffffa3765120)
0xffffffffa3765100:   
[error occurred during error reporting (printing registers, top of stack, instructions near pc), id 0xc0000005]

Register to memory mapping:

RAX=0x0000000000000000 is an unknown value
RBX=0x00000000efcbfe98 is an oop
com.android.dx.dex.code.LocalList$MakeState 
 - klass: 'com/android/dx/dex/code/LocalList$MakeState'
RCX=0x000000000001415e is an unknown value
RDX=0x00000000efcc0198 is an oop
com.android.dx.rop.code.RegisterSpecSet 
 - klass: 'com/android/dx/rop/code/RegisterSpecSet'
RSP=0x000000000248eae8 is pointing into the stack for thread: 0x0000000001d3f000
RBP=0x000000000248eed8 is pointing into the stack for thread: 0x0000000001d3f000
RSI=0x00000000efcc0198 is an oop
com.android.dx.rop.code.RegisterSpecSet 
 - klass: 'com/android/dx/rop/code/RegisterSpecSet'
RDI=0x0000000000000000 is an unknown value
R8 =0x00000000f3902188 is an oop
com.android.dx.rop.code.RegisterSpec 
 - klass: 'com/android/dx/rop/code/RegisterSpec'
R9 =0x00000000f3902188 is an oop
com.android.dx.rop.code.RegisterSpec 
 - klass: 'com/android/dx/rop/code/RegisterSpec'
R10=0x00000000f377f890 is an oop
com.android.dx.rop.type.Type 
 - klass: 'com/android/dx/rop/type/Type'
R11=0x0000000000000000 is an unknown value
R12=0x0000000000000000 is an unknown value
R13=0x0000000054e12600 is pointing into metadata
R14=0x00000000f390d1a8 is an oop
com.android.dx.rop.code.RegisterSpec 
 - klass: 'com/android/dx/rop/code/RegisterSpec'
R15=0x0000000001d3f000 is a thread


Stack: [0x0000000002390000,0x0000000002490000],  sp=0x000000000248eae8,  free space=1018k
Native frames: (J=compiled Java code, j=interpreted, Vv=VM code, C=native code)
C  0xffffffffa3765120


---------------  P R O C E S S  ---------------

Java Threads: ( => current thread )
  0x000000005524e800 JavaThread "Service Thread" daemon [_thread_blocked, id=4708, stack(0x00000000571b0000,0x00000000572b0000)]
  0x000000005524c000 JavaThread "C1 CompilerThread2" daemon [_thread_blocked, id=696, stack(0x0000000056be0000,0x0000000056ce0000)]
  0x000000005524b000 JavaThread "C2 CompilerThread1" daemon [_thread_blocked, id=2696, stack(0x00000000569c0000,0x0000000056ac0000)]
  0x0000000055246800 JavaThread "C2 CompilerThread0" daemon [_thread_blocked, id=5996, stack(0x00000000567c0000,0x00000000568c0000)]
  0x0000000055242800 JavaThread "Attach Listener" daemon [_thread_blocked, id=4224, stack(0x0000000056380000,0x0000000056480000)]
  0x0000000055241000 JavaThread "Signal Dispatcher" daemon [_thread_blocked, id=3184, stack(0x00000000565f0000,0x00000000566f0000)]
  0x00000000551e1000 JavaThread "Finalizer" daemon [_thread_blocked, id=6132, stack(0x00000000564f0000,0x00000000565f0000)]
  0x00000000551e0000 JavaThread "Reference Handler" daemon [_thread_blocked, id=5236, stack(0x0000000056240000,0x0000000056340000)]
=>0x0000000001d3f000 JavaThread "main" [_thread_in_Java, id=5884, stack(0x0000000002390000,0x0000000002490000)]

Other Threads:
  0x00000000551da800 VMThread [stack: 0x00000000560e0000,0x00000000561e0000] [id=4156]
  0x0000000056ce1000 WatcherThread [stack: 0x0000000056ae0000,0x0000000056be0000] [id=4884]

VM state:synchronizing (normal execution)

VM Mutex/Monitor currently owned by a thread:  ([mutex/lock_event])
[0x0000000001d3c5f0] Safepoint_lock - owner thread: 0x00000000551da800
[0x0000000001d3c670] Threads_lock - owner thread: 0x00000000551da800

Heap:
 PSYoungGen      total 141824K, used 97253K [0x00000000eab00000, 0x00000000f4600000, 0x0000000100000000)
  eden space 129536K, 65% used [0x00000000eab00000,0x00000000efe6ffc0,0x00000000f2980000)
  from space 12288K, 96% used [0x00000000f3700000,0x00000000f4289638,0x00000000f4300000)
  to   space 13824K, 0% used [0x00000000f2980000,0x00000000f2980000,0x00000000f3700000)
 ParOldGen       total 44032K, used 22621K [0x00000000c0000000, 0x00000000c2b00000, 0x00000000eab00000)
  object space 44032K, 51% used [0x00000000c0000000,0x00000000c1617480,0x00000000c2b00000)
 Metaspace       used 6323K, capacity 7408K, committed 7552K, reserved 1056768K
  class space    used 594K, capacity 616K, committed 640K, reserved 1048576K

Card table byte_map: [0x0000000011b20000,0x0000000011d30000] byte_map_base: 0x0000000011520000

Marking Bits: (ParMarkBitMap*) 0x000000006f234040
 Begin Bits: [0x0000000012650000, 0x0000000013650000)
 End Bits:   [0x0000000013650000, 0x0000000014650000)

Polling page: 0x0000000000140000

CodeCache: size=245760Kb used=8541Kb max_used=8570Kb free=237218Kb
 bounds [0x0000000002760000, 0x0000000002fd0000, 0x0000000011760000]
 total_blobs=2303 nmethods=2039 adapters=178
 compilation: enabled

Compilation events (10 events):
Event: 10.646 Thread 0x000000005524c000 nmethod 2070 0x0000000002f51210 code [0x0000000002f513a0, 0x0000000002f51728]
Event: 10.646 Thread 0x000000005524c000 2071       3       com.android.dx.rop.code.RegisterSpecSet::withOffset (77 bytes)
Event: 10.647 Thread 0x000000005524c000 nmethod 2071 0x0000000002f51990 code [0x0000000002f51b80, 0x0000000002f52698]
Event: 10.647 Thread 0x000000005524c000 2072       2       com.android.dx.dex.code.HighRegisterPrefix::codeSize (45 bytes)
Event: 10.648 Thread 0x000000005524c000 nmethod 2072 0x0000000002f52b90 code [0x0000000002f52d00, 0x0000000002f52f58]
Event: 10.648 Thread 0x000000005524c000 2073       2       com.android.dx.dex.code.HighRegisterPrefix::calculateInsnsIfNecessary (73 bytes)
Event: 10.648 Thread 0x000000005524c000 nmethod 2073 0x0000000002f53110 code [0x0000000002f532e0, 0x0000000002f53798]
Event: 10.648 Thread 0x000000005524c000 2075       3       com.android.dx.rop.code.RegisterSpecSet::findMatchingLocal (49 bytes)
Event: 10.648 Thread 0x000000005524c000 nmethod 2075 0x0000000002f53c50 code [0x0000000002f53de0, 0x0000000002f54188]
Event: 10.648 Thread 0x000000005524c000 2074       2       com.android.dx.dex.code.HighRegisterPrefix::moveInsnFor (16 bytes)

GC Heap History (10 events):
Event: 2.844 GC heap before
{Heap before GC invocations=2 (full 0):
 PSYoungGen      total 18944K, used 18927K [0x00000000eab00000, 0x00000000ed000000, 0x0000000100000000)
  eden space 16384K, 100% used [0x00000000eab00000,0x00000000ebb00000,0x00000000ebb00000)
  from space 2560K, 99% used [0x00000000ebb00000,0x00000000ebd7bf08,0x00000000ebd80000)
  to   space 2560K, 0% used [0x00000000ecd80000,0x00000000ecd80000,0x00000000ed000000)
 ParOldGen       total 44032K, used 1816K [0x00000000c0000000, 0x00000000c2b00000, 0x00000000eab00000)
  object space 44032K, 4% used [0x00000000c0000000,0x00000000c01c61a0,0x00000000c2b00000)
 Metaspace       used 5655K, capacity 6960K, committed 7040K, reserved 1056768K
  class space    used 554K, capacity 616K, committed 640K, reserved 1048576K
Event: 3.288 GC heap after
Heap after GC invocations=2 (full 0):
 PSYoungGen      total 35328K, used 2538K [0x00000000eab00000, 0x00000000ed000000, 0x0000000100000000)
  eden space 32768K, 0% used [0x00000000eab00000,0x00000000eab00000,0x00000000ecb00000)
  from space 2560K, 99% used [0x00000000ecd80000,0x00000000ecffab58,0x00000000ed000000)
  to   space 2560K, 0% used [0x00000000ecb00000,0x00000000ecb00000,0x00000000ecd80000)
 ParOldGen       total 44032K, used 3970K [0x00000000c0000000, 0x00000000c2b00000, 0x00000000eab00000)
  object space 44032K, 9% used [0x00000000c0000000,0x00000000c03e0ad0,0x00000000c2b00000)
 Metaspace       used 5655K, capacity 6960K, committed 7040K, reserved 1056768K
  class space    used 554K, capacity 616K, committed 640K, reserved 1048576K
}
Event: 4.005 GC heap before
{Heap before GC invocations=3 (full 0):
 PSYoungGen      total 35328K, used 35306K [0x00000000eab00000, 0x00000000ed000000, 0x0000000100000000)
  eden space 32768K, 100% used [0x00000000eab00000,0x00000000ecb00000,0x00000000ecb00000)
  from space 2560K, 99% used [0x00000000ecd80000,0x00000000ecffab58,0x00000000ed000000)
  to   space 2560K, 0% used [0x00000000ecb00000,0x00000000ecb00000,0x00000000ecd80000)
 ParOldGen       total 44032K, used 3970K [0x00000000c0000000, 0x00000000c2b00000, 0x00000000eab00000)
  object space 44032K, 9% used [0x00000000c0000000,0x00000000c03e0ad0,0x00000000c2b00000)
 Metaspace       used 5804K, capacity 7024K, committed 7296K, reserved 1056768K
  class space    used 556K, capacity 616K, committed 640K, reserved 1048576K
Event: 4.289 GC heap after
Heap after GC invocations=3 (full 0):
 PSYoungGen      total 35328K, used 2550K [0x00000000eab00000, 0x00000000ef000000, 0x0000000100000000)
  eden space 32768K, 0% used [0x00000000eab00000,0x00000000eab00000,0x00000000ecb00000)
  from space 2560K, 99% used [0x00000000ecb00000,0x00000000ecd7db20,0x00000000ecd80000)
  to   space 2560K, 0% used [0x00000000eed80000,0x00000000eed80000,0x00000000ef000000)
 ParOldGen       total 44032K, used 9249K [0x00000000c0000000, 0x00000000c2b00000, 0x00000000eab00000)
  object space 44032K, 21% used [0x00000000c0000000,0x00000000c09084b0,0x00000000c2b00000)
 Metaspace       used 5804K, capacity 7024K, committed 7296K, reserved 1056768K
  class space    used 556K, capacity 616K, committed 640K, reserved 1048576K
}
Event: 4.902 GC heap before
{Heap before GC invocations=4 (full 0):
 PSYoungGen      total 35328K, used 35318K [0x00000000eab00000, 0x00000000ef000000, 0x0000000100000000)
  eden space 32768K, 100% used [0x00000000eab00000,0x00000000ecb00000,0x00000000ecb00000)
  from space 2560K, 99% used [0x00000000ecb00000,0x00000000ecd7db20,0x00000000ecd80000)
  to   space 2560K, 0% used [0x00000000eed80000,0x00000000eed80000,0x00000000ef000000)
 ParOldGen       total 44032K, used 9249K [0x00000000c0000000, 0x00000000c2b00000, 0x00000000eab00000)
  object space 44032K, 21% used [0x00000000c0000000,0x00000000c09084b0,0x00000000c2b00000)
 Metaspace       used 5918K, capacity 7088K, committed 7296K, reserved 1056768K
  class space    used 575K, capacity 616K, committed 640K, reserved 1048576K
Event: 6.029 GC heap after
Heap after GC invocations=4 (full 0):
 PSYoungGen      total 68096K, used 2550K [0x00000000eab00000, 0x00000000ef000000, 0x0000000100000000)
  eden space 65536K, 0% used [0x00000000eab00000,0x00000000eab00000,0x00000000eeb00000)
  from space 2560K, 99% used [0x00000000eed80000,0x00000000eeffdb20,0x00000000ef000000)
  to   space 2560K, 0% used [0x00000000eeb00000,0x00000000eeb00000,0x00000000eed80000)
 ParOldGen       total 44032K, used 13002K [0x00000000c0000000, 0x00000000c2b00000, 0x00000000eab00000)
  object space 44032K, 29% used [0x00000000c0000000,0x00000000c0cb28a8,0x00000000c2b00000)
 Metaspace       used 5918K, capacity 7088K, committed 7296K, reserved 1056768K
  class space    used 575K, capacity 616K, committed 640K, reserved 1048576K
}
Event: 6.701 GC heap before
{Heap before GC invocations=5 (full 0):
 PSYoungGen      total 68096K, used 68086K [0x00000000eab00000, 0x00000000ef000000, 0x0000000100000000)
  eden space 65536K, 100% used [0x00000000eab00000,0x00000000eeb00000,0x00000000eeb00000)
  from space 2560K, 99% used [0x00000000eed80000,0x00000000eeffdb20,0x00000000ef000000)
  to   space 2560K, 0% used [0x00000000eeb00000,0x00000000eeb00000,0x00000000eed80000)
 ParOldGen       total 44032K, used 13002K [0x00000000c0000000, 0x00000000c2b00000, 0x00000000eab00000)
  object space 44032K, 29% used [0x00000000c0000000,0x00000000c0cb28a8,0x00000000c2b00000)
 Metaspace       used 5949K, capacity 7088K, committed 7296K, reserved 1056768K
  class space    used 576K, capacity 616K, committed 640K, reserved 1048576K
Event: 7.787 GC heap after
Heap after GC invocations=5 (full 0):
 PSYoungGen      total 68096K, used 2556K [0x00000000eab00000, 0x00000000f4300000, 0x0000000100000000)
  eden space 65536K, 0% used [0x00000000eab00000,0x00000000eab00000,0x00000000eeb00000)
  from space 2560K, 99% used [0x00000000eeb00000,0x00000000eed7f1b0,0x00000000eed80000)
  to   space 12288K, 0% used [0x00000000f3700000,0x00000000f3700000,0x00000000f4300000)
 ParOldGen       total 44032K, used 22621K [0x00000000c0000000, 0x00000000c2b00000, 0x00000000eab00000)
  object space 44032K, 51% used [0x00000000c0000000,0x00000000c1617480,0x00000000c2b00000)
 Metaspace       used 5949K, capacity 7088K, committed 7296K, reserved 1056768K
  class space    used 576K, capacity 616K, committed 640K, reserved 1048576K
}
Event: 8.276 GC heap before
{Heap before GC invocations=6 (full 0):
 PSYoungGen      total 68096K, used 68092K [0x00000000eab00000, 0x00000000f4300000, 0x0000000100000000)
  eden space 65536K, 100% used [0x00000000eab00000,0x00000000eeb00000,0x00000000eeb00000)
  from space 2560K, 99% used [0x00000000eeb00000,0x00000000eed7f1b0,0x00000000eed80000)
  to   space 12288K, 0% used [0x00000000f3700000,0x00000000f3700000,0x00000000f4300000)
 ParOldGen       total 44032K, used 22621K [0x00000000c0000000, 0x00000000c2b00000, 0x00000000eab00000)
  object space 44032K, 51% used [0x00000000c0000000,0x00000000c1617480,0x00000000c2b00000)
 Metaspace       used 5964K, capacity 7088K, committed 7296K, reserved 1056768K
  class space    used 576K, capacity 616K, committed 640K, reserved 1048576K
Event: 9.333 GC heap after
Heap after GC invocations=6 (full 0):
 PSYoungGen      total 141824K, used 11813K [0x00000000eab00000, 0x00000000f4600000, 0x0000000100000000)
  eden space 129536K, 0% used [0x00000000eab00000,0x00000000eab00000,0x00000000f2980000)
  from space 12288K, 96% used [0x00000000f3700000,0x00000000f4289638,0x00000000f4300000)
  to   space 13824K, 0% used [0x00000000f2980000,0x00000000f2980000,0x00000000f3700000)
 ParOldGen       total 44032K, used 22621K [0x00000000c0000000, 0x00000000c2b00000, 0x00000000eab00000)
  object space 44032K, 51% used [0x00000000c0000000,0x00000000c1617480,0x00000000c2b00000)
 Metaspace       used 5964K, capacity 7088K, committed 7296K, reserved 1056768K
  class space    used 576K, capacity 616K, committed 640K, reserved 1048576K
}

Deoptimization events (10 events):
Event: 10.257 Thread 0x0000000001d3f000 Uncommon trap: reason=class_check action=maybe_recompile pc=0x0000000002c76834 method=java.util.Arrays.hashCode([Ljava/lang/Object;)I @ 43
Event: 10.257 Thread 0x0000000001d3f000 Uncommon trap: reason=class_check action=maybe_recompile pc=0x0000000002c76834 method=java.util.Arrays.hashCode([Ljava/lang/Object;)I @ 43
Event: 10.257 Thread 0x0000000001d3f000 Uncommon trap: reason=class_check action=maybe_recompile pc=0x0000000002c76834 method=java.util.Arrays.hashCode([Ljava/lang/Object;)I @ 43
Event: 10.257 Thread 0x0000000001d3f000 Uncommon trap: reason=class_check action=maybe_recompile pc=0x0000000002c76834 method=java.util.Arrays.hashCode([Ljava/lang/Object;)I @ 43
Event: 10.258 Thread 0x0000000001d3f000 Uncommon trap: reason=class_check action=maybe_recompile pc=0x0000000002c4eee8 method=java.util.Arrays.hashCode([Ljava/lang/Object;)I @ 43
Event: 10.475 Thread 0x0000000001d3f000 Uncommon trap: reason=speculate_class_check action=maybe_recompile pc=0x0000000002b863dc method=com.android.dx.util.FixedSizeList.equals(Ljava/lang/Object;)Z @ 25
Event: 10.475 Thread 0x0000000001d3f000 Uncommon trap: reason=unstable_if action=reinterpret pc=0x0000000002b82abc method=java.util.Arrays.equals([Ljava/lang/Object;[Ljava/lang/Object;)Z @ 23
Event: 10.502 Thread 0x0000000001d3f000 Uncommon trap: reason=speculate_class_check action=maybe_recompile pc=0x0000000002b863dc method=com.android.dx.util.FixedSizeList.equals(Ljava/lang/Object;)Z @ 25
Event: 10.502 Thread 0x0000000001d3f000 Uncommon trap: reason=speculate_class_check action=maybe_recompile pc=0x0000000002b863dc method=com.android.dx.util.FixedSizeList.equals(Ljava/lang/Object;)Z @ 25
Event: 10.502 Thread 0x0000000001d3f000 Uncommon trap: reason=speculate_class_check action=maybe_recompile pc=0x0000000002b863dc method=com.android.dx.util.FixedSizeList.equals(Ljava/lang/Object;)Z @ 25

Internal exceptions (8 events):
Event: 0.101 Thread 0x0000000001d3f000 Exception <a 'java/lang/NoSuchMethodError': Method sun.misc.Unsafe.defineClass(Ljava/lang/String;[BII)Ljava/lang/Class; name or signature does not match> (0x00000000eab12c28) thrown at [C:\re\workspace\8-2-build-windows-amd64-cygwin\jdk8u45\3627\hotspot\srËTéq„¿¹?
Event: 0.101 Thread 0x0000000001d3f000 Exception <a 'java/lang/NoSuchMethodError': Method sun.misc.Unsafe.prefetchRead(Ljava/lang/Object;J)V name or signature does not match> (0x00000000eab12eb8) thrown at [C:\re\workspace\8-2-build-windows-amd64-cygwin\jdk8u45\3627\hotspot\src\share\vm\prims\j„šØ)úéó?
Event: 1.245 Thread 0x0000000001d3f000 Implicit null exception at 0x0000000002a50512 to 0x0000000002a505b1
Event: 1.735 Thread 0x0000000001d3f000 Implicit null exception at 0x0000000002a22ffc to 0x0000000002a250f5
Event: 3.451 Thread 0x0000000001d3f000 Implicit null exception at 0x0000000002b35f53 to 0x0000000002b38361
Event: 4.426 Thread 0x0000000001d3f000 Exception <a 'java/lang/ArrayIndexOutOfBoundsException': 18> (0x00000000eb461558) thrown at [C:\re\workspace\8-2-build-windows-amd64-cygwin\jdk8u45\3627\hotspot\src\share\vm\interpreter\interpreterRuntime.cpp, line 366]
Event: 4.427 Thread 0x0000000001d3f000 Exception <a 'java/lang/ArrayIndexOutOfBoundsException'> (0x00000000eb463028) thrown at [C:\re\workspace\8-2-build-windows-amd64-cygwin\jdk8u45\3627\hotspot\src\share\vm\runtime\sharedRuntime.cpp, line 605]
Event: 4.428 Thread 0x0000000001d3f000 Exception <a 'java/lang/ArrayIndexOutOfBoundsException'> (0x00000000eb464260) thrown at [C:\re\workspace\8-2-build-windows-amd64-cygwin\jdk8u45\3627\hotspot\src\share\vm\runtime\sharedRuntime.cpp, line 605]

Events (10 events):
Event: 10.555 Thread 0x0000000001d3f000 DEOPT PACKING pc=0x0000000002ef7c4e sp=0x000000000248eba0
Event: 10.555 Thread 0x0000000001d3f000 DEOPT UNPACKING pc=0x00000000027a71bf sp=0x000000000248e928 mode 0
Event: 10.557 Thread 0x0000000001d3f000 DEOPT PACKING pc=0x0000000002efa9b5 sp=0x000000000248ec30
Event: 10.557 Thread 0x0000000001d3f000 DEOPT UNPACKING pc=0x00000000027a71bf sp=0x000000000248e980 mode 0
Event: 10.561 Thread 0x0000000001d3f000 DEOPT PACKING pc=0x0000000002eee831 sp=0x000000000248eb80
Event: 10.561 Thread 0x0000000001d3f000 DEOPT UNPACKING pc=0x00000000027a71bf sp=0x000000000248e908 mode 0
Event: 10.577 Thread 0x0000000001d3f000 DEOPT PACKING pc=0x0000000002eec9ec sp=0x000000000248eac0
Event: 10.577 Thread 0x0000000001d3f000 DEOPT UNPACKING pc=0x00000000027a71bf sp=0x000000000248e908 mode 0
Event: 10.646 Thread 0x0000000001d3f000 DEOPT PACKING pc=0x0000000002ee621a sp=0x000000000248ea20
Event: 10.646 Thread 0x0000000001d3f000 DEOPT UNPACKING pc=0x00000000027a71bf sp=0x000000000248e7a0 mode 0


Dynamic libraries:
0x000000013f700000 - 0x000000013f737000 	C:\Program Files\Java\jdk1.8.0_45\bin\java.exe
0x00000000775b0000 - 0x0000000077759000 	C:\Windows\SYSTEM32\ntdll.dll
0x0000000077390000 - 0x00000000774af000 	C:\Windows\system32\kernel32.dll
0x000007fefd6c0000 - 0x000007fefd72b000 	C:\Windows\system32\KERNELBASE.dll
0x000007fefe240000 - 0x000007fefe31b000 	C:\Windows\system32\ADVAPI32.dll
0x000007fefda00000 - 0x000007fefda9f000 	C:\Windows\system32\msvcrt.dll
0x000007feff7d0000 - 0x000007feff7ef000 	C:\Windows\SYSTEM32\sechost.dll
0x000007fefd730000 - 0x000007fefd85d000 	C:\Windows\system32\RPCRT4.dll
0x00000000774b0000 - 0x00000000775aa000 	C:\Windows\system32\USER32.dll
0x000007fefd930000 - 0x000007fefd997000 	C:\Windows\system32\GDI32.dll
0x000007fefe230000 - 0x000007fefe23e000 	C:\Windows\system32\LPK.dll
0x000007fefd860000 - 0x000007fefd929000 	C:\Windows\system32\USP10.dll
0x000007fefbce0000 - 0x000007fefbed4000 	C:\Windows\WinSxS\amd64_microsoft.windows.common-controls_6595b64144ccf1df_6.0.7601.17514_none_fa396087175ac9ac\COMCTL32.dll
0x000007fefe320000 - 0x000007fefe391000 	C:\Windows\system32\SHLWAPI.dll
0x000007fefe3a0000 - 0x000007fefe3ce000 	C:\Windows\system32\IMM32.DLL
0x000007feff1e0000 - 0x000007feff2e9000 	C:\Windows\system32\MSCTF.dll
0x0000000070dc0000 - 0x0000000070e92000 	C:\Program Files\Java\jdk1.8.0_45\jre\bin\msvcr100.dll
0x000000006ea30000 - 0x000000006f2b3000 	C:\Program Files\Java\jdk1.8.0_45\jre\bin\server\jvm.dll
0x000007fef1cf0000 - 0x000007fef1cf9000 	C:\Windows\system32\WSOCK32.dll
0x000007feff5a0000 - 0x000007feff5ed000 	C:\Windows\system32\WS2_32.dll
0x000007feff7f0000 - 0x000007feff7f8000 	C:\Windows\system32\NSI.dll
0x000007fefa1c0000 - 0x000007fefa1fb000 	C:\Windows\system32\WINMM.dll
0x000007fefc440000 - 0x000007fefc44c000 	C:\Windows\system32\VERSION.dll
0x0000000077770000 - 0x0000000077777000 	C:\Windows\system32\PSAPI.DLL
0x0000000072d80000 - 0x0000000072d8f000 	C:\Program Files\Java\jdk1.8.0_45\jre\bin\verify.dll
0x0000000070d90000 - 0x0000000070db9000 	C:\Program Files\Java\jdk1.8.0_45\jre\bin\java.dll
0x0000000072c70000 - 0x0000000072c86000 	C:\Program Files\Java\jdk1.8.0_45\jre\bin\zip.dll
0x000007fefe450000 - 0x000007feff1d8000 	C:\Windows\system32\SHELL32.dll
0x000007feff390000 - 0x000007feff593000 	C:\Windows\system32\ole32.dll
0x000007fefd380000 - 0x000007fefd38f000 	C:\Windows\system32\profapi.dll
0x000007fef9160000 - 0x000007fef9285000 	C:\Windows\system32\dbghelp.dll

VM Arguments:
jvm_args: -Xmx1024M -Dfile.encoding=windows-1251 -Duser.country=US -Duser.language=en -Duser.variant 
java_command: com.android.dx.command.Main --dex --output D:\Common\Android_Studio\SME.01\app\build\intermediates\pre-dexed\debug\classes-b4764924845c4990dd1c7b8ee71f67ad756e731b.jar D:\Common\Android_Studio\SME.01\app\build\intermediates\exploded-aar\com.android.support\appcompat-v7\22.1.1\jars\classes.jar
java_class_path (initial): D:\Users\User\AppData\Local\Android\sdk1\build-tools\22.0.1\lib\dx.jar
Launcher Type: SUN_STANDARD

Environment Variables:
JAVA_HOME=C:\Program Files\Java\jdk1.7.0_79
PATH=C:\ProgramData\Oracle\Java\javapath;C:\PROGRA~2\Borland\CBUILD~1\Bin;C:\PROGRA~2\Borland\CBUILD~1\Projects\Bpl;C:\Windows\system32;C:\Windows;C:\Windows\System32\Wbem;C:\Windows\System32\WindowsPowerShell\v1.0\;C:\Program Files (x86)\Skype\Phone\;C:\Program Files (x86)\nodejs\;C:\Program Files (x86)\Microsoft SQL Server\100\Tools\Binn\;C:\Program Files\Microsoft SQL Server\100\Tools\Binn\;C:\Program Files\Microsoft SQL Server\100\DTS\Binn\;C:\Program Files (x86)\Windows Kits\8.1\Windows Performance Toolkit\;C:\Program Files\Microsoft SQL Server\110\Tools\Binn\;C:\Users\User\AppData\Roaming\npm;C:\Program Files\Java\jdk1.7.0_79\bin;D:\Grails_Groovy\grails-2.5.0\bin;D:\Grails_Groovy\groovy-2.4.3\bin;
USERNAME=User
OS=Windows_NT
PROCESSOR_IDENTIFIER=Intel64 Family 6 Model 15 Stepping 11, GenuineIntel



---------------  S Y S T E M  ---------------

OS: Windows 7 , 64 bit Build 7601 (6.1.7601.18015)

CPU:total 4 (4 cores per cpu, 1 threads per core) family 6 model 15 stepping 11, cmov, cx8, fxsr, mmx, sse, sse2, sse3, ssse3, tsc

Memory: 4k page, physical 4192824k(602728k free), swap 8383784k(2859416k free)

vm_info: Java HotSpot(TM) 64-Bit Server VM (25.45-b02) for windows-amd64 JRE (1.8.0_45-b15), built on Apr 30 2015 12:40:44 by "java_re" with MS VC++ 10.0 (VS2010)

time: Thu Jul 02 21:38:45 2015
elapsed time: 16 seconds (0d 0h 0m 16s)

