#
# A fatal error has been detected by the Java Runtime Environment:
#
#  EXCEPTION_ACCESS_VIOLATION (0xc0000005) at pc=0xffffffffa3805120, pid=3948, tid=4040
#
# JRE version: Java(TM) SE Runtime Environment (8.0_45-b15) (build 1.8.0_45-b15)
# Java VM: Java HotSpot(TM) 64-Bit Server VM (25.45-b02 mixed mode windows-amd64 compressed oops)
# Problematic frame:
# C  0xffffffffa3805120
#
# Failed to write core dump. Minidumps are not enabled by default on client versions of Windows
#
# If you would like to submit a bug report, please visit:
#   http://bugreport.java.com/bugreport/crash.jsp
#

---------------  T H R E A D  ---------------

Current thread (0x00000000021af800):  JavaThread "main" [_thread_in_Java, id=4040, stack(0x0000000002430000,0x0000000002530000)]

siginfo: ExceptionCode=0xc0000005, ExceptionInformation=0x0000000000000008 0xffffffffa3805120

Registers:
RAX=0x00000000545d0488, RBX=0x00000000545d0488, RCX=0x00000000eabdec70, RDX=0x00000000eabdec70
RSP=0x000000000252c1c8, RBP=0x000000000252c220, RSI=0x00000000145ee270, RDI=0x0000000000000003
R8 =0x0000000000000148, R9 =0x00000000000000e0, R10=0x000000006b6fbba0, R11=0x000000000290b940
R12=0x0000000000000000, R13=0x000000000252c1d8, R14=0x000000000252c250, R15=0x00000000021af800
RIP=0xffffffffa3805120, EFLAGS=0x0000000000010202

Top of Stack: (sp=0x000000000252c1c8)
0x000000000252c1c8:   0000000002807a01 0000000002807a01
0x000000000252c1d8:   00000000eabdec70 000000000252c1e0
0x000000000252c1e8:   00000000546cf5f1 000000000252c250
0x000000000252c1f8:   00000000546cfac0 0000000000000000
0x000000000252c208:   00000000546cf618 000000000252c1d8
0x000000000252c218:   000000000252c230 000000000252c2a0
0x000000000252c228:   0000000002807a01 0000000000000000
0x000000000252c238:   00000000eabc1640 00000000eabc40a8
0x000000000252c248:   0000000000014787 00000000eabdec70
0x000000000252c258:   00000000eabdec70 000000000252c260
0x000000000252c268:   00000000546ce0c1 000000000252c2d0
0x000000000252c278:   00000000546ce708 0000000000000000
0x000000000252c288:   00000000546ce0d0 000000000252c230
0x000000000252c298:   000000000252c2b0 000000000252c320
0x000000000252c2a8:   0000000002807790 0000000000000000
0x000000000252c2b8:   00000000eabc1640 00000000eabc40a8 

Instructions: (pc=0xffffffffa3805120)
0xffffffffa3805100:   
[error occurred during error reporting (printing registers, top of stack, instructions near pc), id 0xc0000005]

Register to memory mapping:

RAX={method} {0x00000000545d0490} '<init>' '()V' in 'java/lang/Object'
RBX={method} {0x00000000545d0490} '<init>' '()V' in 'java/lang/Object'
RCX=0x00000000eabdec70 is an oop
java.util.HashMap$Node 
 - klass: 'java/util/HashMap$Node'
RDX=0x00000000eabdec70 is an oop
java.util.HashMap$Node 
 - klass: 'java/util/HashMap$Node'
RSP=0x000000000252c1c8 is pointing into the stack for thread: 0x00000000021af800
RBP=0x000000000252c220 is pointing into the stack for thread: 0x00000000021af800
RSI=0x00000000145ee270 is pointing into metadata
RDI=0x0000000000000003 is an unknown value
R8 =0x0000000000000148 is an unknown value
R9 =0x00000000000000e0 is an unknown value
R10=0x000000006b6fbba0 is an unknown value
R11=0x000000000290b940 is at entry_point+32 in (nmethod*)0x000000000290b7d0
R12=0x0000000000000000 is an unknown value
R13=0x000000000252c1d8 is pointing into the stack for thread: 0x00000000021af800
R14=0x000000000252c250 is pointing into the stack for thread: 0x00000000021af800
R15=0x00000000021af800 is a thread


Stack: [0x0000000002430000,0x0000000002530000],  sp=0x000000000252c1c8,  free space=1008k
Native frames: (J=compiled Java code, j=interpreted, Vv=VM code, C=native code)
C  0xffffffffa3805120


---------------  P R O C E S S  ---------------

Java Threads: ( => current thread )
  0x00000000565a8000 JavaThread "Service Thread" daemon [_thread_blocked, id=4692, stack(0x0000000056c70000,0x0000000056d70000)]
  0x000000005653c000 JavaThread "C1 CompilerThread2" daemon [_thread_blocked, id=4848, stack(0x0000000056f70000,0x0000000057070000)]
  0x000000005653b000 JavaThread "C2 CompilerThread1" daemon [_thread_blocked, id=4920, stack(0x0000000055fd0000,0x00000000560d0000)]
  0x0000000056537000 JavaThread "C2 CompilerThread0" daemon [_thread_blocked, id=3680, stack(0x0000000056da0000,0x0000000056ea0000)]
  0x0000000054fc5800 JavaThread "Attach Listener" daemon [_thread_blocked, id=2900, stack(0x0000000056b60000,0x0000000056c60000)]
  0x0000000054fc4000 JavaThread "Signal Dispatcher" daemon [_thread_blocked, id=4784, stack(0x0000000056940000,0x0000000056a40000)]
  0x0000000054f6a000 JavaThread "Finalizer" daemon [_thread_blocked, id=5028, stack(0x0000000056430000,0x0000000056530000)]
  0x0000000054f63800 JavaThread "Reference Handler" daemon [_thread_blocked, id=4516, stack(0x00000000561f0000,0x00000000562f0000)]
=>0x00000000021af800 JavaThread "main" [_thread_in_Java, id=4040, stack(0x0000000002430000,0x0000000002530000)]

Other Threads:
  0x0000000054f5e000 VMThread [stack: 0x00000000560e0000,0x00000000561e0000] [id=1540]
  0x00000000565c2000 WatcherThread [stack: 0x0000000057110000,0x0000000057210000] [id=2568]

VM state:not at safepoint (normal execution)

VM Mutex/Monitor currently owned by a thread: None

Heap:
 PSYoungGen      total 18944K, used 1311K [0x00000000eab00000, 0x00000000ec000000, 0x0000000100000000)
  eden space 16384K, 8% used [0x00000000eab00000,0x00000000eac47c30,0x00000000ebb00000)
  from space 2560K, 0% used [0x00000000ebd80000,0x00000000ebd80000,0x00000000ec000000)
  to   space 2560K, 0% used [0x00000000ebb00000,0x00000000ebb00000,0x00000000ebd80000)
 ParOldGen       total 44032K, used 0K [0x00000000c0000000, 0x00000000c2b00000, 0x00000000eab00000)
  object space 44032K, 0% used [0x00000000c0000000,0x00000000c0000000,0x00000000c2b00000)
 Metaspace       used 2550K, capacity 4480K, committed 4480K, reserved 1056768K
  class space    used 275K, capacity 384K, committed 384K, reserved 1048576K

Card table byte_map: [0x0000000011bc0000,0x0000000011dd0000] byte_map_base: 0x00000000115c0000

Marking Bits: (ParMarkBitMap*) 0x000000006b714040
 Begin Bits: [0x00000000123d0000, 0x00000000133d0000)
 End Bits:   [0x00000000133d0000, 0x00000000143d0000)

Polling page: 0x00000000005e0000

CodeCache: size=245760Kb used=1127Kb max_used=1127Kb free=244632Kb
 bounds [0x0000000002800000, 0x0000000002a70000, 0x0000000011800000]
 total_blobs=266 nmethods=31 adapters=151
 compilation: enabled

Compilation events (10 events):
Event: 0.095 Thread 0x000000005653c000 nmethod 22 0x0000000002917290 code [0x0000000002917420, 0x0000000002917958]
Event: 0.095 Thread 0x000000005653c000   29       3       java.io.DataInputStream::readShort (40 bytes)
Event: 0.096 Thread 0x000000005653c000 nmethod 29 0x0000000002917b50 code [0x0000000002917ce0, 0x0000000002918088]
Event: 0.096 Thread 0x000000005653c000   27       3       java.io.DataInputStream::readUnsignedShort (39 bytes)
Event: 0.096 Thread 0x000000005653c000 nmethod 27 0x00000000029181d0 code [0x0000000002918360, 0x0000000002918708]
Event: 0.096 Thread 0x000000005653c000   26       3       java.io.BufferedInputStream::read1 (108 bytes)
Event: 0.096 Thread 0x000000005653c000 nmethod 26 0x0000000002918850 code [0x0000000002918a60, 0x0000000002919298]
Event: 0.096 Thread 0x000000005653c000   30       1       java.lang.Object::<init> (1 bytes)
Event: 0.096 Thread 0x000000005653c000 nmethod 30 0x0000000002919690 code [0x00000000029197e0, 0x00000000029198f0]
Event: 0.097 Thread 0x000000005653c000   24       3       java.io.DataInputStream::readUTF (5 bytes)

GC Heap History (0 events):
No events

Deoptimization events (0 events):
No events

Internal exceptions (2 events):
Event: 0.038 Thread 0x00000000021af800 Exception <a 'java/lang/NoSuchMethodError': Method sun.misc.Unsafe.defineClass(Ljava/lang/String;[BII)Ljava/lang/Class; name or signature does not match> (0x00000000eab12de8) thrown at [C:\re\workspace\8-2-build-windows-amd64-cygwin\jdk8u45\3627\hotspot\srÐècu}£?
Event: 0.038 Thread 0x00000000021af800 Exception <a 'java/lang/NoSuchMethodError': Method sun.misc.Unsafe.prefetchRead(Ljava/lang/Object;J)V name or signature does not match> (0x00000000eab13078) thrown at [C:\re\workspace\8-2-build-windows-amd64-cygwin\jdk8u45\3627\hotspot\src\share\vm\prims\j

Events (10 events):
Event: 0.091 loading class sun/util/calendar/ZoneInfo
Event: 0.091 loading class sun/util/calendar/ZoneInfo done
Event: 0.091 loading class sun/util/calendar/ZoneInfoFile
Event: 0.091 loading class sun/util/calendar/ZoneInfoFile done
Event: 0.091 loading class sun/util/calendar/ZoneInfoFile$1
Event: 0.091 loading class sun/util/calendar/ZoneInfoFile$1 done
Event: 0.091 loading class java/io/DataInputStream
Event: 0.091 loading class java/io/DataInput
Event: 0.091 loading class java/io/DataInput done
Event: 0.091 loading class java/io/DataInputStream done


Dynamic libraries:
0x000000013fe30000 - 0x000000013fe67000 	C:\Program Files\Java\jdk1.8.0_45\bin\java.exe
0x00000000775b0000 - 0x0000000077759000 	C:\Windows\SYSTEM32\ntdll.dll
0x0000000077390000 - 0x00000000774af000 	C:\Windows\system32\kernel32.dll
0x000007fefd6c0000 - 0x000007fefd72b000 	C:\Windows\system32\KERNELBASE.dll
0x000007fefe240000 - 0x000007fefe31b000 	C:\Windows\system32\ADVAPI32.dll
0x000007fefda00000 - 0x000007fefda9f000 	C:\Windows\system32\msvcrt.dll
0x000007feff7d0000 - 0x000007feff7ef000 	C:\Windows\SYSTEM32\sechost.dll
0x000007fefd730000 - 0x000007fefd85d000 	C:\Windows\system32\RPCRT4.dll
0x00000000774b0000 - 0x00000000775aa000 	C:\Windows\system32\USER32.dll
0x000007fefd930000 - 0x000007fefd997000 	C:\Windows\system32\GDI32.dll
0x000007fefe230000 - 0x000007fefe23e000 	C:\Windows\system32\LPK.dll
0x000007fefd860000 - 0x000007fefd929000 	C:\Windows\system32\USP10.dll
0x000007fefbce0000 - 0x000007fefbed4000 	C:\Windows\WinSxS\amd64_microsoft.windows.common-controls_6595b64144ccf1df_6.0.7601.17514_none_fa396087175ac9ac\COMCTL32.dll
0x000007fefe320000 - 0x000007fefe391000 	C:\Windows\system32\SHLWAPI.dll
0x000007fefe3a0000 - 0x000007fefe3ce000 	C:\Windows\system32\IMM32.DLL
0x000007feff1e0000 - 0x000007feff2e9000 	C:\Windows\system32\MSCTF.dll
0x000000006b7a0000 - 0x000000006b872000 	C:\Program Files\Java\jdk1.8.0_45\jre\bin\msvcr100.dll
0x000000006af10000 - 0x000000006b793000 	C:\Program Files\Java\jdk1.8.0_45\jre\bin\server\jvm.dll
0x000007fef1cf0000 - 0x000007fef1cf9000 	C:\Windows\system32\WSOCK32.dll
0x000007feff5a0000 - 0x000007feff5ed000 	C:\Windows\system32\WS2_32.dll
0x000007feff7f0000 - 0x000007feff7f8000 	C:\Windows\system32\NSI.dll
0x000007fefa1c0000 - 0x000007fefa1fb000 	C:\Windows\system32\WINMM.dll
0x000007fefc440000 - 0x000007fefc44c000 	C:\Windows\system32\VERSION.dll
0x0000000077770000 - 0x0000000077777000 	C:\Windows\system32\PSAPI.DLL
0x000000006c700000 - 0x000000006c70f000 	C:\Program Files\Java\jdk1.8.0_45\jre\bin\verify.dll
0x000000006b930000 - 0x000000006b959000 	C:\Program Files\Java\jdk1.8.0_45\jre\bin\java.dll
0x000000006b910000 - 0x000000006b926000 	C:\Program Files\Java\jdk1.8.0_45\jre\bin\zip.dll
0x000007fefe450000 - 0x000007feff1d8000 	C:\Windows\system32\SHELL32.dll
0x000007feff390000 - 0x000007feff593000 	C:\Windows\system32\ole32.dll
0x000007fefd380000 - 0x000007fefd38f000 	C:\Windows\system32\profapi.dll
0x000007fef9160000 - 0x000007fef9285000 	C:\Windows\system32\dbghelp.dll

VM Arguments:
jvm_args: -Xmx1024M -Dfile.encoding=windows-1251 -Duser.country=US -Duser.language=en -Duser.variant 
java_command: com.android.dx.command.Main --dex --output D:\Common\Android_Studio\SME.01\app\build\intermediates\dex\debug D:\Common\Android_Studio\SME.01\app\build\intermediates\classes\debug D:\Common\Android_Studio\SME.01\app\build\intermediates\pre-dexed\debug\support-annotations-22.1.1-41ab8513b7f80be0975518415e60e00679e0c6f7.jar D:\Common\Android_Studio\SME.01\app\build\intermediates\pre-dexed\debug\internal_impl-22.1.1-5d0479b0cc14f3ee6b53255008b2be1ce46dd164.jar D:\Common\Android_Studio\SME.01\app\build\intermediates\pre-dexed\debug\classes-b4764924845c4990dd1c7b8ee71f67ad756e731b.jar D:\Common\Android_Studio\SME.01\app\build\intermediates\pre-dexed\debug\classes-38118fcf04cbef3ffd6dd00a7e6dff7a1ea1da01.jar
java_class_path (initial): D:\Users\User\AppData\Local\Android\sdk1\build-tools\22.0.1\lib\dx.jar
Launcher Type: SUN_STANDARD

Environment Variables:
JAVA_HOME=C:\Program Files\Java\jdk1.7.0_79
PATH=C:\ProgramData\Oracle\Java\javapath;C:\PROGRA~2\Borland\CBUILD~1\Bin;C:\PROGRA~2\Borland\CBUILD~1\Projects\Bpl;C:\Windows\system32;C:\Windows;C:\Windows\System32\Wbem;C:\Windows\System32\WindowsPowerShell\v1.0\;C:\Program Files (x86)\Skype\Phone\;C:\Program Files (x86)\nodejs\;C:\Program Files (x86)\Microsoft SQL Server\100\Tools\Binn\;C:\Program Files\Microsoft SQL Server\100\Tools\Binn\;C:\Program Files\Microsoft SQL Server\100\DTS\Binn\;C:\Program Files (x86)\Windows Kits\8.1\Windows Performance Toolkit\;C:\Program Files\Microsoft SQL Server\110\Tools\Binn\;C:\Users\User\AppData\Roaming\npm;C:\Program Files\Java\jdk1.7.0_79\bin;D:\Grails_Groovy\grails-2.5.0\bin;D:\Grails_Groovy\groovy-2.4.3\bin;
USERNAME=User
OS=Windows_NT
PROCESSOR_IDENTIFIER=Intel64 Family 6 Model 15 Stepping 11, GenuineIntel



---------------  S Y S T E M  ---------------

OS: Windows 7 , 64 bit Build 7601 (6.1.7601.18015)

CPU:total 4 (4 cores per cpu, 1 threads per core) family 6 model 15 stepping 11, cmov, cx8, fxsr, mmx, sse, sse2, sse3, ssse3, tsc

Memory: 4k page, physical 4192824k(536444k free), swap 8383784k(3434204k free)

vm_info: Java HotSpot(TM) 64-Bit Server VM (25.45-b02) for windows-amd64 JRE (1.8.0_45-b15), built on Apr 30 2015 12:40:44 by "java_re" with MS VC++ 10.0 (VS2010)

time: Thu Jul 02 15:44:31 2015
elapsed time: 0 seconds (0d 0h 0m 0s)

