#
# A fatal error has been detected by the Java Runtime Environment:
#
#  EXCEPTION_ACCESS_VIOLATION (0xc0000005) at pc=0xffffffffa3835120, pid=3892, tid=2600
#
# JRE version: Java(TM) SE Runtime Environment (8.0_45-b15) (build 1.8.0_45-b15)
# Java VM: Java HotSpot(TM) 64-Bit Server VM (25.45-b02 mixed mode windows-amd64 compressed oops)
# Problematic frame:
# C  0xffffffffa3835120
#
# Failed to write core dump. Minidumps are not enabled by default on client versions of Windows
#
# If you would like to submit a bug report, please visit:
#   http://bugreport.java.com/bugreport/crash.jsp
#

---------------  T H R E A D  ---------------

Current thread (0x000000000046f800):  JavaThread "main" [_thread_in_Java, id=2600, stack(0x00000000023a0000,0x00000000024a0000)]

siginfo: ExceptionCode=0xc0000005, ExceptionInformation=0x0000000000000008 0xffffffffa3835120

Registers:
RAX=0x00000000147c1300, RBX=0x0000000054c08348, RCX=0x00000000ebb90f08, RDX=0x00000000ebb90ec8
RSP=0x000000000249ef28, RBP=0x00000000ebc40058, RSI=0x00000000147c16d0, RDI=0x0000000000000026
R8 =0x00000000ebb94c48, R9 =0x00000000ebb90398, R10=0x000000001482b750, R11=0x0000000000000250
R12=0x0000000000000000, R13=0x000000000249f058, R14=0x000000000249f0c8, R15=0x000000000046f800
RIP=0xffffffffa3835120, EFLAGS=0x0000000000010246

Top of Stack: (sp=0x000000000249ef28)
0x000000000249ef28:   0000000002a55130 00000000ebb90ec8
0x000000000249ef38:   00000000eab83e10 00000000eab83e10
0x000000000249ef48:   0000000002a55130 000000000249f0a8
0x000000000249ef58:   0000000002b81504 0000000002842047
0x000000000249ef68:   0000000000000049 00000000ebb7f2a0
0x000000000249ef78:   0000000002b837ac 000000000249f078
0x000000000249ef88:   000000000249ef88 000000000249f178
0x000000000249ef98:   00000000029f8d4c 000000000249f0c8
0x000000000249efa8:   0000000054bd52c0 0000000000000000
0x000000000249efb8:   000000000046f800 00000000ebc29d58
0x000000000249efc8:   00000000ebd310c0 00000000eab83e38
0x000000000249efd8:   000000006709acc5 00000000ebd2ce01
0x000000000249efe8:   00000000ebd19dc0 00000000ebc3ffc0
0x000000000249eff8:   00000000ebb90ec8 0000000000000000
0x000000000249f008:   00000000ebb7f2a0 00000000115f0000
0x000000000249f018:   0000000000000000 0000000000000009 

Instructions: (pc=0xffffffffa3835120)
0xffffffffa3835100:   
[error occurred during error reporting (printing registers, top of stack, instructions near pc), id 0xc0000005]

Register to memory mapping:

RAX=0x00000000147c1300 is pointing into metadata
RBX={method} {0x0000000054c08350} 'compareTo' '(Ljava/lang/Object;)I' in 'com/android/dx/rop/type/Type'
RCX=0x00000000ebb90f08 is an oop
[C 
 - klass: {type array char}
 - length: 38
RDX=0x00000000ebb90ec8 is an oop
com.android.dx.rop.type.Type 
 - klass: 'com/android/dx/rop/type/Type'
RSP=0x000000000249ef28 is pointing into the stack for thread: 0x000000000046f800
RBP=0x00000000ebc40058 is an oop
java.util.TreeMap$Entry 
 - klass: 'java/util/TreeMap$Entry'
RSI=0x00000000147c16d0 is pointing into metadata
RDI=0x0000000000000026 is an unknown value
R8 =0x00000000ebb94c48 is an oop
com.android.dx.rop.type.Type 
 - klass: 'com/android/dx/rop/type/Type'
R9 =0x00000000ebb90398 is an oop
[C 
 - klass: {type array char}
 - length: 42
R10=0x000000001482b750 is pointing into metadata
R11=0x0000000000000250 is an unknown value
R12=0x0000000000000000 is an unknown value
R13=0x000000000249f058 is pointing into the stack for thread: 0x000000000046f800
R14=0x000000000249f0c8 is pointing into the stack for thread: 0x000000000046f800
R15=0x000000000046f800 is a thread


Stack: [0x00000000023a0000,0x00000000024a0000],  sp=0x000000000249ef28,  free space=1019k
Native frames: (J=compiled Java code, j=interpreted, Vv=VM code, C=native code)
C  0xffffffffa3835120


---------------  P R O C E S S  ---------------

Java Threads: ( => current thread )
  0x00000000566b8000 JavaThread "Service Thread" daemon [_thread_blocked, id=3644, stack(0x0000000056cc0000,0x0000000056dc0000)]
  0x00000000551b7800 JavaThread "C1 CompilerThread2" daemon [_thread_blocked, id=956, stack(0x0000000056400000,0x0000000056500000)]
  0x000000005664c800 JavaThread "C2 CompilerThread1" daemon [_thread_blocked, id=3924, stack(0x0000000056f10000,0x0000000057010000)]
  0x0000000056646000 JavaThread "C2 CompilerThread0" daemon [_thread_blocked, id=1248, stack(0x0000000056dc0000,0x0000000056ec0000)]
  0x0000000056642800 JavaThread "Attach Listener" daemon [_thread_blocked, id=2188, stack(0x0000000056ba0000,0x0000000056ca0000)]
  0x00000000551b4800 JavaThread "Signal Dispatcher" daemon [_thread_blocked, id=2944, stack(0x0000000056a90000,0x0000000056b90000)]
  0x000000005515a800 JavaThread "Finalizer" daemon [_thread_blocked, id=3392, stack(0x0000000056540000,0x0000000056640000)]
  0x0000000055153800 JavaThread "Reference Handler" daemon [_thread_blocked, id=4048, stack(0x00000000562d0000,0x00000000563d0000)]
=>0x000000000046f800 JavaThread "main" [_thread_in_Java, id=2600, stack(0x00000000023a0000,0x00000000024a0000)]

Other Threads:
  0x000000005514e800 VMThread [stack: 0x00000000560b0000,0x00000000561b0000] [id=2984]
  0x00000000566d2000 WatcherThread [stack: 0x00000000570c0000,0x00000000571c0000] [id=2972]

VM state:not at safepoint (normal execution)

VM Mutex/Monitor currently owned by a thread: None

Heap:
 PSYoungGen      total 18944K, used 6016K [0x00000000eab00000, 0x00000000ed000000, 0x0000000100000000)
  eden space 16384K, 21% used [0x00000000eab00000,0x00000000eae62670,0x00000000ebb00000)
  from space 2560K, 99% used [0x00000000ebb00000,0x00000000ebd7dad0,0x00000000ebd80000)
  to   space 2560K, 0% used [0x00000000ecd80000,0x00000000ecd80000,0x00000000ed000000)
 ParOldGen       total 44032K, used 2470K [0x00000000c0000000, 0x00000000c2b00000, 0x00000000eab00000)
  object space 44032K, 5% used [0x00000000c0000000,0x00000000c0269920,0x00000000c2b00000)
 Metaspace       used 5404K, capacity 6704K, committed 6784K, reserved 1056768K
  class space    used 553K, capacity 616K, committed 640K, reserved 1048576K

Card table byte_map: [0x0000000011bf0000,0x0000000011e00000] byte_map_base: 0x00000000115f0000

Marking Bits: (ParMarkBitMap*) 0x00000000677e4040
 Begin Bits: [0x00000000125c0000, 0x00000000135c0000)
 End Bits:   [0x00000000135c0000, 0x00000000145c0000)

Polling page: 0x0000000000140000

CodeCache: size=245760Kb used=3417Kb max_used=3430Kb free=242342Kb
 bounds [0x0000000002830000, 0x0000000002b90000, 0x0000000011830000]
 total_blobs=1171 nmethods=909 adapters=177
 compilation: enabled

Compilation events (10 events):
Event: 0.676 Thread 0x0000000056646000  904       4       com.android.dx.rop.type.Type::compareTo (9 bytes)
Event: 0.676 Thread 0x00000000551b7800 nmethod 901 0x0000000002b805d0 code [0x0000000002b80780, 0x0000000002b80c98]
Event: 0.676 Thread 0x00000000551b7800  902       3       com.android.dx.dex.file.StringIdItem::<init> (29 bytes)
Event: 0.676 Thread 0x00000000551b7800 nmethod 902 0x0000000002b7ff10 code [0x0000000002b800a0, 0x0000000002b80448]
Event: 0.676 Thread 0x00000000551b7800  903       3       com.android.dx.dex.file.StringIdsSection::intern (53 bytes)
Event: 0.677 Thread 0x00000000551b7800 nmethod 903 0x0000000002b83110 code [0x0000000002b832e0, 0x0000000002b83a98]
Event: 0.677 Thread 0x00000000551b7800  895       1       com.android.dx.dex.file.DexFile::getStringIds (5 bytes)
Event: 0.677 Thread 0x00000000551b7800 nmethod 895 0x0000000002b7fc50 code [0x0000000002b7fda0, 0x0000000002b7feb0]
Event: 0.677 Thread 0x00000000551b7800  905       3       com.android.dx.dex.file.MemberIdItem::addContents (26 bytes)
Event: 0.677 Thread 0x0000000056646000 nmethod 904 0x0000000002b82d90 code [0x0000000002b82ee0, 0x0000000002b82ff8]

GC Heap History (2 events):
Event: 0.609 GC heap before
{Heap before GC invocations=1 (full 0):
 PSYoungGen      total 18944K, used 16377K [0x00000000eab00000, 0x00000000ec000000, 0x0000000100000000)
  eden space 16384K, 99% used [0x00000000eab00000,0x00000000ebafe610,0x00000000ebb00000)
  from space 2560K, 0% used [0x00000000ebd80000,0x00000000ebd80000,0x00000000ec000000)
  to   space 2560K, 0% used [0x00000000ebb00000,0x00000000ebb00000,0x00000000ebd80000)
 ParOldGen       total 44032K, used 0K [0x00000000c0000000, 0x00000000c2b00000, 0x00000000eab00000)
  object space 44032K, 0% used [0x00000000c0000000,0x00000000c0000000,0x00000000c2b00000)
 Metaspace       used 5306K, capacity 6640K, committed 6784K, reserved 1056768K
  class space    used 544K, capacity 616K, committed 640K, reserved 1048576K
Event: 0.642 GC heap after
Heap after GC invocations=1 (full 0):
 PSYoungGen      total 18944K, used 2550K [0x00000000eab00000, 0x00000000ed000000, 0x0000000100000000)
  eden space 16384K, 0% used [0x00000000eab00000,0x00000000eab00000,0x00000000ebb00000)
  from space 2560K, 99% used [0x00000000ebb00000,0x00000000ebd7dad0,0x00000000ebd80000)
  to   space 2560K, 0% used [0x00000000ecd80000,0x00000000ecd80000,0x00000000ed000000)
 ParOldGen       total 44032K, used 2470K [0x00000000c0000000, 0x00000000c2b00000, 0x00000000eab00000)
  object space 44032K, 5% used [0x00000000c0000000,0x00000000c0269920,0x00000000c2b00000)
 Metaspace       used 5306K, capacity 6640K, committed 6784K, reserved 1056768K
  class space    used 544K, capacity 616K, committed 640K, reserved 1048576K
}

Deoptimization events (10 events):
Event: 0.424 Thread 0x000000000046f800 Uncommon trap: reason=unstable_if action=reinterpret pc=0x00000000029e0838 method=com.android.dx.rop.cst.CstFieldRef.compareTo0(Lcom/android/dx/rop/cst/Constant;)I @ 7
Event: 0.424 Thread 0x000000000046f800 Uncommon trap: reason=speculate_class_check action=maybe_recompile pc=0x00000000029ceec4 method=com.android.dx.rop.cst.Constant.compareTo(Lcom/android/dx/rop/cst/Constant;)I @ 29
Event: 0.424 Thread 0x000000000046f800 Uncommon trap: reason=speculate_class_check action=maybe_recompile pc=0x00000000029ceec4 method=com.android.dx.rop.cst.Constant.compareTo(Lcom/android/dx/rop/cst/Constant;)I @ 29
Event: 0.459 Thread 0x000000000046f800 Uncommon trap: reason=unstable_if action=reinterpret pc=0x0000000002a24188 method=java.util.HashMap.getNode(ILjava/lang/Object;)Ljava/util/HashMap$Node; @ 129
Event: 0.515 Thread 0x000000000046f800 Uncommon trap: reason=unstable_if action=reinterpret pc=0x0000000002ae5aa0 method=com.android.dx.rop.code.RegisterSpec.equals(ILcom/android/dx/rop/type/TypeBearer;Lcom/android/dx/rop/code/LocalItem;)Z @ 16
Event: 0.592 Thread 0x000000000046f800 Uncommon trap: reason=unstable_if action=reinterpret pc=0x00000000029b1120 method=java.lang.String.replace(CC)Ljava/lang/String; @ 26
Event: 0.662 Thread 0x000000000046f800 Uncommon trap: reason=bimorphic action=maybe_recompile pc=0x0000000002a9d574 method=java.util.HashMap.getNode(ILjava/lang/Object;)Ljava/util/HashMap$Node; @ 126
Event: 0.662 Thread 0x000000000046f800 Uncommon trap: reason=bimorphic action=maybe_recompile pc=0x0000000002a9d574 method=java.util.HashMap.getNode(ILjava/lang/Object;)Ljava/util/HashMap$Node; @ 126
Event: 0.662 Thread 0x000000000046f800 Uncommon trap: reason=bimorphic action=maybe_recompile pc=0x0000000002a9d574 method=java.util.HashMap.getNode(ILjava/lang/Object;)Ljava/util/HashMap$Node; @ 126
Event: 0.670 Thread 0x000000000046f800 Uncommon trap: reason=bimorphic action=maybe_recompile pc=0x0000000002a9d574 method=java.util.HashMap.getNode(ILjava/lang/Object;)Ljava/util/HashMap$Node; @ 126

Internal exceptions (2 events):
Event: 0.037 Thread 0x000000000046f800 Exception <a 'java/lang/NoSuchMethodError': Method sun.misc.Unsafe.defineClass(Ljava/lang/String;[BII)Ljava/lang/Class; name or signature does not match> (0x00000000eab12bf0) thrown at [C:\re\workspace\8-2-build-windows-amd64-cygwin\jdk8u45\3627\hotspot\srS2™Ùî¢?
Event: 0.037 Thread 0x000000000046f800 Exception <a 'java/lang/NoSuchMethodError': Method sun.misc.Unsafe.prefetchRead(Ljava/lang/Object;J)V name or signature does not match> (0x00000000eab12e80) thrown at [C:\re\workspace\8-2-build-windows-amd64-cygwin\jdk8u45\3627\hotspot\src\share\vm\prims\j

Events (10 events):
Event: 0.664 loading class java/util/HashMap$KeySet done
Event: 0.664 loading class java/util/HashMap$KeyIterator
Event: 0.664 loading class java/util/HashMap$KeyIterator done
Event: 0.667 loading class com/android/dx/dex/file/CatchStructs
Event: 0.667 loading class com/android/dx/dex/file/CatchStructs done
Event: 0.670 Thread 0x000000000046f800 Uncommon trap: trap_request=0xffffffc6 fr.pc=0x0000000002a9d574
Event: 0.670 Thread 0x000000000046f800 DEOPT PACKING pc=0x0000000002a9d574 sp=0x000000000249f050
Event: 0.670 Thread 0x000000000046f800 DEOPT UNPACKING pc=0x000000000287556a sp=0x000000000249ef68 mode 2
Event: 0.671 loading class com/android/dx/dex/file/ProtoIdItem
Event: 0.672 loading class com/android/dx/dex/file/ProtoIdItem done


Dynamic libraries:
0x000000013f2e0000 - 0x000000013f317000 	C:\Program Files\Java\jdk1.8.0_45\bin\java.exe
0x0000000077880000 - 0x0000000077a29000 	C:\Windows\SYSTEM32\ntdll.dll
0x0000000077660000 - 0x000000007777f000 	C:\Windows\system32\kernel32.dll
0x000007fefd980000 - 0x000007fefd9eb000 	C:\Windows\system32\KERNELBASE.dll
0x000007fefe270000 - 0x000007fefe34b000 	C:\Windows\system32\ADVAPI32.dll
0x000007fefe410000 - 0x000007fefe4af000 	C:\Windows\system32\msvcrt.dll
0x000007fefe350000 - 0x000007fefe36f000 	C:\Windows\SYSTEM32\sechost.dll
0x000007fefda80000 - 0x000007fefdbad000 	C:\Windows\system32\RPCRT4.dll
0x0000000077780000 - 0x000000007787a000 	C:\Windows\system32\USER32.dll
0x000007feffb00000 - 0x000007feffb67000 	C:\Windows\system32\GDI32.dll
0x000007fefea40000 - 0x000007fefea4e000 	C:\Windows\system32\LPK.dll
0x000007fefe4b0000 - 0x000007fefe579000 	C:\Windows\system32\USP10.dll
0x000007fefbfb0000 - 0x000007fefc1a4000 	C:\Windows\WinSxS\amd64_microsoft.windows.common-controls_6595b64144ccf1df_6.0.7601.17514_none_fa396087175ac9ac\COMCTL32.dll
0x000007fefda00000 - 0x000007fefda71000 	C:\Windows\system32\SHLWAPI.dll
0x000007fefdf00000 - 0x000007fefdf2e000 	C:\Windows\system32\IMM32.DLL
0x000007fefea50000 - 0x000007fefeb59000 	C:\Windows\system32\MSCTF.dll
0x000000006fa80000 - 0x000000006fb52000 	C:\Program Files\Java\jdk1.8.0_45\jre\bin\msvcr100.dll
0x0000000066fe0000 - 0x0000000067863000 	C:\Program Files\Java\jdk1.8.0_45\jre\bin\server\jvm.dll
0x000007fef4670000 - 0x000007fef4679000 	C:\Windows\system32\WSOCK32.dll
0x000007fefdeb0000 - 0x000007fefdefd000 	C:\Windows\system32\WS2_32.dll
0x000007fefdf30000 - 0x000007fefdf38000 	C:\Windows\system32\NSI.dll
0x000007fefa030000 - 0x000007fefa06b000 	C:\Windows\system32\WINMM.dll
0x000007fefc710000 - 0x000007fefc71c000 	C:\Windows\system32\VERSION.dll
0x0000000077a50000 - 0x0000000077a57000 	C:\Windows\system32\PSAPI.DLL
0x0000000072e50000 - 0x0000000072e5f000 	C:\Program Files\Java\jdk1.8.0_45\jre\bin\verify.dll
0x000000006ffd0000 - 0x000000006fff9000 	C:\Program Files\Java\jdk1.8.0_45\jre\bin\java.dll
0x0000000070010000 - 0x0000000070026000 	C:\Program Files\Java\jdk1.8.0_45\jre\bin\zip.dll
0x000007fefed70000 - 0x000007feffaf8000 	C:\Windows\system32\SHELL32.dll
0x000007fefeb60000 - 0x000007fefed63000 	C:\Windows\system32\ole32.dll
0x000007fefd650000 - 0x000007fefd65f000 	C:\Windows\system32\profapi.dll
0x000007fef8bd0000 - 0x000007fef8cf5000 	C:\Windows\system32\dbghelp.dll

VM Arguments:
jvm_args: -Xmx1024M -Dfile.encoding=windows-1251 -Duser.country=US -Duser.language=en -Duser.variant 
java_command: com.android.dx.command.Main --dex --output D:\Common\Android_Studio\SME.01\app\build\intermediates\dex\debug D:\Common\Android_Studio\SME.01\app\build\intermediates\classes\debug D:\Common\Android_Studio\SME.01\app\build\intermediates\pre-dexed\debug\support-annotations-22.1.1-41ab8513b7f80be0975518415e60e00679e0c6f7.jar D:\Common\Android_Studio\SME.01\app\build\intermediates\pre-dexed\debug\internal_impl-22.1.1-5d0479b0cc14f3ee6b53255008b2be1ce46dd164.jar D:\Common\Android_Studio\SME.01\app\build\intermediates\pre-dexed\debug\classes-b4764924845c4990dd1c7b8ee71f67ad756e731b.jar D:\Common\Android_Studio\SME.01\app\build\intermediates\pre-dexed\debug\classes-38118fcf04cbef3ffd6dd00a7e6dff7a1ea1da01.jar
java_class_path (initial): D:\Users\User\AppData\Local\Android\sdk1\build-tools\22.0.1\lib\dx.jar
Launcher Type: SUN_STANDARD

Environment Variables:
JAVA_HOME=C:\Program Files\Java\jdk1.7.0_79
PATH=C:\ProgramData\Oracle\Java\javapath;C:\PROGRA~2\Borland\CBUILD~1\Bin;C:\PROGRA~2\Borland\CBUILD~1\Projects\Bpl;C:\Windows\system32;C:\Windows;C:\Windows\System32\Wbem;C:\Windows\System32\WindowsPowerShell\v1.0\;C:\Program Files (x86)\Skype\Phone\;C:\Program Files (x86)\nodejs\;C:\Program Files (x86)\Microsoft SQL Server\100\Tools\Binn\;C:\Program Files\Microsoft SQL Server\100\Tools\Binn\;C:\Program Files\Microsoft SQL Server\100\DTS\Binn\;C:\Program Files (x86)\Windows Kits\8.1\Windows Performance Toolkit\;C:\Program Files\Microsoft SQL Server\110\Tools\Binn\;C:\Users\User\AppData\Roaming\npm;C:\Program Files\Java\jdk1.7.0_79\bin;D:\Grails_Groovy\grails-2.5.0\bin;D:\Grails_Groovy\groovy-2.4.3\bin;
USERNAME=User
OS=Windows_NT
PROCESSOR_IDENTIFIER=Intel64 Family 6 Model 15 Stepping 11, GenuineIntel



---------------  S Y S T E M  ---------------

OS: Windows 7 , 64 bit Build 7601 (6.1.7601.18015)

CPU:total 4 (4 cores per cpu, 1 threads per core) family 6 model 15 stepping 11, cmov, cx8, fxsr, mmx, sse, sse2, sse3, ssse3, tsc

Memory: 4k page, physical 4192824k(449220k free), swap 8383784k(3681196k free)

vm_info: Java HotSpot(TM) 64-Bit Server VM (25.45-b02) for windows-amd64 JRE (1.8.0_45-b15), built on Apr 30 2015 12:40:44 by "java_re" with MS VC++ 10.0 (VS2010)

time: Wed Jul 01 02:28:31 2015
elapsed time: 0 seconds (0d 0h 0m 0s)

