#
# A fatal error has been detected by the Java Runtime Environment:
#
#  EXCEPTION_ACCESS_VIOLATION (0xc0000005) at pc=0xffffffffa37b5120, pid=4920, tid=1560
#
# JRE version: Java(TM) SE Runtime Environment (8.0_45-b15) (build 1.8.0_45-b15)
# Java VM: Java HotSpot(TM) 64-Bit Server VM (25.45-b02 mixed mode windows-amd64 compressed oops)
# Problematic frame:
# C  0xffffffffa37b5120
#
# Failed to write core dump. Minidumps are not enabled by default on client versions of Windows
#
# If you would like to submit a bug report, please visit:
#   http://bugreport.java.com/bugreport/crash.jsp
#

---------------  T H R E A D  ---------------

Current thread (0x00000000021bf800):  JavaThread "main" [_thread_in_Java, id=1560, stack(0x00000000023e0000,0x00000000024e0000)]

siginfo: ExceptionCode=0xc0000005, ExceptionInformation=0x0000000000000008 0xffffffffa37b5120

Registers:
RAX=0x000000005462ffc8, RBX=0x000000005462ffc8, RCX=0x00000000eb17ec20, RDX=0x00000000eb17ec20
RSP=0x00000000024defd8, RBP=0x00000000024df040, RSI=0x0000000000000158, RDI=0x00000000000001ff
R8 =0x000000000000044f, R9 =0x00000000eb14020a, R10=0x000000006b6fbba0, R11=0x0000000002ba24c0
R12=0x0000000000000000, R13=0x00000000024deff0, R14=0x0000000000000000, R15=0x00000000021bf800
RIP=0xffffffffa37b5120, EFLAGS=0x0000000000010202

Top of Stack: (sp=0x00000000024defd8)
0x00000000024defd8:   00000000027b71e0 000000005462e098
0x00000000024defe8:   00000000027b71e0 000000000000044f
0x00000000024deff8:   00000000eb17ec20 00000000024df000
0x00000000024df008:   0000000054634ab4 00000000024df058
0x00000000024df018:   00000000546383c8 0000000000000000
0x00000000024df028:   0000000054634ae0 00000000024deff0
0x00000000024df038:   00000000024df050 00000000024df0a0
0x00000000024df048:   00000000027b7450 000000000000044c
0x00000000024df058:   00000000eb17ec20 00000000024df060
0x00000000024df068:   0000000054634d9e 00000000024df0c0
0x00000000024df078:   00000000546383c8 0000000000000000
0x00000000024df088:   0000000054634da8 00000000024df050
0x00000000024df098:   00000000024df0b0 00000000024df108
0x00000000024df0a8:   00000000027b7450 0000000000000000
0x00000000024df0b8:   000000000000044c 00000000eb17ec20
0x00000000024df0c8:   00000000024df0c8 00000000546307a6 

Instructions: (pc=0xffffffffa37b5120)
0xffffffffa37b5100:   
[error occurred during error reporting (printing registers, top of stack, instructions near pc), id 0xc0000005]

Register to memory mapping:

RAX={method} {0x000000005462ffd0} '_get' '(I)B' in 'java/nio/HeapByteBuffer'
RBX={method} {0x000000005462ffd0} '_get' '(I)B' in 'java/nio/HeapByteBuffer'
RCX=0x00000000eb17ec20 is an oop
java.nio.HeapByteBuffer 
 - klass: 'java/nio/HeapByteBuffer'
RDX=0x00000000eb17ec20 is an oop
java.nio.HeapByteBuffer 
 - klass: 'java/nio/HeapByteBuffer'
RSP=0x00000000024defd8 is pointing into the stack for thread: 0x00000000021bf800
RBP=0x00000000024df040 is pointing into the stack for thread: 0x00000000021bf800
RSI=0x0000000000000158 is an unknown value
RDI=0x00000000000001ff is an unknown value
R8 =0x000000000000044f is an unknown value
R9 =0x00000000eb14020a is an unknown value
R10=0x000000006b6fbba0 is an unknown value
R11=0x0000000002ba24c0 is at entry_point+32 in (nmethod*)0x0000000002ba2350
R12=0x0000000000000000 is an unknown value
R13=0x00000000024deff0 is pointing into the stack for thread: 0x00000000021bf800
R14=0x0000000000000000 is an unknown value
R15=0x00000000021bf800 is a thread


Stack: [0x00000000023e0000,0x00000000024e0000],  sp=0x00000000024defd8,  free space=1019k
Native frames: (J=compiled Java code, j=interpreted, Vv=VM code, C=native code)
C  0xffffffffa37b5120


---------------  P R O C E S S  ---------------

Java Threads: ( => current thread )
  0x00000000568b9000 JavaThread "Service Thread" daemon [_thread_blocked, id=1384, stack(0x0000000056fd0000,0x00000000570d0000)]
  0x0000000056835000 JavaThread "C1 CompilerThread2" daemon [_thread_blocked, id=4364, stack(0x0000000056dd0000,0x0000000056ed0000)]
  0x0000000056830800 JavaThread "C2 CompilerThread1" daemon [_thread_blocked, id=4772, stack(0x0000000056c90000,0x0000000056d90000)]
  0x0000000054ed9000 JavaThread "C2 CompilerThread0" daemon [_thread_blocked, id=4848, stack(0x0000000056730000,0x0000000056830000)]
  0x0000000054ed4800 JavaThread "Attach Listener" daemon [_thread_blocked, id=4004, stack(0x0000000056610000,0x0000000056710000)]
  0x0000000054ed1000 JavaThread "Signal Dispatcher" daemon [_thread_blocked, id=5036, stack(0x0000000056490000,0x0000000056590000)]
  0x0000000054e71800 JavaThread "Finalizer" daemon [_thread_blocked, id=5100, stack(0x0000000056350000,0x0000000056450000)]
  0x0000000054e70000 JavaThread "Reference Handler" daemon [_thread_blocked, id=2752, stack(0x0000000056120000,0x0000000056220000)]
=>0x00000000021bf800 JavaThread "main" [_thread_in_Java, id=1560, stack(0x00000000023e0000,0x00000000024e0000)]

Other Threads:
  0x0000000054e6a800 VMThread [stack: 0x0000000055ed0000,0x0000000055fd0000] [id=4280]
  0x00000000568cb000 WatcherThread [stack: 0x0000000057150000,0x0000000057250000] [id=1592]

VM state:not at safepoint (normal execution)

VM Mutex/Monitor currently owned by a thread: None

Heap:
 PSYoungGen      total 18944K, used 9363K [0x00000000eab00000, 0x00000000ed000000, 0x0000000100000000)
  eden space 16384K, 41% used [0x00000000eab00000,0x00000000eb1a9548,0x00000000ebb00000)
  from space 2560K, 99% used [0x00000000ebb00000,0x00000000ebd7ba70,0x00000000ebd80000)
  to   space 2560K, 0% used [0x00000000ecd80000,0x00000000ecd80000,0x00000000ed000000)
 ParOldGen       total 44032K, used 2312K [0x00000000c0000000, 0x00000000c2b00000, 0x00000000eab00000)
  object space 44032K, 5% used [0x00000000c0000000,0x00000000c02420f8,0x00000000c2b00000)
 Metaspace       used 6107K, capacity 7120K, committed 7424K, reserved 1056768K
  class space    used 621K, capacity 648K, committed 768K, reserved 1048576K

Card table byte_map: [0x0000000011b70000,0x0000000011d80000] byte_map_base: 0x0000000011570000

Marking Bits: (ParMarkBitMap*) 0x000000006b714040
 Begin Bits: [0x00000000122e0000, 0x00000000132e0000)
 End Bits:   [0x00000000132e0000, 0x00000000142e0000)

Polling page: 0x0000000000260000

CodeCache: size=245760Kb used=4167Kb max_used=4180Kb free=241592Kb
 bounds [0x00000000027b0000, 0x0000000002bd0000, 0x00000000117b0000]
 total_blobs=1473 nmethods=1202 adapters=186
 compilation: enabled

Compilation events (10 events):
Event: 0.812 Thread 0x0000000054ed9000 nmethod 1173 0x0000000002bc0d10 code [0x0000000002bc0e80, 0x0000000002bc15b8]
Event: 0.812 Thread 0x0000000054ed9000 1198       4       java.nio.HeapByteBuffer::get (14 bytes)
Event: 0.812 Thread 0x0000000056835000 nmethod 1193 0x0000000002bbb710 code [0x0000000002bbb960, 0x0000000002bbc658]
Event: 0.812 Thread 0x0000000056835000 1194       3       com.android.dex.Mutf8::countBytes (98 bytes)
Event: 0.813 Thread 0x0000000056835000 nmethod 1194 0x0000000002bc00d0 code [0x0000000002bc0280, 0x0000000002bc0998]
Event: 0.813 Thread 0x0000000056835000 1200       1       java.nio.HeapByteBuffer::_get (7 bytes)
Event: 0.813 Thread 0x0000000056835000 nmethod 1200 0x0000000002bb97d0 code [0x0000000002bb9920, 0x0000000002bb9a50]
Event: 0.813 Thread 0x0000000054ed9000 nmethod 1198 0x0000000002bbb450 code [0x0000000002bbb580, 0x0000000002bbb638]
Event: 0.813 Thread 0x0000000056835000 1199       3       com.android.dex.Mutf8::encode (153 bytes)
Event: 0.813 Thread 0x0000000054ed9000 1195       4       com.android.dex.Dex$Section::readByte (8 bytes)

GC Heap History (2 events):
Event: 0.643 GC heap before
{Heap before GC invocations=1 (full 0):
 PSYoungGen      total 18944K, used 16265K [0x00000000eab00000, 0x00000000ec000000, 0x0000000100000000)
  eden space 16384K, 99% used [0x00000000eab00000,0x00000000ebae2530,0x00000000ebb00000)
  from space 2560K, 0% used [0x00000000ebd80000,0x00000000ebd80000,0x00000000ec000000)
  to   space 2560K, 0% used [0x00000000ebb00000,0x00000000ebb00000,0x00000000ebd80000)
 ParOldGen       total 44032K, used 0K [0x00000000c0000000, 0x00000000c2b00000, 0x00000000eab00000)
  object space 44032K, 0% used [0x00000000c0000000,0x00000000c0000000,0x00000000c2b00000)
 Metaspace       used 5332K, capacity 6704K, committed 6784K, reserved 1056768K
  class space    used 546K, capacity 616K, committed 640K, reserved 1048576K
Event: 0.655 GC heap after
Heap after GC invocations=1 (full 0):
 PSYoungGen      total 18944K, used 2542K [0x00000000eab00000, 0x00000000ed000000, 0x0000000100000000)
  eden space 16384K, 0% used [0x00000000eab00000,0x00000000eab00000,0x00000000ebb00000)
  from space 2560K, 99% used [0x00000000ebb00000,0x00000000ebd7ba70,0x00000000ebd80000)
  to   space 2560K, 0% used [0x00000000ecd80000,0x00000000ecd80000,0x00000000ed000000)
 ParOldGen       total 44032K, used 2312K [0x00000000c0000000, 0x00000000c2b00000, 0x00000000eab00000)
  object space 44032K, 5% used [0x00000000c0000000,0x00000000c02420f8,0x00000000c2b00000)
 Metaspace       used 5332K, capacity 6704K, committed 6784K, reserved 1056768K
  class space    used 546K, capacity 616K, committed 640K, reserved 1048576K
}

Deoptimization events (10 events):
Event: 0.775 Thread 0x00000000021bf800 Uncommon trap: reason=speculate_class_check action=maybe_recompile pc=0x0000000002b35b64 method=java.util.HashMap.putVal(ILjava/lang/Object;Ljava/lang/Object;ZZ)Ljava/lang/Object; @ 56
Event: 0.775 Thread 0x00000000021bf800 Uncommon trap: reason=speculate_class_check action=maybe_recompile pc=0x0000000002b35b64 method=java.util.HashMap.putVal(ILjava/lang/Object;Ljava/lang/Object;ZZ)Ljava/lang/Object; @ 56
Event: 0.775 Thread 0x00000000021bf800 Uncommon trap: reason=class_check action=maybe_recompile pc=0x0000000002b3b650 method=java.util.HashMap.putVal(ILjava/lang/Object;Ljava/lang/Object;ZZ)Ljava/lang/Object; @ 56
Event: 0.775 Thread 0x00000000021bf800 Uncommon trap: reason=class_check action=maybe_recompile pc=0x0000000002b3b650 method=java.util.HashMap.putVal(ILjava/lang/Object;Ljava/lang/Object;ZZ)Ljava/lang/Object; @ 56
Event: 0.775 Thread 0x00000000021bf800 Uncommon trap: reason=class_check action=maybe_recompile pc=0x0000000002b3b650 method=java.util.HashMap.putVal(ILjava/lang/Object;Ljava/lang/Object;ZZ)Ljava/lang/Object; @ 56
Event: 0.775 Thread 0x00000000021bf800 Uncommon trap: reason=class_check action=maybe_recompile pc=0x0000000002b3b650 method=java.util.HashMap.putVal(ILjava/lang/Object;Ljava/lang/Object;ZZ)Ljava/lang/Object; @ 56
Event: 0.807 Thread 0x00000000021bf800 Uncommon trap: reason=class_check action=maybe_recompile pc=0x0000000002b97dd8 method=com.android.dex.Leb128.writeUnsignedLeb128(Lcom/android/dex/util/ByteOutput;I)V @ 40
Event: 0.808 Thread 0x00000000021bf800 Uncommon trap: reason=class_check action=maybe_recompile pc=0x0000000002b97dd8 method=com.android.dex.Leb128.writeUnsignedLeb128(Lcom/android/dex/util/ByteOutput;I)V @ 40
Event: 0.808 Thread 0x00000000021bf800 Uncommon trap: reason=class_check action=maybe_recompile pc=0x0000000002b97dd8 method=com.android.dex.Leb128.writeUnsignedLeb128(Lcom/android/dex/util/ByteOutput;I)V @ 40
Event: 0.808 Thread 0x00000000021bf800 Uncommon trap: reason=class_check action=maybe_recompile pc=0x0000000002b97dd8 method=com.android.dex.Leb128.writeUnsignedLeb128(Lcom/android/dex/util/ByteOutput;I)V @ 40

Internal exceptions (2 events):
Event: 0.048 Thread 0x00000000021bf800 Exception <a 'java/lang/NoSuchMethodError': Method sun.misc.Unsafe.defineClass(Ljava/lang/String;[BII)Ljava/lang/Class; name or signature does not match> (0x00000000eab12f20) thrown at [C:\re\workspace\8-2-build-windows-amd64-cygwin\jdk8u45\3627\hotspot\sr—¸ùäœÀ®?
Event: 0.048 Thread 0x00000000021bf800 Exception <a 'java/lang/NoSuchMethodError': Method sun.misc.Unsafe.prefetchRead(Ljava/lang/Object;J)V name or signature does not match> (0x00000000eab131b0) thrown at [C:\re\workspace\8-2-build-windows-amd64-cygwin\jdk8u45\3627\hotspot\src\share\vm\prims\j

Events (10 events):
Event: 0.807 Thread 0x00000000021bf800 DEOPT UNPACKING pc=0x00000000027f556a sp=0x00000000024df0a8 mode 2
Event: 0.808 Thread 0x00000000021bf800 Uncommon trap: trap_request=0xffffffde fr.pc=0x0000000002b97dd8
Event: 0.808 Thread 0x00000000021bf800 DEOPT PACKING pc=0x0000000002b97dd8 sp=0x00000000024df0c0
Event: 0.808 Thread 0x00000000021bf800 DEOPT UNPACKING pc=0x00000000027f556a sp=0x00000000024df0a8 mode 2
Event: 0.808 Thread 0x00000000021bf800 Uncommon trap: trap_request=0xffffffde fr.pc=0x0000000002b97dd8
Event: 0.808 Thread 0x00000000021bf800 DEOPT PACKING pc=0x0000000002b97dd8 sp=0x00000000024df0c0
Event: 0.808 Thread 0x00000000021bf800 DEOPT UNPACKING pc=0x00000000027f556a sp=0x00000000024df0a8 mode 2
Event: 0.808 Thread 0x00000000021bf800 Uncommon trap: trap_request=0xffffffde fr.pc=0x0000000002b97dd8
Event: 0.808 Thread 0x00000000021bf800 DEOPT PACKING pc=0x0000000002b97dd8 sp=0x00000000024df0c0
Event: 0.808 Thread 0x00000000021bf800 DEOPT UNPACKING pc=0x00000000027f556a sp=0x00000000024df0a8 mode 2


Dynamic libraries:
0x000000013fe30000 - 0x000000013fe67000 	C:\Program Files\Java\jdk1.8.0_45\bin\java.exe
0x00000000775b0000 - 0x0000000077759000 	C:\Windows\SYSTEM32\ntdll.dll
0x0000000077390000 - 0x00000000774af000 	C:\Windows\system32\kernel32.dll
0x000007fefd6c0000 - 0x000007fefd72b000 	C:\Windows\system32\KERNELBASE.dll
0x000007fefe240000 - 0x000007fefe31b000 	C:\Windows\system32\ADVAPI32.dll
0x000007fefda00000 - 0x000007fefda9f000 	C:\Windows\system32\msvcrt.dll
0x000007feff7d0000 - 0x000007feff7ef000 	C:\Windows\SYSTEM32\sechost.dll
0x000007fefd730000 - 0x000007fefd85d000 	C:\Windows\system32\RPCRT4.dll
0x00000000774b0000 - 0x00000000775aa000 	C:\Windows\system32\USER32.dll
0x000007fefd930000 - 0x000007fefd997000 	C:\Windows\system32\GDI32.dll
0x000007fefe230000 - 0x000007fefe23e000 	C:\Windows\system32\LPK.dll
0x000007fefd860000 - 0x000007fefd929000 	C:\Windows\system32\USP10.dll
0x000007fefbce0000 - 0x000007fefbed4000 	C:\Windows\WinSxS\amd64_microsoft.windows.common-controls_6595b64144ccf1df_6.0.7601.17514_none_fa396087175ac9ac\COMCTL32.dll
0x000007fefe320000 - 0x000007fefe391000 	C:\Windows\system32\SHLWAPI.dll
0x000007fefe3a0000 - 0x000007fefe3ce000 	C:\Windows\system32\IMM32.DLL
0x000007feff1e0000 - 0x000007feff2e9000 	C:\Windows\system32\MSCTF.dll
0x000000006b7a0000 - 0x000000006b872000 	C:\Program Files\Java\jdk1.8.0_45\jre\bin\msvcr100.dll
0x000000006af10000 - 0x000000006b793000 	C:\Program Files\Java\jdk1.8.0_45\jre\bin\server\jvm.dll
0x000007fef1cf0000 - 0x000007fef1cf9000 	C:\Windows\system32\WSOCK32.dll
0x000007feff5a0000 - 0x000007feff5ed000 	C:\Windows\system32\WS2_32.dll
0x000007feff7f0000 - 0x000007feff7f8000 	C:\Windows\system32\NSI.dll
0x000007fefa1c0000 - 0x000007fefa1fb000 	C:\Windows\system32\WINMM.dll
0x000007fefc440000 - 0x000007fefc44c000 	C:\Windows\system32\VERSION.dll
0x0000000077770000 - 0x0000000077777000 	C:\Windows\system32\PSAPI.DLL
0x000000006c700000 - 0x000000006c70f000 	C:\Program Files\Java\jdk1.8.0_45\jre\bin\verify.dll
0x000000006b930000 - 0x000000006b959000 	C:\Program Files\Java\jdk1.8.0_45\jre\bin\java.dll
0x000000006b910000 - 0x000000006b926000 	C:\Program Files\Java\jdk1.8.0_45\jre\bin\zip.dll
0x000007fefe450000 - 0x000007feff1d8000 	C:\Windows\system32\SHELL32.dll
0x000007feff390000 - 0x000007feff593000 	C:\Windows\system32\ole32.dll
0x000007fefd380000 - 0x000007fefd38f000 	C:\Windows\system32\profapi.dll
0x000007fef9160000 - 0x000007fef9285000 	C:\Windows\system32\dbghelp.dll

VM Arguments:
jvm_args: -Xmx1024M -Dfile.encoding=windows-1251 -Duser.country=US -Duser.language=en -Duser.variant 
java_command: com.android.dx.command.Main --dex --output D:\Common\Android_Studio\SME.01\app\build\intermediates\dex\debug D:\Common\Android_Studio\SME.01\app\build\intermediates\classes\debug D:\Common\Android_Studio\SME.01\app\build\intermediates\pre-dexed\debug\support-annotations-22.1.1-41ab8513b7f80be0975518415e60e00679e0c6f7.jar D:\Common\Android_Studio\SME.01\app\build\intermediates\pre-dexed\debug\internal_impl-22.1.1-5d0479b0cc14f3ee6b53255008b2be1ce46dd164.jar D:\Common\Android_Studio\SME.01\app\build\intermediates\pre-dexed\debug\classes-b4764924845c4990dd1c7b8ee71f67ad756e731b.jar D:\Common\Android_Studio\SME.01\app\build\intermediates\pre-dexed\debug\classes-38118fcf04cbef3ffd6dd00a7e6dff7a1ea1da01.jar
java_class_path (initial): D:\Users\User\AppData\Local\Android\sdk1\build-tools\22.0.1\lib\dx.jar
Launcher Type: SUN_STANDARD

Environment Variables:
JAVA_HOME=C:\Program Files\Java\jdk1.7.0_79
PATH=C:\ProgramData\Oracle\Java\javapath;C:\PROGRA~2\Borland\CBUILD~1\Bin;C:\PROGRA~2\Borland\CBUILD~1\Projects\Bpl;C:\Windows\system32;C:\Windows;C:\Windows\System32\Wbem;C:\Windows\System32\WindowsPowerShell\v1.0\;C:\Program Files (x86)\Skype\Phone\;C:\Program Files (x86)\nodejs\;C:\Program Files (x86)\Microsoft SQL Server\100\Tools\Binn\;C:\Program Files\Microsoft SQL Server\100\Tools\Binn\;C:\Program Files\Microsoft SQL Server\100\DTS\Binn\;C:\Program Files (x86)\Windows Kits\8.1\Windows Performance Toolkit\;C:\Program Files\Microsoft SQL Server\110\Tools\Binn\;C:\Users\User\AppData\Roaming\npm;C:\Program Files\Java\jdk1.7.0_79\bin;D:\Grails_Groovy\grails-2.5.0\bin;D:\Grails_Groovy\groovy-2.4.3\bin;
USERNAME=User
OS=Windows_NT
PROCESSOR_IDENTIFIER=Intel64 Family 6 Model 15 Stepping 11, GenuineIntel



---------------  S Y S T E M  ---------------

OS: Windows 7 , 64 bit Build 7601 (6.1.7601.18015)

CPU:total 4 (4 cores per cpu, 1 threads per core) family 6 model 15 stepping 11, cmov, cx8, fxsr, mmx, sse, sse2, sse3, ssse3, tsc

Memory: 4k page, physical 4192824k(386728k free), swap 8383784k(2788740k free)

vm_info: Java HotSpot(TM) 64-Bit Server VM (25.45-b02) for windows-amd64 JRE (1.8.0_45-b15), built on Apr 30 2015 12:40:44 by "java_re" with MS VC++ 10.0 (VS2010)

time: Thu Jul 02 17:16:23 2015
elapsed time: 1 seconds (0d 0h 0m 1s)

