#
# A fatal error has been detected by the Java Runtime Environment:
#
#  EXCEPTION_ACCESS_VIOLATION (0xc0000005) at pc=0xffffffffa36f5120, pid=2172, tid=3464
#
# JRE version: Java(TM) SE Runtime Environment (8.0_45-b15) (build 1.8.0_45-b15)
# Java VM: Java HotSpot(TM) 64-Bit Server VM (25.45-b02 mixed mode windows-amd64 compressed oops)
# Problematic frame:
# C  0xffffffffa36f5120
#
# Failed to write core dump. Minidumps are not enabled by default on client versions of Windows
#
# If you would like to submit a bug report, please visit:
#   http://bugreport.java.com/bugreport/crash.jsp
#

---------------  T H R E A D  ---------------

Current thread (0x00000000003af800):  JavaThread "main" [_thread_in_Java, id=3464, stack(0x0000000002250000,0x0000000002350000)]

siginfo: ExceptionCode=0xc0000005, ExceptionInformation=0x0000000000000008 0xffffffffa36f5120

Registers:
RAX=0x000000001471c330, RBX=0x0000000054cdb3f8, RCX=0x00000000c072f050, RDX=0x00000000eac40618
RSP=0x000000000234f0a8, RBP=0x000000000000001d, RSI=0x00000000eac405d8, RDI=0x00000000eac405d8
R8 =0x00000000eccf3210, R9 =0x00000000eccf32f0, R10=0x000000001471cf10, R11=0x0000000000000208
R12=0x0000000000000000, R13=0x000000001469de88, R14=0x0000000014722c88, R15=0x00000000003af800
RIP=0xffffffffa36f5120, EFLAGS=0x0000000000010246

Top of Stack: (sp=0x000000000234f0a8)
0x000000000234f0a8:   0000000002ca8a00 000d715ceac43d98
0x000000000234f0b8:   0000001c000d715d 00000000eac409d8
0x000000000234f0c8:   0000000002cdca28 00000000eac405b8
0x000000000234f0d8:   00000000eccf3210 000000000000001d
0x000000000234f0e8:   0000000014722c88 000000001469de88
0x000000000234f0f8:   00000000eac405d8 00000000eac405d8
0x000000000234f108:   0000000014722c88 000000001469de88
0x000000000234f118:   00000000eccf3560 000000000000001c
0x000000000234f128:   00000000eccf31c0 00000000ffffffff
0x000000000234f138:   0000000000000246 00000000eccf3128
0x000000000234f148:   0000000002d07754 00000000eac19058
0x000000000234f158:   0016a95000000000 00000000eac19058
0x000000000234f168:   00000000eac19530 eccf3188eccf3178
0x000000000234f178:   00000000eccf3178 00000000eccf31c0
0x000000000234f188:   00000000eac18558 000000001471b510
0x000000000234f198:   0000000100000004 0000000000000002 

Instructions: (pc=0xffffffffa36f5120)
0xffffffffa36f5100:   
[error occurred during error reporting (printing registers, top of stack, instructions near pc), id 0xc0000005]

Register to memory mapping:

RAX=0x000000001471c330 is pointing into metadata
RBX={method} {0x0000000054cdb400} 'visit' '([Lcom/android/dx/io/instructions/DecodedInstruction;Lcom/android/dx/io/instructions/DecodedInstruction;)V' in 'com/android/dx/merge/InstructionTransformer$TypeVisitor'
RCX=0x00000000c072f050 is an oop
[I 
 - klass: {type array int}
 - length: 10
RDX=0x00000000eac40618 is an oop
com.android.dx.merge.InstructionTransformer$TypeVisitor 
 - klass: 'com/android/dx/merge/InstructionTransformer$TypeVisitor'
RSP=0x000000000234f0a8 is pointing into the stack for thread: 0x00000000003af800
RBP=0x000000000000001d is an unknown value
RSI=0x00000000eac405d8 is an oop
com.android.dx.io.CodeReader 
 - klass: 'com/android/dx/io/CodeReader'
RDI=0x00000000eac405d8 is an oop
com.android.dx.io.CodeReader 
 - klass: 'com/android/dx/io/CodeReader'
R8 =0x00000000eccf3210 is an oop
[Lcom.android.dx.io.instructions.DecodedInstruction; 
 - klass: 'com/android/dx/io/instructions/DecodedInstruction'[]
 - length: 29
R9 =0x00000000eccf32f0 is an oop
com.android.dx.io.instructions.OneRegisterDecodedInstruction 
 - klass: 'com/android/dx/io/instructions/OneRegisterDecodedInstruction'
R10=0x000000001471cf10 is pointing into metadata
R11=0x0000000000000208 is an unknown value
R12=0x0000000000000000 is an unknown value
R13=0x000000001469de88 is pointing into metadata
R14=0x0000000014722c88 is pointing into metadata
R15=0x00000000003af800 is a thread


Stack: [0x0000000002250000,0x0000000002350000],  sp=0x000000000234f0a8,  free space=1020k
Native frames: (J=compiled Java code, j=interpreted, Vv=VM code, C=native code)
C  0xffffffffa36f5120


---------------  P R O C E S S  ---------------

Java Threads: ( => current thread )
  0x00000000565d7800 JavaThread "Service Thread" daemon [_thread_blocked, id=2196, stack(0x0000000056f50000,0x0000000057050000)]
  0x000000005655b000 JavaThread "C1 CompilerThread2" daemon [_thread_blocked, id=4424, stack(0x0000000056d30000,0x0000000056e30000)]
  0x0000000056548000 JavaThread "C2 CompilerThread1" daemon [_thread_blocked, id=4160, stack(0x0000000056bf0000,0x0000000056cf0000)]
  0x0000000056544000 JavaThread "C2 CompilerThread0" daemon [_thread_in_native, id=4784, stack(0x0000000056a60000,0x0000000056b60000)]
  0x0000000056540800 JavaThread "Attach Listener" daemon [_thread_blocked, id=4996, stack(0x0000000056320000,0x0000000056420000)]
  0x0000000055074800 JavaThread "Signal Dispatcher" daemon [_thread_blocked, id=3732, stack(0x0000000056960000,0x0000000056a60000)]
  0x0000000055015000 JavaThread "Finalizer" daemon [_thread_blocked, id=4672, stack(0x0000000056440000,0x0000000056540000)]
  0x0000000055014000 JavaThread "Reference Handler" daemon [_thread_blocked, id=4924, stack(0x0000000056180000,0x0000000056280000)]
=>0x00000000003af800 JavaThread "main" [_thread_in_Java, id=3464, stack(0x0000000002250000,0x0000000002350000)]

Other Threads:
  0x000000005500e800 VMThread [stack: 0x0000000056010000,0x0000000056110000] [id=3868]
  0x0000000056587800 WatcherThread [stack: 0x00000000570a0000,0x00000000571a0000] [id=3204]

VM state:not at safepoint (normal execution)

VM Mutex/Monitor currently owned by a thread: None

Heap:
 PSYoungGen      total 68096K, used 37365K [0x00000000eab00000, 0x00000000ef000000, 0x0000000100000000)
  eden space 65536K, 53% used [0x00000000eab00000,0x00000000ecd02610,0x00000000eeb00000)
  from space 2560K, 99% used [0x00000000eed80000,0x00000000eeffb1b8,0x00000000ef000000)
  to   space 2560K, 0% used [0x00000000eeb00000,0x00000000eeb00000,0x00000000eed80000)
 ParOldGen       total 44032K, used 23806K [0x00000000c0000000, 0x00000000c2b00000, 0x00000000eab00000)
  object space 44032K, 54% used [0x00000000c0000000,0x00000000c173f9a0,0x00000000c2b00000)
 Metaspace       used 6990K, capacity 7736K, committed 7936K, reserved 1056768K
  class space    used 700K, capacity 752K, committed 768K, reserved 1048576K

Card table byte_map: [0x0000000011ab0000,0x0000000011cc0000] byte_map_base: 0x00000000114b0000

Marking Bits: (ParMarkBitMap*) 0x000000005dbe4040
 Begin Bits: [0x0000000012480000, 0x0000000013480000)
 End Bits:   [0x0000000013480000, 0x0000000014480000)

Polling page: 0x0000000000140000

CodeCache: size=245760Kb used=6257Kb max_used=6269Kb free=239502Kb
 bounds [0x00000000026f0000, 0x0000000002d20000, 0x00000000116f0000]
 total_blobs=2299 nmethods=2013 adapters=201
 compilation: enabled

Compilation events (10 events):
Event: 1.726 Thread 0x000000005655b000 2050       3       com.android.dx.io.instructions.InstructionCodec$14::encode (29 bytes)
Event: 1.726 Thread 0x000000005655b000 nmethod 2050 0x0000000002d0e010 code [0x0000000002d0e200, 0x0000000002d0ecc8]
Event: 1.726 Thread 0x000000005655b000 2043       3       com.android.dx.merge.InstructionTransformer$FieldVisitor::visit (63 bytes)
Event: 1.727 Thread 0x0000000056548000 nmethod 2022 0x0000000002d05590 code [0x0000000002d056e0, 0x0000000002d057b8]
Event: 1.727 Thread 0x000000005655b000 nmethod 2043 0x0000000002d11710 code [0x0000000002d118c0, 0x0000000002d12018]
Event: 1.727 Thread 0x0000000056548000 2019       4       com.android.dx.merge.DexMerger$6::write (9 bytes)
Event: 1.727 Thread 0x000000005655b000 2051       3       com.android.dx.io.instructions.InstructionCodec$14::decode (53 bytes)
Event: 1.727 Thread 0x000000005655b000 nmethod 2051 0x0000000002d105d0 code [0x0000000002d107c0, 0x0000000002d110b8]
Event: 1.733 Thread 0x0000000056548000 nmethod 2019 0x0000000002d0f950 code [0x0000000002d0fac0, 0x0000000002d0fe38]
Event: 1.733 Thread 0x0000000056548000 1996       4       com.android.dx.merge.DexMerger$2::read (8 bytes)

GC Heap History (8 events):
Event: 0.673 GC heap before
{Heap before GC invocations=1 (full 0):
 PSYoungGen      total 18944K, used 16384K [0x00000000eab00000, 0x00000000ec000000, 0x0000000100000000)
  eden space 16384K, 100% used [0x00000000eab00000,0x00000000ebb00000,0x00000000ebb00000)
  from space 2560K, 0% used [0x00000000ebd80000,0x00000000ebd80000,0x00000000ec000000)
  to   space 2560K, 0% used [0x00000000ebb00000,0x00000000ebb00000,0x00000000ebd80000)
 ParOldGen       total 44032K, used 0K [0x00000000c0000000, 0x00000000c2b00000, 0x00000000eab00000)
  object space 44032K, 0% used [0x00000000c0000000,0x00000000c0000000,0x00000000c2b00000)
 Metaspace       used 5404K, capacity 6768K, committed 7040K, reserved 1056768K
  class space    used 547K, capacity 616K, committed 640K, reserved 1048576K
Event: 0.699 GC heap after
Heap after GC invocations=1 (full 0):
 PSYoungGen      total 18944K, used 2529K [0x00000000eab00000, 0x00000000ed000000, 0x0000000100000000)
  eden space 16384K, 0% used [0x00000000eab00000,0x00000000eab00000,0x00000000ebb00000)
  from space 2560K, 98% used [0x00000000ebb00000,0x00000000ebd78638,0x00000000ebd80000)
  to   space 2560K, 0% used [0x00000000ecd80000,0x00000000ecd80000,0x00000000ed000000)
 ParOldGen       total 44032K, used 2064K [0x00000000c0000000, 0x00000000c2b00000, 0x00000000eab00000)
  object space 44032K, 4% used [0x00000000c0000000,0x00000000c0204148,0x00000000c2b00000)
 Metaspace       used 5404K, capacity 6768K, committed 7040K, reserved 1056768K
  class space    used 547K, capacity 616K, committed 640K, reserved 1048576K
}
Event: 1.079 GC heap before
{Heap before GC invocations=2 (full 0):
 PSYoungGen      total 18944K, used 18913K [0x00000000eab00000, 0x00000000ed000000, 0x0000000100000000)
  eden space 16384K, 100% used [0x00000000eab00000,0x00000000ebb00000,0x00000000ebb00000)
  from space 2560K, 98% used [0x00000000ebb00000,0x00000000ebd78638,0x00000000ebd80000)
  to   space 2560K, 0% used [0x00000000ecd80000,0x00000000ecd80000,0x00000000ed000000)
 ParOldGen       total 44032K, used 2064K [0x00000000c0000000, 0x00000000c2b00000, 0x00000000eab00000)
  object space 44032K, 4% used [0x00000000c0000000,0x00000000c0204148,0x00000000c2b00000)
 Metaspace       used 6824K, capacity 7608K, committed 7680K, reserved 1056768K
  class space    used 700K, capacity 752K, committed 768K, reserved 1048576K
Event: 1.099 GC heap after
Heap after GC invocations=2 (full 0):
 PSYoungGen      total 35328K, used 2544K [0x00000000eab00000, 0x00000000ed000000, 0x0000000100000000)
  eden space 32768K, 0% used [0x00000000eab00000,0x00000000eab00000,0x00000000ecb00000)
  from space 2560K, 99% used [0x00000000ecd80000,0x00000000ecffc0e8,0x00000000ed000000)
  to   space 2560K, 0% used [0x00000000ecb00000,0x00000000ecb00000,0x00000000ecd80000)
 ParOldGen       total 44032K, used 6291K [0x00000000c0000000, 0x00000000c2b00000, 0x00000000eab00000)
  object space 44032K, 14% used [0x00000000c0000000,0x00000000c0624c40,0x00000000c2b00000)
 Metaspace       used 6824K, capacity 7608K, committed 7680K, reserved 1056768K
  class space    used 700K, capacity 752K, committed 768K, reserved 1048576K
}
Event: 1.412 GC heap before
{Heap before GC invocations=3 (full 0):
 PSYoungGen      total 35328K, used 34514K [0x00000000eab00000, 0x00000000ed000000, 0x0000000100000000)
  eden space 32768K, 97% used [0x00000000eab00000,0x00000000eca38af0,0x00000000ecb00000)
  from space 2560K, 99% used [0x00000000ecd80000,0x00000000ecffc0e8,0x00000000ed000000)
  to   space 2560K, 0% used [0x00000000ecb00000,0x00000000ecb00000,0x00000000ecd80000)
 ParOldGen       total 44032K, used 6291K [0x00000000c0000000, 0x00000000c2b00000, 0x00000000eab00000)
  object space 44032K, 14% used [0x00000000c0000000,0x00000000c0624c40,0x00000000c2b00000)
 Metaspace       used 6962K, capacity 7736K, committed 7936K, reserved 1056768K
  class space    used 700K, capacity 752K, committed 768K, reserved 1048576K
Event: 1.469 GC heap after
Heap after GC invocations=3 (full 0):
 PSYoungGen      total 35328K, used 2540K [0x00000000eab00000, 0x00000000ef000000, 0x0000000100000000)
  eden space 32768K, 0% used [0x00000000eab00000,0x00000000eab00000,0x00000000ecb00000)
  from space 2560K, 99% used [0x00000000ecb00000,0x00000000ecd7b1c8,0x00000000ecd80000)
  to   space 2560K, 0% used [0x00000000eed80000,0x00000000eed80000,0x00000000ef000000)
 ParOldGen       total 44032K, used 15846K [0x00000000c0000000, 0x00000000c2b00000, 0x00000000eab00000)
  object space 44032K, 35% used [0x00000000c0000000,0x00000000c0f79a68,0x00000000c2b00000)
 Metaspace       used 6962K, capacity 7736K, committed 7936K, reserved 1056768K
  class space    used 700K, capacity 752K, committed 768K, reserved 1048576K
}
Event: 1.587 GC heap before
{Heap before GC invocations=4 (full 0):
 PSYoungGen      total 35328K, used 35308K [0x00000000eab00000, 0x00000000ef000000, 0x0000000100000000)
  eden space 32768K, 100% used [0x00000000eab00000,0x00000000ecb00000,0x00000000ecb00000)
  from space 2560K, 99% used [0x00000000ecb00000,0x00000000ecd7b1c8,0x00000000ecd80000)
  to   space 2560K, 0% used [0x00000000eed80000,0x00000000eed80000,0x00000000ef000000)
 ParOldGen       total 44032K, used 15846K [0x00000000c0000000, 0x00000000c2b00000, 0x00000000eab00000)
  object space 44032K, 35% used [0x00000000c0000000,0x00000000c0f79a68,0x00000000c2b00000)
 Metaspace       used 6979K, capacity 7736K, committed 7936K, reserved 1056768K
  class space    used 700K, capacity 752K, committed 768K, reserved 1048576K
Event: 1.613 GC heap after
Heap after GC invocations=4 (full 0):
 PSYoungGen      total 68096K, used 2540K [0x00000000eab00000, 0x00000000ef000000, 0x0000000100000000)
  eden space 65536K, 0% used [0x00000000eab00000,0x00000000eab00000,0x00000000eeb00000)
  from space 2560K, 99% used [0x00000000eed80000,0x00000000eeffb1b8,0x00000000ef000000)
  to   space 2560K, 0% used [0x00000000eeb00000,0x00000000eeb00000,0x00000000eed80000)
 ParOldGen       total 44032K, used 23806K [0x00000000c0000000, 0x00000000c2b00000, 0x00000000eab00000)
  object space 44032K, 54% used [0x00000000c0000000,0x00000000c173f9a0,0x00000000c2b00000)
 Metaspace       used 6979K, capacity 7736K, committed 7936K, reserved 1056768K
  class space    used 700K, capacity 752K, committed 768K, reserved 1048576K
}

Deoptimization events (10 events):
Event: 0.923 Thread 0x00000000003af800 Uncommon trap: reason=unstable_if action=reinterpret pc=0x0000000002b7e4f8 method=com.android.dx.util.ByteArrayAnnotatedOutput.writeUleb128(I)I @ 4
Event: 0.940 Thread 0x00000000003af800 Uncommon trap: reason=unstable_if action=reinterpret pc=0x0000000002a3a8dc method=java.util.Arrays.copyOf([Ljava/lang/Object;ILjava/lang/Class;)[Ljava/lang/Object; @ 3
Event: 0.941 Thread 0x00000000003af800 Uncommon trap: reason=class_check action=maybe_recompile pc=0x0000000002b205e0 method=java.util.HashMap.putVal(ILjava/lang/Object;Ljava/lang/Object;ZZ)Ljava/lang/Object; @ 56
Event: 0.941 Thread 0x00000000003af800 Uncommon trap: reason=class_check action=maybe_recompile pc=0x0000000002b20658 method=java.util.HashMap.putVal(ILjava/lang/Object;Ljava/lang/Object;ZZ)Ljava/lang/Object; @ 152
Event: 0.941 Thread 0x00000000003af800 Uncommon trap: reason=class_check action=maybe_recompile pc=0x0000000002b205e0 method=java.util.HashMap.putVal(ILjava/lang/Object;Ljava/lang/Object;ZZ)Ljava/lang/Object; @ 56
Event: 0.943 Thread 0x00000000003af800 Uncommon trap: reason=bimorphic action=maybe_recompile pc=0x0000000002a81a5c method=java.util.HashMap.getNode(ILjava/lang/Object;)Ljava/util/HashMap$Node; @ 126
Event: 1.011 Thread 0x00000000003af800 Uncommon trap: reason=unstable_if action=reinterpret pc=0x0000000002b9e65c method=java.util.HashMap.putVal(ILjava/lang/Object;Ljava/lang/Object;ZZ)Ljava/lang/Object; @ 162
Event: 1.044 Thread 0x00000000003af800 Uncommon trap: reason=unstable_if action=reinterpret pc=0x0000000002b0f918 method=java.util.HashMap.getNode(ILjava/lang/Object;)Ljava/util/HashMap$Node; @ 84
Event: 1.183 Thread 0x00000000003af800 Uncommon trap: reason=predicate action=maybe_recompile pc=0x0000000002c4a124 method=com.android.dex.Leb128.readUnsignedLeb128(Lcom/android/dex/util/ByteInput;)I @ 41
Event: 1.188 Thread 0x00000000003af800 Uncommon trap: reason=unstable_if action=reinterpret pc=0x0000000002c5e994 method=java.util.HashMap.putVal(ILjava/lang/Object;Ljava/lang/Object;ZZ)Ljava/lang/Object; @ 109

Internal exceptions (2 events):
Event: 0.046 Thread 0x00000000003af800 Exception <a 'java/lang/NoSuchMethodError': Method sun.misc.Unsafe.defineClass(Ljava/lang/String;[BII)Ljava/lang/Class; name or signature does not match> (0x00000000eab12f20) thrown at [C:\re\workspace\8-2-build-windows-amd64-cygwin\jdk8u45\3627\hotspot\srDø‹√…ß?
Event: 0.046 Thread 0x00000000003af800 Exception <a 'java/lang/NoSuchMethodError': Method sun.misc.Unsafe.prefetchRead(Ljava/lang/Object;J)V name or signature does not match> (0x00000000eab131b0) thrown at [C:\re\workspace\8-2-build-windows-amd64-cygwin\jdk8u45\3627\hotspot\src\share\vm\prims\j

Events (10 events):
Event: 1.395 Thread 0x00000000003af800 DEOPT PACKING pc=0x0000000002ca387b sp=0x000000000234f260
Event: 1.395 Thread 0x00000000003af800 DEOPT UNPACKING pc=0x00000000027371bf sp=0x000000000234ef68 mode 0
Event: 1.411 Executing VM operation: ParallelGCFailedAllocation
Event: 1.469 Executing VM operation: ParallelGCFailedAllocation done
Event: 1.485 loading class java/util/Collections$EmptyIterator
Event: 1.485 loading class java/util/Collections$EmptyIterator done
Event: 1.587 Executing VM operation: ParallelGCFailedAllocation
Event: 1.613 Executing VM operation: ParallelGCFailedAllocation done
Event: 1.672 Thread 0x00000000003af800 DEOPT PACKING pc=0x0000000002c54ae9 sp=0x000000000234f110
Event: 1.672 Thread 0x00000000003af800 DEOPT UNPACKING pc=0x00000000027371bf sp=0x000000000234ee00 mode 0


Dynamic libraries:
0x000000013fe80000 - 0x000000013feb7000 	C:\Program Files\Java\jdk1.8.0_45\bin\java.exe
0x0000000077a70000 - 0x0000000077c19000 	C:\Windows\SYSTEM32\ntdll.dll
0x0000000077950000 - 0x0000000077a6f000 	C:\Windows\system32\kernel32.dll
0x000007fefda60000 - 0x000007fefdacb000 	C:\Windows\system32\KERNELBASE.dll
0x000007feffaf0000 - 0x000007feffbcb000 	C:\Windows\system32\ADVAPI32.dll
0x000007feffc60000 - 0x000007feffcff000 	C:\Windows\system32\msvcrt.dll
0x000007feffbd0000 - 0x000007feffbef000 	C:\Windows\SYSTEM32\sechost.dll
0x000007fefee20000 - 0x000007fefef4d000 	C:\Windows\system32\RPCRT4.dll
0x0000000077850000 - 0x000000007794a000 	C:\Windows\system32\USER32.dll
0x000007fefef50000 - 0x000007fefefb7000 	C:\Windows\system32\GDI32.dll
0x000007feffae0000 - 0x000007feffaee000 	C:\Windows\system32\LPK.dll
0x000007fefea00000 - 0x000007fefeac9000 	C:\Windows\system32\USP10.dll
0x000007fefc1a0000 - 0x000007fefc394000 	C:\Windows\WinSxS\amd64_microsoft.windows.common-controls_6595b64144ccf1df_6.0.7601.17514_none_fa396087175ac9ac\COMCTL32.dll
0x000007fefe980000 - 0x000007fefe9f1000 	C:\Windows\system32\SHLWAPI.dll
0x000007fefece0000 - 0x000007fefed0e000 	C:\Windows\system32\IMM32.DLL
0x000007fefed10000 - 0x000007fefee19000 	C:\Windows\system32\MSCTF.dll
0x000000006ccc0000 - 0x000000006cd92000 	C:\Program Files\Java\jdk1.8.0_45\jre\bin\msvcr100.dll
0x000000005d3e0000 - 0x000000005dc63000 	C:\Program Files\Java\jdk1.8.0_45\jre\bin\server\jvm.dll
0x000007fef2db0000 - 0x000007fef2db9000 	C:\Windows\system32\WSOCK32.dll
0x000007feffc10000 - 0x000007feffc5d000 	C:\Windows\system32\WS2_32.dll
0x000007feff4f0000 - 0x000007feff4f8000 	C:\Windows\system32\NSI.dll
0x000007fefa840000 - 0x000007fefa87b000 	C:\Windows\system32\WINMM.dll
0x000007fefc900000 - 0x000007fefc90c000 	C:\Windows\system32\VERSION.dll
0x0000000077c30000 - 0x0000000077c37000 	C:\Windows\system32\PSAPI.DLL
0x0000000073da0000 - 0x0000000073daf000 	C:\Program Files\Java\jdk1.8.0_45\jre\bin\verify.dll
0x0000000073680000 - 0x00000000736a9000 	C:\Program Files\Java\jdk1.8.0_45\jre\bin\java.dll
0x0000000070240000 - 0x0000000070256000 	C:\Program Files\Java\jdk1.8.0_45\jre\bin\zip.dll
0x000007fefdbf0000 - 0x000007fefe978000 	C:\Windows\system32\SHELL32.dll
0x000007fefead0000 - 0x000007fefecd3000 	C:\Windows\system32\ole32.dll
0x000007fefd830000 - 0x000007fefd83f000 	C:\Windows\system32\profapi.dll
0x000007fef9600000 - 0x000007fef9725000 	C:\Windows\system32\dbghelp.dll

VM Arguments:
jvm_args: -Xmx1024M -Dfile.encoding=windows-1251 -Duser.country=US -Duser.language=en -Duser.variant 
java_command: com.android.dx.command.Main --dex --output D:\Common\Android_Studio\SME.01\app\build\intermediates\dex\debug D:\Common\Android_Studio\SME.01\app\build\intermediates\classes\debug D:\Common\Android_Studio\SME.01\app\build\intermediates\pre-dexed\debug\support-annotations-22.1.1-41ab8513b7f80be0975518415e60e00679e0c6f7.jar D:\Common\Android_Studio\SME.01\app\build\intermediates\pre-dexed\debug\spring-android-core-1.0.1.RELEASE-646edede8a69eb8b7f088c53472acf83b25bb066.jar D:\Common\Android_Studio\SME.01\app\build\intermediates\pre-dexed\debug\spring-android-rest-template-1.0.1.RELEASE-e7d612191a78c6497987f87626ffc3fdc4561fd1.jar D:\Common\Android_Studio\SME.01\app\build\intermediates\pre-dexed\debug\internal_impl-22.1.1-5d0479b0cc14f3ee6b53255008b2be1ce46dd164.jar D:\Common\Android_Studio\SME.01\app\build\intermediates\pre-dexed\debug\simple-xml-2.7.1-46f317430645a08dbddae87309b6802ab7b4826d.jar D:\Common\Android_Studio\SME.01\app\build\intermediates\pre-dexed\debug\classes-b4764924845c4990dd1c7b8ee71f67ad756e731b.jar D:\Common\Android_Studio\SME.01\app\build\intermediates\pre-dexed\debug\classes-38118fcf04cbef3ffd6dd00a7e6dff7a1ea1da01.jar
java_class_path (initial): D:\Users\User\AppData\Local\Android\sdk1\build-tools\22.0.1\lib\dx.jar
Launcher Type: SUN_STANDARD

Environment Variables:
JAVA_HOME=C:\Program Files\Java\jdk1.7.0_79
PATH=C:\ProgramData\Oracle\Java\javapath;C:\PROGRA~2\Borland\CBUILD~1\Bin;C:\PROGRA~2\Borland\CBUILD~1\Projects\Bpl;C:\Windows\system32;C:\Windows;C:\Windows\System32\Wbem;C:\Windows\System32\WindowsPowerShell\v1.0\;C:\Program Files (x86)\Skype\Phone\;C:\Program Files (x86)\nodejs\;C:\Program Files (x86)\Microsoft SQL Server\100\Tools\Binn\;C:\Program Files\Microsoft SQL Server\100\Tools\Binn\;C:\Program Files\Microsoft SQL Server\100\DTS\Binn\;C:\Program Files (x86)\Windows Kits\8.1\Windows Performance Toolkit\;C:\Program Files\Microsoft SQL Server\110\Tools\Binn\;C:\Users\User\AppData\Roaming\npm;C:\Program Files\Java\jdk1.7.0_79\bin;D:\Grails_Groovy\grails-2.5.0\bin;D:\Grails_Groovy\groovy-2.4.3\bin;
USERNAME=User
OS=Windows_NT
PROCESSOR_IDENTIFIER=Intel64 Family 6 Model 15 Stepping 11, GenuineIntel



---------------  S Y S T E M  ---------------

OS: Windows 7 , 64 bit Build 7601 (6.1.7601.18015)

CPU:total 4 (4 cores per cpu, 1 threads per core) family 6 model 15 stepping 11, cmov, cx8, fxsr, mmx, sse, sse2, sse3, ssse3, tsc

Memory: 4k page, physical 4192824k(183772k free), swap 8383784k(2534028k free)

vm_info: Java HotSpot(TM) 64-Bit Server VM (25.45-b02) for windows-amd64 JRE (1.8.0_45-b15), built on Apr 30 2015 12:40:44 by "java_re" with MS VC++ 10.0 (VS2010)

time: Fri Jul 03 13:55:37 2015
elapsed time: 1 seconds (0d 0h 0m 1s)

