#
# A fatal error has been detected by the Java Runtime Environment:
#
#  EXCEPTION_ACCESS_VIOLATION (0xc0000005) at pc=0xffffffffa3885120, pid=4184, tid=1028
#
# JRE version: Java(TM) SE Runtime Environment (8.0_45-b15) (build 1.8.0_45-b15)
# Java VM: Java HotSpot(TM) 64-Bit Server VM (25.45-b02 mixed mode windows-amd64 compressed oops)
# Problematic frame:
# C  0xffffffffa3885120
#
# Failed to write core dump. Minidumps are not enabled by default on client versions of Windows
#
# If you would like to submit a bug report, please visit:
#   http://bugreport.java.com/bugreport/crash.jsp
#

---------------  T H R E A D  ---------------

Current thread (0x000000000229f000):  JavaThread "main" [_thread_in_Java, id=1028, stack(0x00000000024b0000,0x00000000025b0000)]

siginfo: ExceptionCode=0xc0000005, ExceptionInformation=0x0000000000000008 0xffffffffa3885120

Registers:
RAX=0x00000000eacb4f98, RBX=0x0000000000000001, RCX=0x0000000000000000, RDX=0x00000000eacb4f98
RSP=0x00000000025ae9c8, RBP=0x00000000025aede0, RSI=0x000000000000000c, RDI=0x00000000eacb4f30
R8 =0x000000000000000a, R9 =0x00000000eacb4f68, R10=0x00000000eacb4f10, R11=0x00000000eacb4f68
R12=0x0000000000000000, R13=0x00000000eacb4f30, R14=0x0000000000000f31, R15=0x000000000229f000
RIP=0xffffffffa3885120, EFLAGS=0x0000000000010202

Top of Stack: (sp=0x00000000025ae9c8)
0x00000000025ae9c8:   0000000002c1999c 00000000eacb2da8
0x00000000025ae9d8:   00000000eacad190 00000000eacb2da8
0x00000000025ae9e8:   0000000002b08944 00000000eacb3358
0x00000000025ae9f8:   00000000eacb2da8 0000000014aa86f8
0x00000000025aea08:   00000000eacb3890 00000000eacb3da0
0x00000000025aea18:   0000000002c6cfcc 00000000eacb2b08
0x00000000025aea28:   000000005d619667 00000000025aed70
0x00000000025aea38:   0000000002bbbc8c 00000000025aec50
0x00000000025aea48:   0000000002d32c64 0000000000000000
0x00000000025aea58:   00000000025aeac0 0000000000000000
0x00000000025aea68:   00000000eacb3448 0000000000000000
0x00000000025aea78:   0000000000000001 00000000eacb41f8
0x00000000025aea88:   00000000eacb4c08 00000000eacb3ed8
0x00000000025aea98:   00000000eacb4118 00000000ebce6e58
0x00000000025aeaa8:   00000000eacb45f0 00000000eacb4e50
0x00000000025aeab8:   00000000eacb4e68 00000000ebb16458 

Instructions: (pc=0xffffffffa3885120)
0xffffffffa3885100:   
[error occurred during error reporting (printing registers, top of stack, instructions near pc), id 0xc0000005]

Register to memory mapping:

RAX=0x00000000eacb4f98 is an oop
com.android.dx.rop.code.BasicBlock 
 - klass: 'com/android/dx/rop/code/BasicBlock'
RBX=0x0000000000000001 is an unknown value
RCX=0x0000000000000000 is an unknown value
RDX=0x00000000eacb4f98 is an oop
com.android.dx.rop.code.BasicBlock 
 - klass: 'com/android/dx/rop/code/BasicBlock'
RSP=0x00000000025ae9c8 is pointing into the stack for thread: 0x000000000229f000
RBP=0x00000000025aede0 is pointing into the stack for thread: 0x000000000229f000
RSI=0x000000000000000c is an unknown value
RDI=0x00000000eacb4f30 is an oop
com.android.dx.util.IntList 
 - klass: 'com/android/dx/util/IntList'
R8 =0x000000000000000a is an unknown value
R9 =0x00000000eacb4f68 is an oop
com.android.dx.rop.code.InsnList 
 - klass: 'com/android/dx/rop/code/InsnList'
R10=0x00000000eacb4f10 is an oop
com.android.dx.rop.code.PlainInsn 
 - klass: 'com/android/dx/rop/code/PlainInsn'
R11=0x00000000eacb4f68 is an oop
com.android.dx.rop.code.InsnList 
 - klass: 'com/android/dx/rop/code/InsnList'
R12=0x0000000000000000 is an unknown value
R13=0x00000000eacb4f30 is an oop
com.android.dx.util.IntList 
 - klass: 'com/android/dx/util/IntList'
R14=0x0000000000000f31 is an unknown value
R15=0x000000000229f000 is a thread


Stack: [0x00000000024b0000,0x00000000025b0000],  sp=0x00000000025ae9c8,  free space=1018k
Native frames: (J=compiled Java code, j=interpreted, Vv=VM code, C=native code)
C  0xffffffffa3885120


---------------  P R O C E S S  ---------------

Java Threads: ( => current thread )
  0x0000000056e0b800 JavaThread "Service Thread" daemon [_thread_blocked, id=3792, stack(0x00000000573b0000,0x00000000574b0000)]
  0x0000000056da0800 JavaThread "C1 CompilerThread2" daemon [_thread_blocked, id=4420, stack(0x00000000571e0000,0x00000000572e0000)]
  0x000000005542e800 JavaThread "C2 CompilerThread1" daemon [_thread_blocked, id=4100, stack(0x00000000569c0000,0x0000000056ac0000)]
  0x0000000055427000 JavaThread "C2 CompilerThread0" daemon [_thread_blocked, id=4516, stack(0x0000000056ca0000,0x0000000056da0000)]
  0x0000000055422800 JavaThread "Attach Listener" daemon [_thread_blocked, id=4148, stack(0x0000000056ad0000,0x0000000056bd0000)]
  0x0000000055421000 JavaThread "Signal Dispatcher" daemon [_thread_blocked, id=1200, stack(0x0000000056890000,0x0000000056990000)]
  0x00000000553c1000 JavaThread "Finalizer" daemon [_thread_blocked, id=3928, stack(0x0000000056700000,0x0000000056800000)]
  0x00000000553c0000 JavaThread "Reference Handler" daemon [_thread_blocked, id=2112, stack(0x0000000056520000,0x0000000056620000)]
=>0x000000000229f000 JavaThread "main" [_thread_in_Java, id=1028, stack(0x00000000024b0000,0x00000000025b0000)]

Other Threads:
  0x00000000553ba800 VMThread [stack: 0x0000000056320000,0x0000000056420000] [id=3828]
  0x0000000056dc7800 WatcherThread [stack: 0x0000000057590000,0x0000000057690000] [id=2516]

VM state:synchronizing (normal execution)

VM Mutex/Monitor currently owned by a thread:  ([mutex/lock_event])
[0x000000000229c5f0] Safepoint_lock - owner thread: 0x00000000553ba800
[0x000000000229c670] Threads_lock - owner thread: 0x00000000553ba800

Heap:
 PSYoungGen      total 18944K, used 4541K [0x00000000eab00000, 0x00000000ed000000, 0x0000000100000000)
  eden space 16384K, 12% used [0x00000000eab00000,0x00000000eacf7790,0x00000000ebb00000)
  from space 2560K, 98% used [0x00000000ebb00000,0x00000000ebd78028,0x00000000ebd80000)
  to   space 2560K, 0% used [0x00000000ecd80000,0x00000000ecd80000,0x00000000ed000000)
 ParOldGen       total 44032K, used 7171K [0x00000000c0000000, 0x00000000c2b00000, 0x00000000eab00000)
  object space 44032K, 16% used [0x00000000c0000000,0x00000000c0700e90,0x00000000c2b00000)
 Metaspace       used 5777K, capacity 7024K, committed 7296K, reserved 1056768K
  class space    used 552K, capacity 616K, committed 640K, reserved 1048576K

Card table byte_map: [0x0000000011c40000,0x0000000011e50000] byte_map_base: 0x0000000011640000

Marking Bits: (ParMarkBitMap*) 0x000000005dbe4040
 Begin Bits: [0x0000000012830000, 0x0000000013830000)
 End Bits:   [0x0000000013830000, 0x0000000014830000)

Polling page: 0x0000000000240000

CodeCache: size=245760Kb used=6044Kb max_used=6069Kb free=239715Kb
 bounds [0x0000000002880000, 0x0000000002e80000, 0x0000000011880000]
 total_blobs=1709 nmethods=1446 adapters=178
 compilation: enabled

Compilation events (10 events):
Event: 70.782 Thread 0x0000000056da0800 1447       3       com.android.dx.ssa.SsaBasicBlock::addMoveToEnd (172 bytes)
Event: 70.785 Thread 0x0000000056da0800 nmethod 1447 0x0000000002e3f590 code [0x0000000002e3f920, 0x0000000002e417e8]
Event: 70.785 Thread 0x0000000056da0800 1448       3       com.android.dx.util.IntList::binarysearch (124 bytes)
Event: 70.785 Thread 0x0000000056da0800 nmethod 1448 0x0000000002e37d90 code [0x0000000002e37f20, 0x0000000002e383d0]
Event: 70.785 Thread 0x0000000056da0800 1449       3       com.android.dx.rop.code.SourcePosition::equals (46 bytes)
Event: 70.786 Thread 0x0000000056da0800 nmethod 1449 0x0000000002e37610 code [0x0000000002e377a0, 0x0000000002e37ca8]
Event: 70.788 Thread 0x0000000056da0800 1450       3       com.android.dx.ssa.SCCP::replaceBranches (142 bytes)
Event: 70.789 Thread 0x0000000056da0800 nmethod 1450 0x0000000002e3d210 code [0x0000000002e3d460, 0x0000000002e3e3e8]
Event: 70.789 Thread 0x0000000056da0800 1451       3       com.android.dx.cf.direct.StdAttributeFactory::localVariableTable (98 bytes)
Event: 70.790 Thread 0x0000000055427000 nmethod 1344 0x0000000002e3ad50 code [0x0000000002e3aec0, 0x0000000002e3b598]

GC Heap History (6 events):
Event: 70.089 GC heap before
{Heap before GC invocations=1 (full 0):
 PSYoungGen      total 18944K, used 16384K [0x00000000eab00000, 0x00000000ec000000, 0x0000000100000000)
  eden space 16384K, 100% used [0x00000000eab00000,0x00000000ebb00000,0x00000000ebb00000)
  from space 2560K, 0% used [0x00000000ebd80000,0x00000000ebd80000,0x00000000ec000000)
  to   space 2560K, 0% used [0x00000000ebb00000,0x00000000ebb00000,0x00000000ebd80000)
 ParOldGen       total 44032K, used 0K [0x00000000c0000000, 0x00000000c2b00000, 0x00000000eab00000)
  object space 44032K, 0% used [0x00000000c0000000,0x00000000c0000000,0x00000000c2b00000)
 Metaspace       used 5445K, capacity 6704K, committed 6784K, reserved 1056768K
  class space    used 549K, capacity 616K, committed 640K, reserved 1048576K
Event: 70.113 GC heap after
Heap after GC invocations=1 (full 0):
 PSYoungGen      total 18944K, used 2557K [0x00000000eab00000, 0x00000000ec000000, 0x0000000100000000)
  eden space 16384K, 0% used [0x00000000eab00000,0x00000000eab00000,0x00000000ebb00000)
  from space 2560K, 99% used [0x00000000ebb00000,0x00000000ebd7f488,0x00000000ebd80000)
  to   space 2560K, 0% used [0x00000000ebd80000,0x00000000ebd80000,0x00000000ec000000)
 ParOldGen       total 44032K, used 1637K [0x00000000c0000000, 0x00000000c2b00000, 0x00000000eab00000)
  object space 44032K, 3% used [0x00000000c0000000,0x00000000c01994e0,0x00000000c2b00000)
 Metaspace       used 5445K, capacity 6704K, committed 6784K, reserved 1056768K
  class space    used 549K, capacity 616K, committed 640K, reserved 1048576K
}
Event: 70.463 GC heap before
{Heap before GC invocations=2 (full 0):
 PSYoungGen      total 18944K, used 18941K [0x00000000eab00000, 0x00000000ec000000, 0x0000000100000000)
  eden space 16384K, 100% used [0x00000000eab00000,0x00000000ebb00000,0x00000000ebb00000)
  from space 2560K, 99% used [0x00000000ebb00000,0x00000000ebd7f488,0x00000000ebd80000)
  to   space 2560K, 0% used [0x00000000ebd80000,0x00000000ebd80000,0x00000000ec000000)
 ParOldGen       total 44032K, used 1637K [0x00000000c0000000, 0x00000000c2b00000, 0x00000000eab00000)
  object space 44032K, 3% used [0x00000000c0000000,0x00000000c01994e0,0x00000000c2b00000)
 Metaspace       used 5690K, capacity 6960K, committed 7040K, reserved 1056768K
  class space    used 552K, capacity 616K, committed 640K, reserved 1048576K
Event: 70.484 GC heap after
Heap after GC invocations=2 (full 0):
 PSYoungGen      total 18944K, used 2541K [0x00000000eab00000, 0x00000000ed000000, 0x0000000100000000)
  eden space 16384K, 0% used [0x00000000eab00000,0x00000000eab00000,0x00000000ebb00000)
  from space 2560K, 99% used [0x00000000ebd80000,0x00000000ebffb488,0x00000000ec000000)
  to   space 2560K, 0% used [0x00000000ebb00000,0x00000000ebb00000,0x00000000ebd80000)
 ParOldGen       total 44032K, used 4353K [0x00000000c0000000, 0x00000000c2b00000, 0x00000000eab00000)
  object space 44032K, 9% used [0x00000000c0000000,0x00000000c0440728,0x00000000c2b00000)
 Metaspace       used 5690K, capacity 6960K, committed 7040K, reserved 1056768K
  class space    used 552K, capacity 616K, committed 640K, reserved 1048576K
}
Event: 70.717 GC heap before
{Heap before GC invocations=3 (full 0):
 PSYoungGen      total 18944K, used 18925K [0x00000000eab00000, 0x00000000ed000000, 0x0000000100000000)
  eden space 16384K, 100% used [0x00000000eab00000,0x00000000ebb00000,0x00000000ebb00000)
  from space 2560K, 99% used [0x00000000ebd80000,0x00000000ebffb488,0x00000000ec000000)
  to   space 2560K, 0% used [0x00000000ebb00000,0x00000000ebb00000,0x00000000ebd80000)
 ParOldGen       total 44032K, used 4353K [0x00000000c0000000, 0x00000000c2b00000, 0x00000000eab00000)
  object space 44032K, 9% used [0x00000000c0000000,0x00000000c0440728,0x00000000c2b00000)
 Metaspace       used 5767K, capacity 7024K, committed 7296K, reserved 1056768K
  class space    used 552K, capacity 616K, committed 640K, reserved 1048576K
Event: 70.766 GC heap after
Heap after GC invocations=3 (full 0):
 PSYoungGen      total 18944K, used 2528K [0x00000000eab00000, 0x00000000ed000000, 0x0000000100000000)
  eden space 16384K, 0% used [0x00000000eab00000,0x00000000eab00000,0x00000000ebb00000)
  from space 2560K, 98% used [0x00000000ebb00000,0x00000000ebd78028,0x00000000ebd80000)
  to   space 2560K, 0% used [0x00000000ecd80000,0x00000000ecd80000,0x00000000ed000000)
 ParOldGen       total 44032K, used 7171K [0x00000000c0000000, 0x00000000c2b00000, 0x00000000eab00000)
  object space 44032K, 16% used [0x00000000c0000000,0x00000000c0700e90,0x00000000c2b00000)
 Metaspace       used 5767K, capacity 7024K, committed 7296K, reserved 1056768K
  class space    used 552K, capacity 616K, committed 640K, reserved 1048576K
}

Deoptimization events (9 events):
Event: 69.868 Thread 0x000000000229f000 Uncommon trap: reason=unstable_if action=reinterpret pc=0x0000000002a98f38 method=java.util.HashMap.getNode(ILjava/lang/Object;)Ljava/util/HashMap$Node; @ 129
Event: 70.029 Thread 0x000000000229f000 Uncommon trap: reason=unstable_if action=reinterpret pc=0x0000000002ab1860 method=java.util.BitSet.nextSetBit(I)I @ 87
Event: 70.159 Thread 0x000000000229f000 Uncommon trap: reason=unstable_if action=reinterpret pc=0x0000000002c11584 method=com.android.dx.ssa.SsaRenamer$BlockRenamer.addMapping(ILcom/android/dx/rop/code/RegisterSpec;)V @ 120
Event: 70.687 Thread 0x000000000229f000 Uncommon trap: reason=bimorphic action=maybe_recompile pc=0x0000000002da375c method=com.android.dx.cf.code.BytecodeArray.parseInstruction(ILcom/android/dx/cf/code/BytecodeArray$Visitor;)I @ 2135
Event: 70.687 Thread 0x000000000229f000 Uncommon trap: reason=bimorphic action=maybe_recompile pc=0x0000000002da375c method=com.android.dx.cf.code.BytecodeArray.parseInstruction(ILcom/android/dx/cf/code/BytecodeArray$Visitor;)I @ 2135
Event: 70.692 Thread 0x000000000229f000 Uncommon trap: reason=bimorphic action=maybe_recompile pc=0x0000000002da4570 method=com.android.dx.cf.code.BytecodeArray.parseInstruction(ILcom/android/dx/cf/code/BytecodeArray$Visitor;)I @ 1130
Event: 70.692 Thread 0x000000000229f000 Uncommon trap: reason=bimorphic action=maybe_recompile pc=0x0000000002da6124 method=com.android.dx.cf.code.BytecodeArray.parseInstruction(ILcom/android/dx/cf/code/BytecodeArray$Visitor;)I @ 907
Event: 70.692 Thread 0x000000000229f000 Uncommon trap: reason=bimorphic action=maybe_recompile pc=0x0000000002da4570 method=com.android.dx.cf.code.BytecodeArray.parseInstruction(ILcom/android/dx/cf/code/BytecodeArray$Visitor;)I @ 1130
Event: 70.779 Thread 0x000000000229f000 Uncommon trap: reason=unstable_if action=reinterpret pc=0x0000000002cad6ac method=com.android.dx.util.IntList.binarysearch(I)I @ 105

Internal exceptions (2 events):
Event: 8.045 Thread 0x000000000229f000 Exception <a 'java/lang/NoSuchMethodError': Method sun.misc.Unsafe.defineClass(Ljava/lang/String;[BII)Ljava/lang/Class; name or signature does not match> (0x00000000eab12f20) thrown at [C:\re\workspace\8-2-build-windows-amd64-cygwin\jdk8u45\3627\hotspot\sr÷<þ] @
Event: 8.045 Thread 0x000000000229f000 Exception <a 'java/lang/NoSuchMethodError': Method sun.misc.Unsafe.prefetchRead(Ljava/lang/Object;J)V name or signature does not match> (0x00000000eab131b0) thrown at [C:\re\workspace\8-2-build-windows-amd64-cygwin\jdk8u45\3627\hotspot\src\share\vm\prims\j

Events (10 events):
Event: 70.692 Thread 0x000000000229f000 DEOPT PACKING pc=0x0000000002da6124 sp=0x00000000025ae980
Event: 70.692 Thread 0x000000000229f000 DEOPT UNPACKING pc=0x00000000028c556a sp=0x00000000025ae928 mode 2
Event: 70.692 Thread 0x000000000229f000 Uncommon trap: trap_request=0xffffffc6 fr.pc=0x0000000002da4570
Event: 70.692 Thread 0x000000000229f000 DEOPT PACKING pc=0x0000000002da4570 sp=0x00000000025ae980
Event: 70.692 Thread 0x000000000229f000 DEOPT UNPACKING pc=0x00000000028c556a sp=0x00000000025ae928 mode 2
Event: 70.716 Executing VM operation: ParallelGCFailedAllocation
Event: 70.766 Executing VM operation: ParallelGCFailedAllocation done
Event: 70.779 Thread 0x000000000229f000 Uncommon trap: trap_request=0xffffff65 fr.pc=0x0000000002cad6ac
Event: 70.779 Thread 0x000000000229f000 DEOPT PACKING pc=0x0000000002cad6ac sp=0x00000000025ae990
Event: 70.779 Thread 0x000000000229f000 DEOPT UNPACKING pc=0x00000000028c556a sp=0x00000000025ae908 mode 2


Dynamic libraries:
0x000000013fe80000 - 0x000000013feb7000 	C:\Program Files\Java\jdk1.8.0_45\bin\java.exe
0x0000000077a70000 - 0x0000000077c19000 	C:\Windows\SYSTEM32\ntdll.dll
0x0000000077950000 - 0x0000000077a6f000 	C:\Windows\system32\kernel32.dll
0x000007fefda60000 - 0x000007fefdacb000 	C:\Windows\system32\KERNELBASE.dll
0x000007feffaf0000 - 0x000007feffbcb000 	C:\Windows\system32\ADVAPI32.dll
0x000007feffc60000 - 0x000007feffcff000 	C:\Windows\system32\msvcrt.dll
0x000007feffbd0000 - 0x000007feffbef000 	C:\Windows\SYSTEM32\sechost.dll
0x000007fefee20000 - 0x000007fefef4d000 	C:\Windows\system32\RPCRT4.dll
0x0000000077850000 - 0x000000007794a000 	C:\Windows\system32\USER32.dll
0x000007fefef50000 - 0x000007fefefb7000 	C:\Windows\system32\GDI32.dll
0x000007feffae0000 - 0x000007feffaee000 	C:\Windows\system32\LPK.dll
0x000007fefea00000 - 0x000007fefeac9000 	C:\Windows\system32\USP10.dll
0x000007fefc1a0000 - 0x000007fefc394000 	C:\Windows\WinSxS\amd64_microsoft.windows.common-controls_6595b64144ccf1df_6.0.7601.17514_none_fa396087175ac9ac\COMCTL32.dll
0x000007fefe980000 - 0x000007fefe9f1000 	C:\Windows\system32\SHLWAPI.dll
0x000007fefece0000 - 0x000007fefed0e000 	C:\Windows\system32\IMM32.DLL
0x000007fefed10000 - 0x000007fefee19000 	C:\Windows\system32\MSCTF.dll
0x000000006ccc0000 - 0x000000006cd92000 	C:\Program Files\Java\jdk1.8.0_45\jre\bin\msvcr100.dll
0x000000005d3e0000 - 0x000000005dc63000 	C:\Program Files\Java\jdk1.8.0_45\jre\bin\server\jvm.dll
0x000007fef2db0000 - 0x000007fef2db9000 	C:\Windows\system32\WSOCK32.dll
0x000007feffc10000 - 0x000007feffc5d000 	C:\Windows\system32\WS2_32.dll
0x000007feff4f0000 - 0x000007feff4f8000 	C:\Windows\system32\NSI.dll
0x000007fefa840000 - 0x000007fefa87b000 	C:\Windows\system32\WINMM.dll
0x000007fefc900000 - 0x000007fefc90c000 	C:\Windows\system32\VERSION.dll
0x0000000077c30000 - 0x0000000077c37000 	C:\Windows\system32\PSAPI.DLL
0x0000000073da0000 - 0x0000000073daf000 	C:\Program Files\Java\jdk1.8.0_45\jre\bin\verify.dll
0x0000000073680000 - 0x00000000736a9000 	C:\Program Files\Java\jdk1.8.0_45\jre\bin\java.dll
0x0000000070240000 - 0x0000000070256000 	C:\Program Files\Java\jdk1.8.0_45\jre\bin\zip.dll
0x000007fefdbf0000 - 0x000007fefe978000 	C:\Windows\system32\SHELL32.dll
0x000007fefead0000 - 0x000007fefecd3000 	C:\Windows\system32\ole32.dll
0x000007fefd830000 - 0x000007fefd83f000 	C:\Windows\system32\profapi.dll
0x000007fef9600000 - 0x000007fef9725000 	C:\Windows\system32\dbghelp.dll

VM Arguments:
jvm_args: -Xmx1024M -Dfile.encoding=windows-1251 -Duser.country=US -Duser.language=en -Duser.variant 
java_command: com.android.dx.command.Main --dex --output D:\Common\Android_Studio\SME.01\app\build\intermediates\pre-dexed\debug\spring-android-rest-template-1.0.1.RELEASE-e7d612191a78c6497987f87626ffc3fdc4561fd1.jar D:\Common\Android_Studio\SME.01\app\libs\spring-android-rest-template-1.0.1.RELEASE.jar
java_class_path (initial): D:\Users\User\AppData\Local\Android\sdk1\build-tools\22.0.1\lib\dx.jar
Launcher Type: SUN_STANDARD

Environment Variables:
JAVA_HOME=C:\Program Files\Java\jdk1.7.0_79
PATH=C:\ProgramData\Oracle\Java\javapath;C:\PROGRA~2\Borland\CBUILD~1\Bin;C:\PROGRA~2\Borland\CBUILD~1\Projects\Bpl;C:\Windows\system32;C:\Windows;C:\Windows\System32\Wbem;C:\Windows\System32\WindowsPowerShell\v1.0\;C:\Program Files (x86)\Skype\Phone\;C:\Program Files (x86)\nodejs\;C:\Program Files (x86)\Microsoft SQL Server\100\Tools\Binn\;C:\Program Files\Microsoft SQL Server\100\Tools\Binn\;C:\Program Files\Microsoft SQL Server\100\DTS\Binn\;C:\Program Files (x86)\Windows Kits\8.1\Windows Performance Toolkit\;C:\Program Files\Microsoft SQL Server\110\Tools\Binn\;C:\Users\User\AppData\Roaming\npm;C:\Program Files\Java\jdk1.7.0_79\bin;D:\Grails_Groovy\grails-2.5.0\bin;D:\Grails_Groovy\groovy-2.4.3\bin;
USERNAME=User
OS=Windows_NT
PROCESSOR_IDENTIFIER=Intel64 Family 6 Model 15 Stepping 11, GenuineIntel



---------------  S Y S T E M  ---------------

OS: Windows 7 , 64 bit Build 7601 (6.1.7601.18015)

CPU:total 4 (4 cores per cpu, 1 threads per core) family 6 model 15 stepping 11, cmov, cx8, fxsr, mmx, sse, sse2, sse3, ssse3, tsc

Memory: 4k page, physical 4192824k(239128k free), swap 8383784k(1887724k free)

vm_info: Java HotSpot(TM) 64-Bit Server VM (25.45-b02) for windows-amd64 JRE (1.8.0_45-b15), built on Apr 30 2015 12:40:44 by "java_re" with MS VC++ 10.0 (VS2010)

time: Fri Jul 03 14:01:56 2015
elapsed time: 79 seconds (0d 0h 1m 19s)

