#
# A fatal error has been detected by the Java Runtime Environment:
#
#  EXCEPTION_ACCESS_VIOLATION (0xc0000005) at pc=0xffffffffa3705120, pid=3996, tid=2056
#
# JRE version: Java(TM) SE Runtime Environment (8.0_45-b15) (build 1.8.0_45-b15)
# Java VM: Java HotSpot(TM) 64-Bit Server VM (25.45-b02 mixed mode windows-amd64 compressed oops)
# Problematic frame:
# C  0xffffffffa3705120
#
# Failed to write core dump. Minidumps are not enabled by default on client versions of Windows
#
# If you would like to submit a bug report, please visit:
#   http://bugreport.java.com/bugreport/crash.jsp
#

---------------  T H R E A D  ---------------

Current thread (0x0000000001dcf800):  JavaThread "main" [_thread_in_Java, id=2056, stack(0x0000000002290000,0x0000000002390000)]

siginfo: ExceptionCode=0xc0000005, ExceptionInformation=0x0000000000000008 0xffffffffa3705120

Registers:
RAX=0x00000000146c1300, RBX=0x0000000054b08348, RCX=0x0000000000000061, RDX=0x00000000ebb03b08
RSP=0x000000000238eec8, RBP=0x00000000ebb03b08, RSI=0x000000001472b750, RDI=0x00000000ebb03b08
R8 =0x00000000ebb09248, R9 =0x00000000ebb03b08, R10=0x000000001472b750, R11=0x0000000000000250
R12=0x0000000000000000, R13=0x000000000238f0a0, R14=0x0000000000000000, R15=0x0000000001dcf800
RIP=0xffffffffa3705120, EFLAGS=0x0000000000010246

Top of Stack: (sp=0x000000000238eec8)
0x000000000238eec8:   0000000002a37b74 00000000ebb03b08
0x000000000238eed8:   00000000ebcb3c38 00000000ebd61580
0x000000000238eee8:   00000000028abafc 000000000238f0f0
0x000000000238eef8:   0000000002ab78c4 000000000238f0f0
0x000000000238ef08:   0000000002abd774 00000000ebb03b08
0x000000000238ef18:   00000000eafe1648 00000000ebd61580
0x000000000238ef28:   00000000ebb03b30 00000000ebd61580
0x000000000238ef38:   00000000eafffcb8 000000000238f088
0x000000000238ef48:   0000000002abd774 0000000001dcf800
0x000000000238ef58:   0000000000000000 000000000238f0f0
0x000000000238ef68:   0000000002abb07c 00000000ebce1e18
0x000000000238ef78:   00000000ebce1e18 00000000ebb03b30
0x000000000238ef88:   00000000ebccd010 00000000ebcb3820
0x000000000238ef98:   00000000ebb098a0 000000000238efe0
0x000000000238efa8:   00000000ebb03b08 00000000ebcb3820
0x000000000238efb8:   00000000ebd61580 0000000000000009 

Instructions: (pc=0xffffffffa3705120)
0xffffffffa3705100:   
[error occurred during error reporting (printing registers, top of stack, instructions near pc), id 0xc0000005]

Register to memory mapping:

RAX=0x00000000146c1300 is pointing into metadata
RBX={method} {0x0000000054b08350} 'compareTo' '(Ljava/lang/Object;)I' in 'com/android/dx/rop/type/Type'
RCX=0x0000000000000061 is an unknown value
RDX=0x00000000ebb03b08 is an oop
com.android.dx.rop.type.Type 
 - klass: 'com/android/dx/rop/type/Type'
RSP=0x000000000238eec8 is pointing into the stack for thread: 0x0000000001dcf800
RBP=0x00000000ebb03b08 is an oop
com.android.dx.rop.type.Type 
 - klass: 'com/android/dx/rop/type/Type'
RSI=0x000000001472b750 is pointing into metadata
RDI=0x00000000ebb03b08 is an oop
com.android.dx.rop.type.Type 
 - klass: 'com/android/dx/rop/type/Type'
R8 =0x00000000ebb09248 is an oop
com.android.dx.rop.type.Type 
 - klass: 'com/android/dx/rop/type/Type'
R9 =0x00000000ebb03b08 is an oop
com.android.dx.rop.type.Type 
 - klass: 'com/android/dx/rop/type/Type'
R10=0x000000001472b750 is pointing into metadata
R11=0x0000000000000250 is an unknown value
R12=0x0000000000000000 is an unknown value
R13=0x000000000238f0a0 is pointing into the stack for thread: 0x0000000001dcf800
R14=0x0000000000000000 is an unknown value
R15=0x0000000001dcf800 is a thread


Stack: [0x0000000002290000,0x0000000002390000],  sp=0x000000000238eec8,  free space=1019k
Native frames: (J=compiled Java code, j=interpreted, Vv=VM code, C=native code)
C  0xffffffffa3705120


---------------  P R O C E S S  ---------------

Java Threads: ( => current thread )
  0x00000000565d3800 JavaThread "Service Thread" daemon [_thread_blocked, id=4492, stack(0x0000000057120000,0x0000000057220000)]
  0x000000005655d000 JavaThread "C1 CompilerThread2" daemon [_thread_blocked, id=1628, stack(0x0000000056f70000,0x0000000057070000)]
  0x00000000550b7000 JavaThread "C2 CompilerThread1" daemon [_thread_in_native, id=388, stack(0x0000000056de0000,0x0000000056ee0000)]
  0x0000000056554000 JavaThread "C2 CompilerThread0" daemon [_thread_in_native, id=4792, stack(0x0000000056c80000,0x0000000056d80000)]
  0x0000000056550800 JavaThread "Attach Listener" daemon [_thread_blocked, id=4936, stack(0x0000000056ad0000,0x0000000056bd0000)]
  0x00000000550b3000 JavaThread "Signal Dispatcher" daemon [_thread_blocked, id=4608, stack(0x0000000056080000,0x0000000056180000)]
  0x000000005505a000 JavaThread "Finalizer" daemon [_thread_blocked, id=3952, stack(0x0000000056450000,0x0000000056550000)]
  0x0000000055053000 JavaThread "Reference Handler" daemon [_thread_blocked, id=3344, stack(0x0000000056310000,0x0000000056410000)]
=>0x0000000001dcf800 JavaThread "main" [_thread_in_Java, id=2056, stack(0x0000000002290000,0x0000000002390000)]

Other Threads:
  0x000000005504d800 VMThread [stack: 0x0000000056190000,0x0000000056290000] [id=2988]
  0x00000000565dd800 WatcherThread [stack: 0x00000000569b0000,0x0000000056ab0000] [id=2172]

VM state:not at safepoint (normal execution)

VM Mutex/Monitor currently owned by a thread: None

Heap:
 PSYoungGen      total 18944K, used 7780K [0x00000000eab00000, 0x00000000ed000000, 0x0000000100000000)
  eden space 16384K, 32% used [0x00000000eab00000,0x00000000eb01ed88,0x00000000ebb00000)
  from space 2560K, 99% used [0x00000000ebb00000,0x00000000ebd7a3b8,0x00000000ebd80000)
  to   space 2560K, 0% used [0x00000000ecd80000,0x00000000ecd80000,0x00000000ed000000)
 ParOldGen       total 44032K, used 2227K [0x00000000c0000000, 0x00000000c2b00000, 0x00000000eab00000)
  object space 44032K, 5% used [0x00000000c0000000,0x00000000c022cc80,0x00000000c2b00000)
 Metaspace       used 5477K, capacity 6768K, committed 7040K, reserved 1056768K
  class space    used 554K, capacity 616K, committed 640K, reserved 1048576K

Card table byte_map: [0x0000000011ac0000,0x0000000011cd0000] byte_map_base: 0x00000000114c0000

Marking Bits: (ParMarkBitMap*) 0x000000006b714040
 Begin Bits: [0x00000000124c0000, 0x00000000134c0000)
 End Bits:   [0x00000000134c0000, 0x00000000144c0000)

Polling page: 0x0000000000340000

CodeCache: size=245760Kb used=3834Kb max_used=3843Kb free=241925Kb
 bounds [0x0000000002700000, 0x0000000002ad0000, 0x0000000011700000]
 total_blobs=1273 nmethods=1010 adapters=178
 compilation: enabled

Compilation events (10 events):
Event: 0.706 Thread 0x000000005655d000 1012       3       com.android.dx.dex.file.TypeIdsSection::intern (62 bytes)
Event: 0.707 Thread 0x00000000550b7000 nmethod 987 0x0000000002ac07d0 code [0x0000000002ac0980, 0x0000000002ac10f8]
Event: 0.707 Thread 0x00000000550b7000 1013       4       com.android.dx.rop.type.Type::compareTo (9 bytes)
Event: 0.707 Thread 0x000000005655d000 nmethod 1012 0x0000000002abd2d0 code [0x0000000002abd4e0, 0x0000000002abdf48]
Event: 0.707 Thread 0x000000005655d000 1014       3       com.android.dx.dex.file.FieldIdItem::addContents (23 bytes)
Event: 0.708 Thread 0x000000005655d000 nmethod 1014 0x0000000002abf210 code [0x0000000002abf400, 0x0000000002ac0288]
Event: 0.708 Thread 0x000000005655d000 1015       3       com.android.dx.dex.file.FieldIdItem::getFieldRef (8 bytes)
Event: 0.708 Thread 0x00000000550b7000 nmethod 1013 0x0000000002abcf10 code [0x0000000002abd060, 0x0000000002abd178]
Event: 0.708 Thread 0x000000005655d000 nmethod 1015 0x0000000002abed50 code [0x0000000002abeec0, 0x0000000002abf190]
Event: 0.708 Thread 0x00000000550b7000 1016       4       java.util.TreeMap::get (19 bytes)

GC Heap History (2 events):
Event: 0.632 GC heap before
{Heap before GC invocations=1 (full 0):
 PSYoungGen      total 18944K, used 16384K [0x00000000eab00000, 0x00000000ec000000, 0x0000000100000000)
  eden space 16384K, 100% used [0x00000000eab00000,0x00000000ebb00000,0x00000000ebb00000)
  from space 2560K, 0% used [0x00000000ebd80000,0x00000000ebd80000,0x00000000ec000000)
  to   space 2560K, 0% used [0x00000000ebb00000,0x00000000ebb00000,0x00000000ebd80000)
 ParOldGen       total 44032K, used 0K [0x00000000c0000000, 0x00000000c2b00000, 0x00000000eab00000)
  object space 44032K, 0% used [0x00000000c0000000,0x00000000c0000000,0x00000000c2b00000)
 Metaspace       used 5387K, capacity 6704K, committed 6784K, reserved 1056768K
  class space    used 547K, capacity 616K, committed 640K, reserved 1048576K
Event: 0.661 GC heap after
Heap after GC invocations=1 (full 0):
 PSYoungGen      total 18944K, used 2536K [0x00000000eab00000, 0x00000000ed000000, 0x0000000100000000)
  eden space 16384K, 0% used [0x00000000eab00000,0x00000000eab00000,0x00000000ebb00000)
  from space 2560K, 99% used [0x00000000ebb00000,0x00000000ebd7a3b8,0x00000000ebd80000)
  to   space 2560K, 0% used [0x00000000ecd80000,0x00000000ecd80000,0x00000000ed000000)
 ParOldGen       total 44032K, used 2227K [0x00000000c0000000, 0x00000000c2b00000, 0x00000000eab00000)
  object space 44032K, 5% used [0x00000000c0000000,0x00000000c022cc80,0x00000000c2b00000)
 Metaspace       used 5387K, capacity 6704K, committed 6784K, reserved 1056768K
  class space    used 547K, capacity 616K, committed 640K, reserved 1048576K
}

Deoptimization events (10 events):
Event: 0.522 Thread 0x0000000001dcf800 Uncommon trap: reason=class_check action=maybe_recompile pc=0x00000000029ca670 method=com.android.dx.ssa.NormalSsaInsn.accept(Lcom/android/dx/ssa/SsaInsn$Visitor;)V @ 9
Event: 0.523 Thread 0x0000000001dcf800 Uncommon trap: reason=class_check action=maybe_recompile pc=0x000000000297fe60 method=com.android.dx.ssa.NormalSsaInsn.accept(Lcom/android/dx/ssa/SsaInsn$Visitor;)V @ 9
Event: 0.537 Thread 0x0000000001dcf800 Uncommon trap: reason=class_check action=maybe_recompile pc=0x00000000029ca670 method=com.android.dx.ssa.NormalSsaInsn.accept(Lcom/android/dx/ssa/SsaInsn$Visitor;)V @ 9
Event: 0.538 Thread 0x0000000001dcf800 Uncommon trap: reason=class_check action=maybe_recompile pc=0x000000000297fe60 method=com.android.dx.ssa.NormalSsaInsn.accept(Lcom/android/dx/ssa/SsaInsn$Visitor;)V @ 9
Event: 0.620 Thread 0x0000000001dcf800 Uncommon trap: reason=unstable_if action=reinterpret pc=0x00000000028802e0 method=java.lang.String.replace(CC)Ljava/lang/String; @ 26
Event: 0.692 Thread 0x0000000001dcf800 Uncommon trap: reason=bimorphic action=maybe_recompile pc=0x0000000002959f00 method=java.util.HashMap.getNode(ILjava/lang/Object;)Ljava/util/HashMap$Node; @ 126
Event: 0.692 Thread 0x0000000001dcf800 Uncommon trap: reason=bimorphic action=maybe_recompile pc=0x0000000002959f00 method=java.util.HashMap.getNode(ILjava/lang/Object;)Ljava/util/HashMap$Node; @ 126
Event: 0.698 Thread 0x0000000001dcf800 Uncommon trap: reason=bimorphic action=maybe_recompile pc=0x0000000002959f00 method=java.util.HashMap.getNode(ILjava/lang/Object;)Ljava/util/HashMap$Node; @ 126
Event: 0.698 Thread 0x0000000001dcf800 Uncommon trap: reason=bimorphic action=maybe_recompile pc=0x0000000002959f00 method=java.util.HashMap.getNode(ILjava/lang/Object;)Ljava/util/HashMap$Node; @ 126
Event: 0.699 Thread 0x0000000001dcf800 Uncommon trap: reason=bimorphic action=maybe_recompile pc=0x0000000002a9c110 method=java.util.HashMap.getNode(ILjava/lang/Object;)Ljava/util/HashMap$Node; @ 126

Internal exceptions (2 events):
Event: 0.050 Thread 0x0000000001dcf800 Exception <a 'java/lang/NoSuchMethodError': Method sun.misc.Unsafe.defineClass(Ljava/lang/String;[BII)Ljava/lang/Class; name or signature does not match> (0x00000000eab12d28) thrown at [C:\re\workspace\8-2-build-windows-amd64-cygwin\jdk8u45\3627\hotspot\sr*{ºÿÌ¦©?
Event: 0.050 Thread 0x0000000001dcf800 Exception <a 'java/lang/NoSuchMethodError': Method sun.misc.Unsafe.prefetchRead(Ljava/lang/Object;J)V name or signature does not match> (0x00000000eab12fb8) thrown at [C:\re\workspace\8-2-build-windows-amd64-cygwin\jdk8u45\3627\hotspot\src\share\vm\prims\j

Events (10 events):
Event: 0.698 Thread 0x0000000001dcf800 DEOPT PACKING pc=0x0000000002959f00 sp=0x000000000238ef60
Event: 0.698 Thread 0x0000000001dcf800 DEOPT UNPACKING pc=0x000000000274556a sp=0x000000000238ee78 mode 2
Event: 0.698 Thread 0x0000000001dcf800 Uncommon trap: trap_request=0xffffffc6 fr.pc=0x0000000002959f00
Event: 0.699 Thread 0x0000000001dcf800 DEOPT PACKING pc=0x0000000002959f00 sp=0x000000000238ef60
Event: 0.699 Thread 0x0000000001dcf800 DEOPT UNPACKING pc=0x000000000274556a sp=0x000000000238ee78 mode 2
Event: 0.699 Thread 0x0000000001dcf800 Uncommon trap: trap_request=0xffffffc6 fr.pc=0x0000000002a9c110
Event: 0.699 Thread 0x0000000001dcf800 DEOPT PACKING pc=0x0000000002a9c110 sp=0x000000000238eee0
Event: 0.699 Thread 0x0000000001dcf800 DEOPT UNPACKING pc=0x000000000274556a sp=0x000000000238ee78 mode 2
Event: 0.700 loading class com/android/dx/dex/file/ProtoIdItem
Event: 0.700 loading class com/android/dx/dex/file/ProtoIdItem done


Dynamic libraries:
0x000000013fe30000 - 0x000000013fe67000 	C:\Program Files\Java\jdk1.8.0_45\bin\java.exe
0x00000000775b0000 - 0x0000000077759000 	C:\Windows\SYSTEM32\ntdll.dll
0x0000000077390000 - 0x00000000774af000 	C:\Windows\system32\kernel32.dll
0x000007fefd6c0000 - 0x000007fefd72b000 	C:\Windows\system32\KERNELBASE.dll
0x000007fefe240000 - 0x000007fefe31b000 	C:\Windows\system32\ADVAPI32.dll
0x000007fefda00000 - 0x000007fefda9f000 	C:\Windows\system32\msvcrt.dll
0x000007feff7d0000 - 0x000007feff7ef000 	C:\Windows\SYSTEM32\sechost.dll
0x000007fefd730000 - 0x000007fefd85d000 	C:\Windows\system32\RPCRT4.dll
0x00000000774b0000 - 0x00000000775aa000 	C:\Windows\system32\USER32.dll
0x000007fefd930000 - 0x000007fefd997000 	C:\Windows\system32\GDI32.dll
0x000007fefe230000 - 0x000007fefe23e000 	C:\Windows\system32\LPK.dll
0x000007fefd860000 - 0x000007fefd929000 	C:\Windows\system32\USP10.dll
0x000007fefbce0000 - 0x000007fefbed4000 	C:\Windows\WinSxS\amd64_microsoft.windows.common-controls_6595b64144ccf1df_6.0.7601.17514_none_fa396087175ac9ac\COMCTL32.dll
0x000007fefe320000 - 0x000007fefe391000 	C:\Windows\system32\SHLWAPI.dll
0x000007fefe3a0000 - 0x000007fefe3ce000 	C:\Windows\system32\IMM32.DLL
0x000007feff1e0000 - 0x000007feff2e9000 	C:\Windows\system32\MSCTF.dll
0x000000006b7a0000 - 0x000000006b872000 	C:\Program Files\Java\jdk1.8.0_45\jre\bin\msvcr100.dll
0x000000006af10000 - 0x000000006b793000 	C:\Program Files\Java\jdk1.8.0_45\jre\bin\server\jvm.dll
0x000007fef1cf0000 - 0x000007fef1cf9000 	C:\Windows\system32\WSOCK32.dll
0x000007feff5a0000 - 0x000007feff5ed000 	C:\Windows\system32\WS2_32.dll
0x000007feff7f0000 - 0x000007feff7f8000 	C:\Windows\system32\NSI.dll
0x000007fefa1c0000 - 0x000007fefa1fb000 	C:\Windows\system32\WINMM.dll
0x000007fefc440000 - 0x000007fefc44c000 	C:\Windows\system32\VERSION.dll
0x0000000077770000 - 0x0000000077777000 	C:\Windows\system32\PSAPI.DLL
0x000000006c700000 - 0x000000006c70f000 	C:\Program Files\Java\jdk1.8.0_45\jre\bin\verify.dll
0x000000006b930000 - 0x000000006b959000 	C:\Program Files\Java\jdk1.8.0_45\jre\bin\java.dll
0x000000006b910000 - 0x000000006b926000 	C:\Program Files\Java\jdk1.8.0_45\jre\bin\zip.dll
0x000007fefe450000 - 0x000007feff1d8000 	C:\Windows\system32\SHELL32.dll
0x000007feff390000 - 0x000007feff593000 	C:\Windows\system32\ole32.dll
0x000007fefd380000 - 0x000007fefd38f000 	C:\Windows\system32\profapi.dll
0x000007fef9160000 - 0x000007fef9285000 	C:\Windows\system32\dbghelp.dll

VM Arguments:
jvm_args: -Xmx1024M -Dfile.encoding=windows-1251 -Duser.country=US -Duser.language=en -Duser.variant 
java_command: com.android.dx.command.Main --dex --output D:\Common\Android_Studio\SME.01\app\build\intermediates\dex\debug D:\Common\Android_Studio\SME.01\app\build\intermediates\classes\debug D:\Common\Android_Studio\SME.01\app\build\intermediates\pre-dexed\debug\support-annotations-22.1.1-41ab8513b7f80be0975518415e60e00679e0c6f7.jar D:\Common\Android_Studio\SME.01\app\build\intermediates\pre-dexed\debug\internal_impl-22.1.1-5d0479b0cc14f3ee6b53255008b2be1ce46dd164.jar D:\Common\Android_Studio\SME.01\app\build\intermediates\pre-dexed\debug\classes-b4764924845c4990dd1c7b8ee71f67ad756e731b.jar D:\Common\Android_Studio\SME.01\app\build\intermediates\pre-dexed\debug\classes-38118fcf04cbef3ffd6dd00a7e6dff7a1ea1da01.jar
java_class_path (initial): D:\Users\User\AppData\Local\Android\sdk1\build-tools\22.0.1\lib\dx.jar
Launcher Type: SUN_STANDARD

Environment Variables:
JAVA_HOME=C:\Program Files\Java\jdk1.7.0_79
PATH=C:\ProgramData\Oracle\Java\javapath;C:\PROGRA~2\Borland\CBUILD~1\Bin;C:\PROGRA~2\Borland\CBUILD~1\Projects\Bpl;C:\Windows\system32;C:\Windows;C:\Windows\System32\Wbem;C:\Windows\System32\WindowsPowerShell\v1.0\;C:\Program Files (x86)\Skype\Phone\;C:\Program Files (x86)\nodejs\;C:\Program Files (x86)\Microsoft SQL Server\100\Tools\Binn\;C:\Program Files\Microsoft SQL Server\100\Tools\Binn\;C:\Program Files\Microsoft SQL Server\100\DTS\Binn\;C:\Program Files (x86)\Windows Kits\8.1\Windows Performance Toolkit\;C:\Program Files\Microsoft SQL Server\110\Tools\Binn\;C:\Users\User\AppData\Roaming\npm;C:\Program Files\Java\jdk1.7.0_79\bin;D:\Grails_Groovy\grails-2.5.0\bin;D:\Grails_Groovy\groovy-2.4.3\bin;
USERNAME=User
OS=Windows_NT
PROCESSOR_IDENTIFIER=Intel64 Family 6 Model 15 Stepping 11, GenuineIntel



---------------  S Y S T E M  ---------------

OS: Windows 7 , 64 bit Build 7601 (6.1.7601.18015)

CPU:total 4 (4 cores per cpu, 1 threads per core) family 6 model 15 stepping 11, cmov, cx8, fxsr, mmx, sse, sse2, sse3, ssse3, tsc

Memory: 4k page, physical 4192824k(428632k free), swap 8383784k(3050160k free)

vm_info: Java HotSpot(TM) 64-Bit Server VM (25.45-b02) for windows-amd64 JRE (1.8.0_45-b15), built on Apr 30 2015 12:40:44 by "java_re" with MS VC++ 10.0 (VS2010)

time: Thu Jul 02 18:29:51 2015
elapsed time: 0 seconds (0d 0h 0m 0s)

