#
# A fatal error has been detected by the Java Runtime Environment:
#
#  EXCEPTION_ACCESS_VIOLATION (0xc0000005) at pc=0xffffffffa37d5120, pid=5868, tid=4368
#
# JRE version: Java(TM) SE Runtime Environment (8.0_45-b15) (build 1.8.0_45-b15)
# Java VM: Java HotSpot(TM) 64-Bit Server VM (25.45-b02 mixed mode windows-amd64 compressed oops)
# Problematic frame:
# C  0xffffffffa37d5120
#
# Failed to write core dump. Minidumps are not enabled by default on client versions of Windows
#
# If you would like to submit a bug report, please visit:
#   http://bugreport.java.com/bugreport/crash.jsp
#

---------------  T H R E A D  ---------------

Current thread (0x00000000022ef000):  JavaThread "main" [_thread_in_Java, id=4368, stack(0x0000000002350000,0x0000000002450000)]

siginfo: ExceptionCode=0xc0000005, ExceptionInformation=0x0000000000000008 0xffffffffa37d5120

Registers:
RAX=0x0000000054ca8788, RBX=0x0000000054ca8788, RCX=0x00000000c085dd30, RDX=0x00000000c085dd30
RSP=0x000000000244ed88, RBP=0x000000000244ede8, RSI=0x0000000000000e30, RDI=0x0000000011590000
R8 =0x000000000000188c, R9 =0x00000000ef0e33d8, R10=0x000000006f21bba0, R11=0x000000000305b700
R12=0x0000000000000000, R13=0x000000000244eda0, R14=0x0000000000000000, R15=0x00000000022ef000
RIP=0xffffffffa37d5120, EFLAGS=0x0000000000010206

Top of Stack: (sp=0x000000000244ed88)
0x000000000244ed88:   00000000027d7790 00000000027d71e0
0x000000000244ed98:   00000000027d7790 00000000c085dd30
0x000000000244eda8:   000000000244eda8 0000000054ee85ac
0x000000000244edb8:   000000000244ee60 0000000054ee8f18
0x000000000244edc8:   0000000000000000 0000000054ee8700
0x000000000244edd8:   000000000244eda0 000000000244ee58
0x000000000244ede8:   000000000244eea8 00000000027d7a01
0x000000000244edf8:   00000000c0acef48 00000000c085dd30
0x000000000244ee08:   00000000f0be5198 00000000000001e5
0x000000000244ee18:   00000000c1beee58 00000000c04d0f90
0x000000000244ee28:   00000000c0acef48 00000000c09cdb48
0x000000000244ee38:   0000000000000007 000000000000000d
0x000000000244ee48:   00000000c0250ba0 00000000f0be4e80
0x000000000244ee58:   00000000c09cdfa8 00000000c0250ba0
0x000000000244ee68:   000000000244ee68 0000000054c467c4
0x000000000244ee78:   000000000244ef00 0000000054c4d9a8 

Instructions: (pc=0xffffffffa37d5120)
0xffffffffa37d5100:   
[error occurred during error reporting (printing registers, top of stack, instructions near pc), id 0xc0000005]

Register to memory mapping:

RAX={method} {0x0000000054ca8790} 'itemType' '()Lcom/android/dx/dex/file/ItemType;' in 'com/android/dx/dex/file/AnnotationsDirectoryItem'
RBX={method} {0x0000000054ca8790} 'itemType' '()Lcom/android/dx/dex/file/ItemType;' in 'com/android/dx/dex/file/AnnotationsDirectoryItem'
RCX=0x00000000c085dd30 is an oop
com.android.dx.dex.file.AnnotationsDirectoryItem 
 - klass: 'com/android/dx/dex/file/AnnotationsDirectoryItem'
RDX=0x00000000c085dd30 is an oop
com.android.dx.dex.file.AnnotationsDirectoryItem 
 - klass: 'com/android/dx/dex/file/AnnotationsDirectoryItem'
RSP=0x000000000244ed88 is pointing into the stack for thread: 0x00000000022ef000
RBP=0x000000000244ede8 is pointing into the stack for thread: 0x00000000022ef000
RSI=0x0000000000000e30 is an unknown value
RDI=0x0000000011590000 is an unknown value
R8 =0x000000000000188c is an unknown value
R9 =0x00000000ef0e33d8 is an oop
[Ljava.lang.Object; 
 - klass: 'java/lang/Object'[]
 - length: 8614
R10=0x000000006f21bba0 is an unknown value
R11=0x000000000305b700 is at entry_point+32 in (nmethod*)0x000000000305b590
R12=0x0000000000000000 is an unknown value
R13=0x000000000244eda0 is pointing into the stack for thread: 0x00000000022ef000
R14=0x0000000000000000 is an unknown value
R15=0x00000000022ef000 is a thread


Stack: [0x0000000002350000,0x0000000002450000],  sp=0x000000000244ed88,  free space=1019k
Native frames: (J=compiled Java code, j=interpreted, Vv=VM code, C=native code)
C  0xffffffffa37d5120


---------------  P R O C E S S  ---------------

Java Threads: ( => current thread )
  0x000000005522e800 JavaThread "Service Thread" daemon [_thread_blocked, id=5552, stack(0x0000000057270000,0x0000000057370000)]
  0x000000005522c000 JavaThread "C1 CompilerThread2" daemon [_thread_blocked, id=4396, stack(0x0000000056ca0000,0x0000000056da0000)]
  0x000000005522b000 JavaThread "C2 CompilerThread1" daemon [_thread_blocked, id=5768, stack(0x0000000056ac0000,0x0000000056bc0000)]
  0x0000000055226800 JavaThread "C2 CompilerThread0" daemon [_thread_blocked, id=2476, stack(0x0000000056880000,0x0000000056980000)]
  0x0000000055222800 JavaThread "Attach Listener" daemon [_thread_blocked, id=3516, stack(0x0000000056720000,0x0000000056820000)]
  0x0000000055221000 JavaThread "Signal Dispatcher" daemon [_thread_blocked, id=3644, stack(0x0000000056600000,0x0000000056700000)]
  0x00000000551c1000 JavaThread "Finalizer" daemon [_thread_blocked, id=1912, stack(0x0000000056390000,0x0000000056490000)]
  0x00000000551c0000 JavaThread "Reference Handler" daemon [_thread_blocked, id=5848, stack(0x00000000564c0000,0x00000000565c0000)]
=>0x00000000022ef000 JavaThread "main" [_thread_in_Java, id=4368, stack(0x0000000002350000,0x0000000002450000)]

Other Threads:
  0x00000000551ba800 VMThread [stack: 0x0000000056290000,0x0000000056390000] [id=3952]
  0x0000000056da1000 WatcherThread [stack: 0x0000000057410000,0x0000000057510000] [id=2748]

VM state:synchronizing (normal execution)

VM Mutex/Monitor currently owned by a thread:  ([mutex/lock_event])
[0x00000000022ec5f0] Safepoint_lock - owner thread: 0x00000000551ba800
[0x00000000022ec670] Threads_lock - owner thread: 0x00000000551ba800

Heap:
 PSYoungGen      total 143872K, used 109707K [0x00000000eab00000, 0x00000000fda00000, 0x0000000100000000)
  eden space 129024K, 77% used [0x00000000eab00000,0x00000000f0d2e270,0x00000000f2900000)
  from space 14848K, 61% used [0x00000000f2900000,0x00000000f31f4c50,0x00000000f3780000)
  to   space 26112K, 0% used [0x00000000fc080000,0x00000000fc080000,0x00000000fda00000)
 ParOldGen       total 84992K, used 43636K [0x00000000c0000000, 0x00000000c5300000, 0x00000000eab00000)
  object space 84992K, 51% used [0x00000000c0000000,0x00000000c2a9d170,0x00000000c5300000)
 Metaspace       used 6504K, capacity 7536K, committed 7808K, reserved 1056768K
  class space    used 597K, capacity 616K, committed 640K, reserved 1048576K

Card table byte_map: [0x0000000011b90000,0x0000000011da0000] byte_map_base: 0x0000000011590000

Marking Bits: (ParMarkBitMap*) 0x000000006f234040
 Begin Bits: [0x0000000012630000, 0x0000000013630000)
 End Bits:   [0x0000000013630000, 0x0000000014630000)

Polling page: 0x0000000000240000

CodeCache: size=245760Kb used=10417Kb max_used=10449Kb free=235342Kb
 bounds [0x00000000027d0000, 0x0000000003220000, 0x00000000117d0000]
 total_blobs=2709 nmethods=2444 adapters=179
 compilation: enabled

Compilation events (10 events):
Event: 15.400 Thread 0x000000005522c000 2476       1       com.android.dx.dex.file.FieldIdItem::itemType (4 bytes)
Event: 15.400 Thread 0x000000005522c000 nmethod 2476 0x00000000031b33d0 code [0x00000000031b3520, 0x00000000031b3630]
Event: 15.400 Thread 0x000000005522c000 2477       2       com.android.dx.dex.file.MethodIdItem::itemType (4 bytes)
Event: 15.400 Thread 0x000000005522c000 nmethod 2477 0x00000000031b3690 code [0x00000000031b37e0, 0x00000000031b3930]
Event: 15.401 Thread 0x000000005522c000 2478       1       com.android.dx.dex.file.MethodIdItem::itemType (4 bytes)
Event: 15.401 Thread 0x000000005522c000 nmethod 2478 0x00000000031b39d0 code [0x00000000031b3b20, 0x00000000031b3c30]
Event: 15.402 Thread 0x000000005522c000 2479       2       com.android.dx.dex.file.ClassDefItem::itemType (4 bytes)
Event: 15.402 Thread 0x000000005522c000 nmethod 2479 0x00000000031b3c90 code [0x00000000031b3de0, 0x00000000031b3f30]
Event: 15.404 Thread 0x000000005522c000 2480       1       com.android.dx.dex.file.AnnotationsDirectoryItem::itemType (4 bytes)
Event: 15.404 Thread 0x000000005522c000 nmethod 2480 0x00000000031b3fd0 code [0x00000000031b4120, 0x00000000031b4230]

GC Heap History (10 events):
Event: 3.344 GC heap before
{Heap before GC invocations=4 (full 0):
 PSYoungGen      total 35328K, used 35315K [0x00000000eab00000, 0x00000000ef000000, 0x0000000100000000)
  eden space 32768K, 100% used [0x00000000eab00000,0x00000000ecb00000,0x00000000ecb00000)
  from space 2560K, 99% used [0x00000000ecb00000,0x00000000ecd7cd70,0x00000000ecd80000)
  to   space 2560K, 0% used [0x00000000eed80000,0x00000000eed80000,0x00000000ef000000)
 ParOldGen       total 44032K, used 9232K [0x00000000c0000000, 0x00000000c2b00000, 0x00000000eab00000)
  object space 44032K, 20% used [0x00000000c0000000,0x00000000c09041a8,0x00000000c2b00000)
 Metaspace       used 5900K, capacity 7088K, committed 7296K, reserved 1056768K
  class space    used 557K, capacity 616K, committed 640K, reserved 1048576K
Event: 3.785 GC heap after
Heap after GC invocations=4 (full 0):
 PSYoungGen      total 68096K, used 2531K [0x00000000eab00000, 0x00000000ef000000, 0x0000000100000000)
  eden space 65536K, 0% used [0x00000000eab00000,0x00000000eab00000,0x00000000eeb00000)
  from space 2560K, 98% used [0x00000000eed80000,0x00000000eeff8f30,0x00000000ef000000)
  to   space 2560K, 0% used [0x00000000eeb00000,0x00000000eeb00000,0x00000000eed80000)
 ParOldGen       total 44032K, used 14621K [0x00000000c0000000, 0x00000000c2b00000, 0x00000000eab00000)
  object space 44032K, 33% used [0x00000000c0000000,0x00000000c0e47580,0x00000000c2b00000)
 Metaspace       used 5900K, capacity 7088K, committed 7296K, reserved 1056768K
  class space    used 557K, capacity 616K, committed 640K, reserved 1048576K
}
Event: 4.557 GC heap before
{Heap before GC invocations=5 (full 0):
 PSYoungGen      total 68096K, used 68067K [0x00000000eab00000, 0x00000000ef000000, 0x0000000100000000)
  eden space 65536K, 100% used [0x00000000eab00000,0x00000000eeb00000,0x00000000eeb00000)
  from space 2560K, 98% used [0x00000000eed80000,0x00000000eeff8f30,0x00000000ef000000)
  to   space 2560K, 0% used [0x00000000eeb00000,0x00000000eeb00000,0x00000000eed80000)
 ParOldGen       total 44032K, used 14621K [0x00000000c0000000, 0x00000000c2b00000, 0x00000000eab00000)
  object space 44032K, 33% used [0x00000000c0000000,0x00000000c0e47580,0x00000000c2b00000)
 Metaspace       used 6008K, capacity 7152K, committed 7296K, reserved 1056768K
  class space    used 576K, capacity 616K, committed 640K, reserved 1048576K
Event: 4.769 GC heap after
Heap after GC invocations=5 (full 0):
 PSYoungGen      total 68096K, used 2557K [0x00000000eab00000, 0x00000000f4400000, 0x0000000100000000)
  eden space 65536K, 0% used [0x00000000eab00000,0x00000000eab00000,0x00000000eeb00000)
  from space 2560K, 99% used [0x00000000eeb00000,0x00000000eed7f748,0x00000000eed80000)
  to   space 12800K, 0% used [0x00000000f3780000,0x00000000f3780000,0x00000000f4400000)
 ParOldGen       total 44032K, used 23995K [0x00000000c0000000, 0x00000000c2b00000, 0x00000000eab00000)
  object space 44032K, 54% used [0x00000000c0000000,0x00000000c176ecb8,0x00000000c2b00000)
 Metaspace       used 6008K, capacity 7152K, committed 7296K, reserved 1056768K
  class space    used 576K, capacity 616K, committed 640K, reserved 1048576K
}
Event: 5.442 GC heap before
{Heap before GC invocations=6 (full 0):
 PSYoungGen      total 68096K, used 68093K [0x00000000eab00000, 0x00000000f4400000, 0x0000000100000000)
  eden space 65536K, 100% used [0x00000000eab00000,0x00000000eeb00000,0x00000000eeb00000)
  from space 2560K, 99% used [0x00000000eeb00000,0x00000000eed7f748,0x00000000eed80000)
  to   space 12800K, 0% used [0x00000000f3780000,0x00000000f3780000,0x00000000f4400000)
 ParOldGen       total 44032K, used 23995K [0x00000000c0000000, 0x00000000c2b00000, 0x00000000eab00000)
  object space 44032K, 54% used [0x00000000c0000000,0x00000000c176ecb8,0x00000000c2b00000)
 Metaspace       used 6047K, capacity 7152K, committed 7296K, reserved 1056768K
  class space    used 576K, capacity 616K, committed 640K, reserved 1048576K
Event: 6.554 GC heap after
Heap after GC invocations=6 (full 0):
 PSYoungGen      total 141824K, used 12737K [0x00000000eab00000, 0x00000000f4800000, 0x0000000100000000)
  eden space 129024K, 0% used [0x00000000eab00000,0x00000000eab00000,0x00000000f2900000)
  from space 12800K, 99% used [0x00000000f3780000,0x00000000f43f04a0,0x00000000f4400000)
  to   space 14848K, 0% used [0x00000000f2900000,0x00000000f2900000,0x00000000f3780000)
 ParOldGen       total 44032K, used 23995K [0x00000000c0000000, 0x00000000c2b00000, 0x00000000eab00000)
  object space 44032K, 54% used [0x00000000c0000000,0x00000000c176ecb8,0x00000000c2b00000)
 Metaspace       used 6047K, capacity 7152K, committed 7296K, reserved 1056768K
  class space    used 576K, capacity 616K, committed 640K, reserved 1048576K
}
Event: 8.060 GC heap before
{Heap before GC invocations=7 (full 0):
 PSYoungGen      total 141824K, used 141761K [0x00000000eab00000, 0x00000000f4800000, 0x0000000100000000)
  eden space 129024K, 100% used [0x00000000eab00000,0x00000000f2900000,0x00000000f2900000)
  from space 12800K, 99% used [0x00000000f3780000,0x00000000f43f04a0,0x00000000f4400000)
  to   space 14848K, 0% used [0x00000000f2900000,0x00000000f2900000,0x00000000f3780000)
 ParOldGen       total 44032K, used 23995K [0x00000000c0000000, 0x00000000c2b00000, 0x00000000eab00000)
  object space 44032K, 54% used [0x00000000c0000000,0x00000000c176ecb8,0x00000000c2b00000)
 Metaspace       used 6071K, capacity 7152K, committed 7296K, reserved 1056768K
  class space    used 576K, capacity 616K, committed 640K, reserved 1048576K
Event: 8.549 GC heap after
Heap after GC invocations=7 (full 0):
 PSYoungGen      total 143872K, used 14822K [0x00000000eab00000, 0x00000000fda00000, 0x0000000100000000)
  eden space 129024K, 0% used [0x00000000eab00000,0x00000000eab00000,0x00000000f2900000)
  from space 14848K, 99% used [0x00000000f2900000,0x00000000f3779940,0x00000000f3780000)
  to   space 26112K, 0% used [0x00000000fc080000,0x00000000fc080000,0x00000000fda00000)
 ParOldGen       total 44032K, used 41024K [0x00000000c0000000, 0x00000000c2b00000, 0x00000000eab00000)
  object space 44032K, 93% used [0x00000000c0000000,0x00000000c28100d0,0x00000000c2b00000)
 Metaspace       used 6071K, capacity 7152K, committed 7296K, reserved 1056768K
  class space    used 576K, capacity 616K, committed 640K, reserved 1048576K
}
Event: 8.549 GC heap before
{Heap before GC invocations=8 (full 1):
 PSYoungGen      total 143872K, used 14822K [0x00000000eab00000, 0x00000000fda00000, 0x0000000100000000)
  eden space 129024K, 0% used [0x00000000eab00000,0x00000000eab00000,0x00000000f2900000)
  from space 14848K, 99% used [0x00000000f2900000,0x00000000f3779940,0x00000000f3780000)
  to   space 26112K, 0% used [0x00000000fc080000,0x00000000fc080000,0x00000000fda00000)
 ParOldGen       total 44032K, used 41024K [0x00000000c0000000, 0x00000000c2b00000, 0x00000000eab00000)
  object space 44032K, 93% used [0x00000000c0000000,0x00000000c28100d0,0x00000000c2b00000)
 Metaspace       used 6071K, capacity 7152K, committed 7296K, reserved 1056768K
  class space    used 576K, capacity 616K, committed 640K, reserved 1048576K
Event: 14.043 GC heap after
Heap after GC invocations=8 (full 1):
 PSYoungGen      total 143872K, used 9171K [0x00000000eab00000, 0x00000000fda00000, 0x0000000100000000)
  eden space 129024K, 0% used [0x00000000eab00000,0x00000000eab00000,0x00000000f2900000)
  from space 14848K, 61% used [0x00000000f2900000,0x00000000f31f4c50,0x00000000f3780000)
  to   space 26112K, 0% used [0x00000000fc080000,0x00000000fc080000,0x00000000fda00000)
 ParOldGen       total 84992K, used 43636K [0x00000000c0000000, 0x00000000c5300000, 0x00000000eab00000)
  object space 84992K, 51% used [0x00000000c0000000,0x00000000c2a9d170,0x00000000c5300000)
 Metaspace       used 6071K, capacity 7152K, committed 7296K, reserved 1056768K
  class space    used 576K, capacity 616K, committed 640K, reserved 1048576K
}

Deoptimization events (10 events):
Event: 7.747 Thread 0x00000000022ef000 Uncommon trap: reason=bimorphic action=maybe_recompile pc=0x0000000002ec3678 method=com.android.dx.ssa.LiteralOpUpgrader.tryReplacingWithConstant(Lcom/android/dx/ssa/NormalSsaInsn;)Z @ 62
Event: 7.756 Thread 0x00000000022ef000 Uncommon trap: reason=bimorphic action=maybe_recompile pc=0x0000000002ec3678 method=com.android.dx.ssa.LiteralOpUpgrader.tryReplacingWithConstant(Lcom/android/dx/ssa/NormalSsaInsn;)Z @ 62
Event: 14.613 Thread 0x00000000022ef000 Uncommon trap: reason=class_check action=maybe_recompile pc=0x0000000002daaa08 method=java.util.Arrays.hashCode([Ljava/lang/Object;)I @ 43
Event: 14.613 Thread 0x00000000022ef000 Uncommon trap: reason=class_check action=maybe_recompile pc=0x0000000002daaa08 method=java.util.Arrays.hashCode([Ljava/lang/Object;)I @ 43
Event: 14.613 Thread 0x00000000022ef000 Uncommon trap: reason=class_check action=maybe_recompile pc=0x0000000002daaa08 method=java.util.Arrays.hashCode([Ljava/lang/Object;)I @ 43
Event: 14.613 Thread 0x00000000022ef000 Uncommon trap: reason=class_check action=maybe_recompile pc=0x0000000002daaa08 method=java.util.Arrays.hashCode([Ljava/lang/Object;)I @ 43
Event: 14.613 Thread 0x00000000022ef000 Uncommon trap: reason=class_check action=maybe_recompile pc=0x0000000002da5b70 method=java.util.Arrays.hashCode([Ljava/lang/Object;)I @ 43
Event: 14.956 Thread 0x00000000022ef000 Uncommon trap: reason=unstable_if action=reinterpret pc=0x000000000300824c method=java.util.TreeMap.put(Ljava/lang/Object;Ljava/lang/Object;)Ljava/lang/Object; @ 163
Event: 15.294 Thread 0x00000000022ef000 Uncommon trap: reason=unstable_if action=reinterpret pc=0x000000000302f048 method=java.util.ArrayList.<init>(I)V @ 5
Event: 15.377 Thread 0x00000000022ef000 Uncommon trap: reason=unstable_if action=reinterpret pc=0x0000000002b01f7c method=java.lang.Long.numberOfTrailingZeros(J)I @ 3

Internal exceptions (7 events):
Event: 0.070 Thread 0x00000000022ef000 Exception <a 'java/lang/NoSuchMethodError': Method sun.misc.Unsafe.defineClass(Ljava/lang/String;[BII)Ljava/lang/Class; name or signature does not match> (0x00000000eab12d80) thrown at [C:\re\workspace\8-2-build-windows-amd64-cygwin\jdk8u45\3627\hotspot\sr‚Un=ñ±?
Event: 0.070 Thread 0x00000000022ef000 Exception <a 'java/lang/NoSuchMethodError': Method sun.misc.Unsafe.prefetchRead(Ljava/lang/Object;J)V name or signature does not match> (0x00000000eab13010) thrown at [C:\re\workspace\8-2-build-windows-amd64-cygwin\jdk8u45\3627\hotspot\src\share\vm\prims\jžÍ…;?ú?
Event: 1.640 Thread 0x00000000022ef000 Implicit null exception at 0x0000000002b7c02b to 0x0000000002b7e31d
Event: 2.630 Thread 0x00000000022ef000 Implicit null exception at 0x0000000002c01452 to 0x0000000002c014f1
Event: 3.823 Thread 0x00000000022ef000 Exception <a 'java/lang/ArrayIndexOutOfBoundsException': 18> (0x00000000eab50080) thrown at [C:\re\workspace\8-2-build-windows-amd64-cygwin\jdk8u45\3627\hotspot\src\share\vm\interpreter\interpreterRuntime.cpp, line 366]
Event: 4.048 Thread 0x00000000022ef000 Exception <a 'java/lang/ArrayIndexOutOfBoundsException'> (0x00000000ec1e4fb0) thrown at [C:\re\workspace\8-2-build-windows-amd64-cygwin\jdk8u45\3627\hotspot\src\share\vm\runtime\sharedRuntime.cpp, line 605]
Event: 4.054 Thread 0x00000000022ef000 Exception <a 'java/lang/ArrayIndexOutOfBoundsException'> (0x00000000ec1e61e8) thrown at [C:\re\workspace\8-2-build-windows-amd64-cygwin\jdk8u45\3627\hotspot\src\share\vm\runtime\sharedRuntime.cpp, line 605]

Events (10 events):
Event: 15.294 Thread 0x00000000022ef000 DEOPT UNPACKING pc=0x000000000281556a sp=0x000000000244e968 mode 2
Event: 15.294 loading class com/android/dx/dex/file/DebugInfoEncoder$2
Event: 15.294 loading class com/android/dx/dex/file/DebugInfoEncoder$2 done
Event: 15.365 loading class com/android/dex/EncodedValueCodec
Event: 15.365 loading class com/android/dex/EncodedValueCodec done
Event: 15.377 Thread 0x00000000022ef000 Uncommon trap: trap_request=0xffffff65 fr.pc=0x0000000002b01f7c
Event: 15.377 Thread 0x00000000022ef000 DEOPT PACKING pc=0x0000000002b01f7c sp=0x000000000244ea90
Event: 15.377 Thread 0x00000000022ef000 DEOPT UNPACKING pc=0x000000000281556a sp=0x000000000244ea20 mode 2
Event: 15.394 loading class com/android/dx/dex/file/MapItem
Event: 15.394 loading class com/android/dx/dex/file/MapItem done


Dynamic libraries:
0x000000013f700000 - 0x000000013f737000 	C:\Program Files\Java\jdk1.8.0_45\bin\java.exe
0x00000000775b0000 - 0x0000000077759000 	C:\Windows\SYSTEM32\ntdll.dll
0x0000000077390000 - 0x00000000774af000 	C:\Windows\system32\kernel32.dll
0x000007fefd6c0000 - 0x000007fefd72b000 	C:\Windows\system32\KERNELBASE.dll
0x000007fefe240000 - 0x000007fefe31b000 	C:\Windows\system32\ADVAPI32.dll
0x000007fefda00000 - 0x000007fefda9f000 	C:\Windows\system32\msvcrt.dll
0x000007feff7d0000 - 0x000007feff7ef000 	C:\Windows\SYSTEM32\sechost.dll
0x000007fefd730000 - 0x000007fefd85d000 	C:\Windows\system32\RPCRT4.dll
0x00000000774b0000 - 0x00000000775aa000 	C:\Windows\system32\USER32.dll
0x000007fefd930000 - 0x000007fefd997000 	C:\Windows\system32\GDI32.dll
0x000007fefe230000 - 0x000007fefe23e000 	C:\Windows\system32\LPK.dll
0x000007fefd860000 - 0x000007fefd929000 	C:\Windows\system32\USP10.dll
0x000007fefbce0000 - 0x000007fefbed4000 	C:\Windows\WinSxS\amd64_microsoft.windows.common-controls_6595b64144ccf1df_6.0.7601.17514_none_fa396087175ac9ac\COMCTL32.dll
0x000007fefe320000 - 0x000007fefe391000 	C:\Windows\system32\SHLWAPI.dll
0x000007fefe3a0000 - 0x000007fefe3ce000 	C:\Windows\system32\IMM32.DLL
0x000007feff1e0000 - 0x000007feff2e9000 	C:\Windows\system32\MSCTF.dll
0x0000000070dc0000 - 0x0000000070e92000 	C:\Program Files\Java\jdk1.8.0_45\jre\bin\msvcr100.dll
0x000000006ea30000 - 0x000000006f2b3000 	C:\Program Files\Java\jdk1.8.0_45\jre\bin\server\jvm.dll
0x000007fef1cf0000 - 0x000007fef1cf9000 	C:\Windows\system32\WSOCK32.dll
0x000007feff5a0000 - 0x000007feff5ed000 	C:\Windows\system32\WS2_32.dll
0x000007feff7f0000 - 0x000007feff7f8000 	C:\Windows\system32\NSI.dll
0x000007fefa1c0000 - 0x000007fefa1fb000 	C:\Windows\system32\WINMM.dll
0x000007fefc440000 - 0x000007fefc44c000 	C:\Windows\system32\VERSION.dll
0x0000000077770000 - 0x0000000077777000 	C:\Windows\system32\PSAPI.DLL
0x0000000072d80000 - 0x0000000072d8f000 	C:\Program Files\Java\jdk1.8.0_45\jre\bin\verify.dll
0x0000000070d90000 - 0x0000000070db9000 	C:\Program Files\Java\jdk1.8.0_45\jre\bin\java.dll
0x0000000072c70000 - 0x0000000072c86000 	C:\Program Files\Java\jdk1.8.0_45\jre\bin\zip.dll
0x000007fefe450000 - 0x000007feff1d8000 	C:\Windows\system32\SHELL32.dll
0x000007feff390000 - 0x000007feff593000 	C:\Windows\system32\ole32.dll
0x000007fefd380000 - 0x000007fefd38f000 	C:\Windows\system32\profapi.dll
0x000007fef9160000 - 0x000007fef9285000 	C:\Windows\system32\dbghelp.dll

VM Arguments:
jvm_args: -Xmx1024M -Dfile.encoding=windows-1251 -Duser.country=US -Duser.language=en -Duser.variant 
java_command: com.android.dx.command.Main --dex --output D:\Common\Android_Studio\SME.01\app\build\intermediates\pre-dexed\debug\classes-38118fcf04cbef3ffd6dd00a7e6dff7a1ea1da01.jar D:\Common\Android_Studio\SME.01\app\build\intermediates\exploded-aar\com.android.support\support-v4\22.1.1\jars\classes.jar
java_class_path (initial): D:\Users\User\AppData\Local\Android\sdk1\build-tools\22.0.1\lib\dx.jar
Launcher Type: SUN_STANDARD

Environment Variables:
JAVA_HOME=C:\Program Files\Java\jdk1.7.0_79
PATH=C:\ProgramData\Oracle\Java\javapath;C:\PROGRA~2\Borland\CBUILD~1\Bin;C:\PROGRA~2\Borland\CBUILD~1\Projects\Bpl;C:\Windows\system32;C:\Windows;C:\Windows\System32\Wbem;C:\Windows\System32\WindowsPowerShell\v1.0\;C:\Program Files (x86)\Skype\Phone\;C:\Program Files (x86)\nodejs\;C:\Program Files (x86)\Microsoft SQL Server\100\Tools\Binn\;C:\Program Files\Microsoft SQL Server\100\Tools\Binn\;C:\Program Files\Microsoft SQL Server\100\DTS\Binn\;C:\Program Files (x86)\Windows Kits\8.1\Windows Performance Toolkit\;C:\Program Files\Microsoft SQL Server\110\Tools\Binn\;C:\Users\User\AppData\Roaming\npm;C:\Program Files\Java\jdk1.7.0_79\bin;D:\Grails_Groovy\grails-2.5.0\bin;D:\Grails_Groovy\groovy-2.4.3\bin;
USERNAME=User
OS=Windows_NT
PROCESSOR_IDENTIFIER=Intel64 Family 6 Model 15 Stepping 11, GenuineIntel



---------------  S Y S T E M  ---------------

OS: Windows 7 , 64 bit Build 7601 (6.1.7601.18015)

CPU:total 4 (4 cores per cpu, 1 threads per core) family 6 model 15 stepping 11, cmov, cx8, fxsr, mmx, sse, sse2, sse3, ssse3, tsc

Memory: 4k page, physical 4192824k(249892k free), swap 8383784k(2721128k free)

vm_info: Java HotSpot(TM) 64-Bit Server VM (25.45-b02) for windows-amd64 JRE (1.8.0_45-b15), built on Apr 30 2015 12:40:44 by "java_re" with MS VC++ 10.0 (VS2010)

time: Thu Jul 02 20:09:04 2015
elapsed time: 16 seconds (0d 0h 0m 16s)

