#
# A fatal error has been detected by the Java Runtime Environment:
#
#  EXCEPTION_ACCESS_VIOLATION (0xc0000005) at pc=0xffffffffa3835120, pid=5036, tid=804
#
# JRE version: Java(TM) SE Runtime Environment (8.0_45-b15) (build 1.8.0_45-b15)
# Java VM: Java HotSpot(TM) 64-Bit Server VM (25.45-b02 mixed mode windows-amd64 compressed oops)
# Problematic frame:
# C  0xffffffffa3835120
#
# Failed to write core dump. Minidumps are not enabled by default on client versions of Windows
#
# If you would like to submit a bug report, please visit:
#   http://bugreport.java.com/bugreport/crash.jsp
#

---------------  T H R E A D  ---------------

Current thread (0x000000000038f800):  JavaThread "main" [_thread_in_Java, id=804, stack(0x0000000002460000,0x0000000002560000)]

siginfo: ExceptionCode=0xc0000005, ExceptionInformation=0x0000000000000008 0xffffffffa3835120

Registers:
RAX=0x0000000054afe8c8, RBX=0x0000000054afe8c8, RCX=0x00000000eb278ec8, RDX=0x00000000eb278ec8
RSP=0x000000000255e3d8, RBP=0x000000000255e438, RSI=0x00000000546b0488, RDI=0x0000000000016428
R8 =0x0000000000000001, R9 =0x00000000eacf6ee8, R10=0x000000006b6fbba0, R11=0x0000000002999100
R12=0x0000000000000000, R13=0x000000000255e3f0, R14=0x000000000255e468, R15=0x000000000038f800
RIP=0xffffffffa3835120, EFLAGS=0x0000000000010202

Top of Stack: (sp=0x000000000255e3d8)
0x000000000255e3d8:   0000000002837450 000000000255e440
0x000000000255e3e8:   0000000002837450 00000000eb278ec8
0x000000000255e3f8:   000000000255e3f8 0000000054b05161
0x000000000255e408:   000000000255e468 0000000054b054a0
0x000000000255e418:   0000000054c37938 0000000054b051d8
0x000000000255e428:   000000000255e3f0 000000000255e460
0x000000000255e438:   000000000255e4b0 0000000002837860
0x000000000255e448:   0000000000000000 0000000000000000
0x000000000255e458:   0000000000000000 00000000ead899a0
0x000000000255e468:   00000000eb278ec8 000000000255e470
0x000000000255e478:   0000000054b06480 000000000255e4d0
0x000000000255e488:   0000000054b07208 0000000000000000
0x000000000255e498:   0000000054b064c8 000000000255e460
0x000000000255e4a8:   000000000255e4d0 000000000255e518
0x000000000255e4b8:   0000000002837860 0000000000000000
0x000000000255e4c8:   00000000eb278ec8 00000000eb278f28 

Instructions: (pc=0xffffffffa3835120)
0xffffffffa3835100:   
[error occurred during error reporting (printing registers, top of stack, instructions near pc), id 0xc0000005]

Register to memory mapping:

RAX={method} {0x0000000054afe8d0} 'size' '()I' in 'com/android/dx/util/FixedSizeList'
RBX={method} {0x0000000054afe8d0} 'size' '()I' in 'com/android/dx/util/FixedSizeList'
RCX=0x00000000eb278ec8 is an oop
com.android.dx.cf.iface.StdAttributeList 
 - klass: 'com/android/dx/cf/iface/StdAttributeList'
RDX=0x00000000eb278ec8 is an oop
com.android.dx.cf.iface.StdAttributeList 
 - klass: 'com/android/dx/cf/iface/StdAttributeList'
RSP=0x000000000255e3d8 is pointing into the stack for thread: 0x000000000038f800
RBP=0x000000000255e438 is pointing into the stack for thread: 0x000000000038f800
RSI={method} {0x00000000546b0490} '<init>' '()V' in 'java/lang/Object'
RDI=0x0000000000016428 is an unknown value
R8 =0x0000000000000001 is an unknown value
R9 =0x00000000eacf6ee8 is an oop
com.android.dx.dex.file.FieldIdsSection 
 - klass: 'com/android/dx/dex/file/FieldIdsSection'
R10=0x000000006b6fbba0 is an unknown value
R11=0x0000000002999100 is at entry_point+32 in (nmethod*)0x0000000002998f90
R12=0x0000000000000000 is an unknown value
R13=0x000000000255e3f0 is pointing into the stack for thread: 0x000000000038f800
R14=0x000000000255e468 is pointing into the stack for thread: 0x000000000038f800
R15=0x000000000038f800 is a thread


Stack: [0x0000000002460000,0x0000000002560000],  sp=0x000000000255e3d8,  free space=1016k
Native frames: (J=compiled Java code, j=interpreted, Vv=VM code, C=native code)
C  0xffffffffa3835120


---------------  P R O C E S S  ---------------

Java Threads: ( => current thread )
  0x000000005694e800 JavaThread "Service Thread" daemon [_thread_blocked, id=2740, stack(0x0000000056f90000,0x0000000057090000)]
  0x00000000568d3800 JavaThread "C1 CompilerThread2" daemon [_thread_blocked, id=3840, stack(0x0000000056e10000,0x0000000056f10000)]
  0x00000000568d2800 JavaThread "C2 CompilerThread1" daemon [_thread_blocked, id=4692, stack(0x0000000056cf0000,0x0000000056df0000)]
  0x00000000550ab000 JavaThread "C2 CompilerThread0" daemon [_thread_blocked, id=4576, stack(0x00000000567d0000,0x00000000568d0000)]
  0x00000000550a2800 JavaThread "Attach Listener" daemon [_thread_blocked, id=4648, stack(0x0000000055ed0000,0x0000000055fd0000)]
  0x00000000550a1000 JavaThread "Signal Dispatcher" daemon [_thread_blocked, id=4876, stack(0x0000000056540000,0x0000000056640000)]
  0x0000000055047000 JavaThread "Finalizer" daemon [_thread_blocked, id=3044, stack(0x0000000056320000,0x0000000056420000)]
  0x0000000055040000 JavaThread "Reference Handler" daemon [_thread_blocked, id=3688, stack(0x00000000561f0000,0x00000000562f0000)]
=>0x000000000038f800 JavaThread "main" [_thread_in_Java, id=804, stack(0x0000000002460000,0x0000000002560000)]

Other Threads:
  0x000000005503a800 VMThread [stack: 0x0000000056030000,0x0000000056130000] [id=3948]
  0x0000000056959000 WatcherThread [stack: 0x0000000057140000,0x0000000057240000] [id=1984]

VM state:not at safepoint (normal execution)

VM Mutex/Monitor currently owned by a thread: None

Heap:
 PSYoungGen      total 18944K, used 7906K [0x00000000eab00000, 0x00000000ec000000, 0x0000000100000000)
  eden space 16384K, 48% used [0x00000000eab00000,0x00000000eb2b8988,0x00000000ebb00000)
  from space 2560K, 0% used [0x00000000ebd80000,0x00000000ebd80000,0x00000000ec000000)
  to   space 2560K, 0% used [0x00000000ebb00000,0x00000000ebb00000,0x00000000ebd80000)
 ParOldGen       total 44032K, used 0K [0x00000000c0000000, 0x00000000c2b00000, 0x00000000eab00000)
  object space 44032K, 0% used [0x00000000c0000000,0x00000000c0000000,0x00000000c2b00000)
 Metaspace       used 4905K, capacity 6320K, committed 6528K, reserved 1056768K
  class space    used 539K, capacity 616K, committed 640K, reserved 1048576K

Card table byte_map: [0x0000000011bf0000,0x0000000011e00000] byte_map_base: 0x00000000115f0000

Marking Bits: (ParMarkBitMap*) 0x000000006b714040
 Begin Bits: [0x00000000124b0000, 0x00000000134b0000)
 End Bits:   [0x00000000134b0000, 0x00000000144b0000)

Polling page: 0x0000000000340000

CodeCache: size=245760Kb used=1690Kb max_used=1702Kb free=244069Kb
 bounds [0x0000000002830000, 0x0000000002aa0000, 0x0000000011830000]
 total_blobs=572 nmethods=310 adapters=177
 compilation: enabled

Compilation events (10 events):
Event: 0.392 Thread 0x00000000568d3800 nmethod 281 0x00000000029c1910 code [0x00000000029c2220, 0x00000000029c7d08]
Event: 0.392 Thread 0x00000000568d3800  292       2       com.android.dx.rop.cst.Constant::compareTo (33 bytes)
Event: 0.392 Thread 0x00000000568d3800 nmethod 292 0x00000000029bc350 code [0x00000000029bc4e0, 0x00000000029bc758]
Event: 0.392 Thread 0x00000000568d3800  290       1       com.android.dx.rop.cst.CstNat::getName (5 bytes)
Event: 0.392 Thread 0x00000000568d3800 nmethod 290 0x00000000029bc090 code [0x00000000029bc1e0, 0x00000000029bc2f0]
Event: 0.393 Thread 0x00000000568d3800  295       3       com.android.dx.rop.cst.Constant::compareTo (9 bytes)
Event: 0.393 Thread 0x00000000568d3800 nmethod 295 0x00000000029c0b50 code [0x00000000029c0d20, 0x00000000029c15f8]
Event: 0.393 Thread 0x00000000568d3800  309       1       com.android.dx.util.FixedSizeList::size (6 bytes)
Event: 0.393 Thread 0x00000000568d3800 nmethod 309 0x00000000029c0850 code [0x00000000029c09a0, 0x00000000029c0ab0]
Event: 0.393 Thread 0x00000000568d3800  296       3       com.android.dx.rop.cst.CstType::compareTo0 (25 bytes)

GC Heap History (0 events):
No events

Deoptimization events (0 events):
No events

Internal exceptions (2 events):
Event: 0.040 Thread 0x000000000038f800 Exception <a 'java/lang/NoSuchMethodError': Method sun.misc.Unsafe.defineClass(Ljava/lang/String;[BII)Ljava/lang/Class; name or signature does not match> (0x00000000eab12d80) thrown at [C:\re\workspace\8-2-build-windows-amd64-cygwin\jdk8u45\3627\hotspot\sróAô0a‰¤?
Event: 0.040 Thread 0x000000000038f800 Exception <a 'java/lang/NoSuchMethodError': Method sun.misc.Unsafe.prefetchRead(Ljava/lang/Object;J)V name or signature does not match> (0x00000000eab13010) thrown at [C:\re\workspace\8-2-build-windows-amd64-cygwin\jdk8u45\3627\hotspot\src\share\vm\prims\j

Events (10 events):
Event: 0.379 loading class com/android/dx/dex/file/CodeItem
Event: 0.379 loading class com/android/dx/dex/file/CodeItem done
Event: 0.380 loading class java/io/PrintWriter
Event: 0.380 loading class java/io/PrintWriter done
Event: 0.380 loading class com/android/dx/dex/file/DebugInfoItem
Event: 0.380 loading class com/android/dx/dex/file/DebugInfoItem done
Event: 0.381 loading class com/android/dx/rop/annotation/AnnotationsList
Event: 0.381 loading class com/android/dx/rop/annotation/AnnotationsList done
Event: 0.381 loading class com/android/dx/dex/file/MethodIdItem
Event: 0.381 loading class com/android/dx/dex/file/MethodIdItem done


Dynamic libraries:
0x000000013fe30000 - 0x000000013fe67000 	C:\Program Files\Java\jdk1.8.0_45\bin\java.exe
0x00000000775b0000 - 0x0000000077759000 	C:\Windows\SYSTEM32\ntdll.dll
0x0000000077390000 - 0x00000000774af000 	C:\Windows\system32\kernel32.dll
0x000007fefd6c0000 - 0x000007fefd72b000 	C:\Windows\system32\KERNELBASE.dll
0x000007fefe240000 - 0x000007fefe31b000 	C:\Windows\system32\ADVAPI32.dll
0x000007fefda00000 - 0x000007fefda9f000 	C:\Windows\system32\msvcrt.dll
0x000007feff7d0000 - 0x000007feff7ef000 	C:\Windows\SYSTEM32\sechost.dll
0x000007fefd730000 - 0x000007fefd85d000 	C:\Windows\system32\RPCRT4.dll
0x00000000774b0000 - 0x00000000775aa000 	C:\Windows\system32\USER32.dll
0x000007fefd930000 - 0x000007fefd997000 	C:\Windows\system32\GDI32.dll
0x000007fefe230000 - 0x000007fefe23e000 	C:\Windows\system32\LPK.dll
0x000007fefd860000 - 0x000007fefd929000 	C:\Windows\system32\USP10.dll
0x000007fefbce0000 - 0x000007fefbed4000 	C:\Windows\WinSxS\amd64_microsoft.windows.common-controls_6595b64144ccf1df_6.0.7601.17514_none_fa396087175ac9ac\COMCTL32.dll
0x000007fefe320000 - 0x000007fefe391000 	C:\Windows\system32\SHLWAPI.dll
0x000007fefe3a0000 - 0x000007fefe3ce000 	C:\Windows\system32\IMM32.DLL
0x000007feff1e0000 - 0x000007feff2e9000 	C:\Windows\system32\MSCTF.dll
0x000000006b7a0000 - 0x000000006b872000 	C:\Program Files\Java\jdk1.8.0_45\jre\bin\msvcr100.dll
0x000000006af10000 - 0x000000006b793000 	C:\Program Files\Java\jdk1.8.0_45\jre\bin\server\jvm.dll
0x000007fef1cf0000 - 0x000007fef1cf9000 	C:\Windows\system32\WSOCK32.dll
0x000007feff5a0000 - 0x000007feff5ed000 	C:\Windows\system32\WS2_32.dll
0x000007feff7f0000 - 0x000007feff7f8000 	C:\Windows\system32\NSI.dll
0x000007fefa1c0000 - 0x000007fefa1fb000 	C:\Windows\system32\WINMM.dll
0x000007fefc440000 - 0x000007fefc44c000 	C:\Windows\system32\VERSION.dll
0x0000000077770000 - 0x0000000077777000 	C:\Windows\system32\PSAPI.DLL
0x000000006c700000 - 0x000000006c70f000 	C:\Program Files\Java\jdk1.8.0_45\jre\bin\verify.dll
0x000000006b930000 - 0x000000006b959000 	C:\Program Files\Java\jdk1.8.0_45\jre\bin\java.dll
0x000000006b910000 - 0x000000006b926000 	C:\Program Files\Java\jdk1.8.0_45\jre\bin\zip.dll
0x000007fefe450000 - 0x000007feff1d8000 	C:\Windows\system32\SHELL32.dll
0x000007feff390000 - 0x000007feff593000 	C:\Windows\system32\ole32.dll
0x000007fefd380000 - 0x000007fefd38f000 	C:\Windows\system32\profapi.dll
0x000007fef9160000 - 0x000007fef9285000 	C:\Windows\system32\dbghelp.dll

VM Arguments:
jvm_args: -Xmx1024M -Dfile.encoding=windows-1251 -Duser.country=US -Duser.language=en -Duser.variant 
java_command: com.android.dx.command.Main --dex --output D:\Common\Android_Studio\SME.01\app\build\intermediates\dex\debug D:\Common\Android_Studio\SME.01\app\build\intermediates\classes\debug D:\Common\Android_Studio\SME.01\app\build\intermediates\pre-dexed\debug\support-annotations-22.1.1-41ab8513b7f80be0975518415e60e00679e0c6f7.jar D:\Common\Android_Studio\SME.01\app\build\intermediates\pre-dexed\debug\internal_impl-22.1.1-5d0479b0cc14f3ee6b53255008b2be1ce46dd164.jar D:\Common\Android_Studio\SME.01\app\build\intermediates\pre-dexed\debug\classes-b4764924845c4990dd1c7b8ee71f67ad756e731b.jar D:\Common\Android_Studio\SME.01\app\build\intermediates\pre-dexed\debug\classes-38118fcf04cbef3ffd6dd00a7e6dff7a1ea1da01.jar
java_class_path (initial): D:\Users\User\AppData\Local\Android\sdk1\build-tools\22.0.1\lib\dx.jar
Launcher Type: SUN_STANDARD

Environment Variables:
JAVA_HOME=C:\Program Files\Java\jdk1.7.0_79
PATH=C:\ProgramData\Oracle\Java\javapath;C:\PROGRA~2\Borland\CBUILD~1\Bin;C:\PROGRA~2\Borland\CBUILD~1\Projects\Bpl;C:\Windows\system32;C:\Windows;C:\Windows\System32\Wbem;C:\Windows\System32\WindowsPowerShell\v1.0\;C:\Program Files (x86)\Skype\Phone\;C:\Program Files (x86)\nodejs\;C:\Program Files (x86)\Microsoft SQL Server\100\Tools\Binn\;C:\Program Files\Microsoft SQL Server\100\Tools\Binn\;C:\Program Files\Microsoft SQL Server\100\DTS\Binn\;C:\Program Files (x86)\Windows Kits\8.1\Windows Performance Toolkit\;C:\Program Files\Microsoft SQL Server\110\Tools\Binn\;C:\Users\User\AppData\Roaming\npm;C:\Program Files\Java\jdk1.7.0_79\bin;D:\Grails_Groovy\grails-2.5.0\bin;D:\Grails_Groovy\groovy-2.4.3\bin;
USERNAME=User
OS=Windows_NT
PROCESSOR_IDENTIFIER=Intel64 Family 6 Model 15 Stepping 11, GenuineIntel



---------------  S Y S T E M  ---------------

OS: Windows 7 , 64 bit Build 7601 (6.1.7601.18015)

CPU:total 4 (4 cores per cpu, 1 threads per core) family 6 model 15 stepping 11, cmov, cx8, fxsr, mmx, sse, sse2, sse3, ssse3, tsc

Memory: 4k page, physical 4192824k(396880k free), swap 8383784k(3317728k free)

vm_info: Java HotSpot(TM) 64-Bit Server VM (25.45-b02) for windows-amd64 JRE (1.8.0_45-b15), built on Apr 30 2015 12:40:44 by "java_re" with MS VC++ 10.0 (VS2010)

time: Thu Jul 02 16:08:14 2015
elapsed time: 0 seconds (0d 0h 0m 0s)

